

[ 2024-01-12 ]
#***************************************************************************#
#                          READ OS INFORMATION                              #
#---------------------------------------------------------------------------#
# HostName         : DESKTOP-4UOGKC4                                        # // spasi ada 55 dari : ke #
# Operating System : Linux                                                  #
# Version          : #1 SMP Thu Oct 5 21:02:42 UTC 2023                     #
# AArchitecture    : x86_64                                                 #
#***************************************************************************#
[ 2024-01-12 17:28:58 ] Run On PID:178643
#***************************************************************************#
#                          READ OS INFORMATION                              #
#---------------------------------------------------------------------------#
# HostName         : DESKTOP-4UOGKC4                                        #
# Operating System : Linux                                                  #
# Version          : #1 SMP Thu Oct 5 21:02:42 UTC 2023                     #
# Architecture     : x86_64                                                 #
#***************************************************************************#

[ 2024-01-12 17:29:16 ] Run On PID: 178737
#***************************************************************************#
#                          READ OS INFORMATION                              #
#---------------------------------------------------------------------------#
# HostName         : DESKTOP-4UOGKC4                                        #
# Operating System : Linux                                                  #
# Version          : #1 SMP Thu Oct 5 21:02:42 UTC 2023                     #
# Architecture     : x86_64                                                 #
#***************************************************************************#

