[33m[2024-01-31 09:22:03] [0m [32m8=FIXT.1.1 | 9=0070 | 35=A | 34=1 | 49=IDX | 56=VP | 52=20240131-02:22:03.700996 | 98=0 | 108=15 | 1137=8 | 10=016 | [0m
[33m[2024-01-31 09:22:03] [0m [32m8=FIXT.1.1 | 9=0060 | 35=2 | 34=2 | 49=IDX | 56=VP | 52=20240131-02:22:03.700996 | 7=1 | 16=0 | 10=030 | [0m
[33m[2024-01-31 09:22:07] [0m [32m8=FIXT.1.1 | 9=0338 | 35=AP | 34=3 | 49=IDX | 56=VP | 52=20240131-02:22:07.399215 | 721=33727 | 710=20180208RPy4sn1ygt7d | 715=20240131 | 453=1 | 448=AD | 447=C | 452=7 | 753=9 | 707=POOL-LMT | 708=1000000000000 | 707=POOL-USD | 708=0 | 707=POOL-TRD | 708=0 | 707=EQTY-LMT | 708=1000000000000 | 707=EQTY-USD | 708=0 | 707=EQTY-TRD | 708=0 | 707=DRVS-LMT | 708=1000000000000 | 707=DRVS-USD | 708=0 | 707=DRVS-TRD | 708=0 | 10=200 | [0m
[33m[2024-01-31 09:22:21] [0m [32m8=FIXT.1.1 | 9=0051 | 35=0 | 34=4 | 49=IDX | 56=VP | 52=20240131-02:22:22.000090 | 10=142 | [0m
[33m[2024-01-31 09:22:27] [0m [32m8=FIXT.1.1 | 9=0177 | 35=AR | 34=5 | 49=IDX | 56=VP | 52=20240131-02:22:27.327799 | 571=235325q35q4646 | 856=3 | 939=1 | 17=1 | 60=20240131-02:22:27.327799 | 751=99 | 572=20240131 | 58=(1498): Invalid TradeReportRefID(572) | 10=138 | [0m
[33m[2024-01-31 09:22:27] [0m [32m8=FIXT.1.1 | 9=0338 | 35=AP | 34=6 | 49=IDX | 56=VP | 52=20240131-02:22:27.428263 | 721=33747 | 710=20180208RPy4sn1ygt7d | 715=20240131 | 453=1 | 448=AD | 447=C | 452=7 | 753=9 | 707=POOL-LMT | 708=1000000000000 | 707=POOL-USD | 708=0 | 707=POOL-TRD | 708=0 | 707=EQTY-LMT | 708=1000000000000 | 707=EQTY-USD | 708=0 | 707=EQTY-TRD | 708=0 | 707=DRVS-LMT | 708=1000000000000 | 707=DRVS-USD | 708=0 | 707=DRVS-TRD | 708=0 | 10=203 | [0m
[33m[2024-01-31 09:42:17] [0m [31m   error read on read_complete(): End of file[0m
[33m[2024-01-31 09:45:08] [0m [31m   error read on read_complete(): End of file[0m
[33m[2024-01-31 09:47:08] [0m [31m   error read on read_complete(): End of file[0m
[33m[2024-01-31 09:50:47] [0m [31m   error read on read_complete(): End of file[0m
[33m[2024-01-31 09:52:47] [0m [31m   error read on read_complete(): End of file[0m
[33m[2024-01-31 09:53:17] [0m [32m8=FIXT.1.1 | 9=0070 | 35=A | 34=7 | 49=IDX | 56=VP | 52=20240131-02:53:17.947828 | 98=0 | 108=15 | 1137=8 | 10=038 | [0m
[33m[2024-01-31 09:53:22] [0m [32m8=FIXT.1.1 | 9=0338 | 35=AP | 34=8 | 49=IDX | 56=VP | 52=20240131-02:53:22.859389 | 721=35602 | 710=20180208RPy4sn1ygt7d | 715=20240131 | 453=1 | 448=AD | 447=C | 452=7 | 753=9 | 707=POOL-LMT | 708=1000000000000 | 707=POOL-USD | 708=0 | 707=POOL-TRD | 708=0 | 707=EQTY-LMT | 708=1000000000000 | 707=EQTY-USD | 708=0 | 707=EQTY-TRD | 708=0 | 707=DRVS-LMT | 708=1000000000000 | 707=DRVS-USD | 708=0 | 707=DRVS-TRD | 708=0 | 10=213 | [0m
[33m[2024-01-31 09:53:36] [0m [32m8=FIXT.1.1 | 9=0051 | 35=0 | 34=9 | 49=IDX | 56=VP | 52=20240131-02:53:37.000080 | 10=156 | [0m
[33m[2024-01-31 09:53:42] [0m [32m8=FIXT.1.1 | 9=0339 | 35=AP | 34=10 | 49=IDX | 56=VP | 52=20240131-02:53:42.884644 | 721=35622 | 710=20180208RPy4sn1ygt7d | 715=20240131 | 453=1 | 448=AD | 447=C | 452=7 | 753=9 | 707=POOL-LMT | 708=1000000000000 | 707=POOL-USD | 708=0 | 707=POOL-TRD | 708=0 | 707=EQTY-LMT | 708=1000000000000 | 707=EQTY-USD | 708=0 | 707=EQTY-TRD | 708=0 | 707=DRVS-LMT | 708=1000000000000 | 707=DRVS-USD | 708=0 | 707=DRVS-TRD | 708=0 | 10=251 | [0m
[33m[2024-01-31 09:53:56] [0m [32m8=FIXT.1.1 | 9=0052 | 35=0 | 34=11 | 49=IDX | 56=VP | 52=20240131-02:53:57.000073 | 10=202 | [0m
[33m[2024-01-31 09:54:02] [0m [32m8=FIXT.1.1 | 9=0339 | 35=AP | 34=12 | 49=IDX | 56=VP | 52=20240131-02:54:02.913691 | 721=35642 | 710=20180208RPy4sn1ygt7d | 715=20240131 | 453=1 | 448=AD | 447=C | 452=7 | 753=9 | 707=POOL-LMT | 708=1000000000000 | 707=POOL-USD | 708=0 | 707=POOL-TRD | 708=0 | 707=EQTY-LMT | 708=1000000000000 | 707=EQTY-USD | 708=0 | 707=EQTY-TRD | 708=0 | 707=DRVS-LMT | 708=1000000000000 | 707=DRVS-USD | 708=0 | 707=DRVS-TRD | 708=0 | 10=247 | [0m
[33m[2024-01-31 09:54:16] [0m [32m8=FIXT.1.1 | 9=0052 | 35=0 | 34=13 | 49=IDX | 56=VP | 52=20240131-02:54:17.000080 | 10=199 | [0m
[33m[2024-01-31 09:54:22] [0m [32m8=FIXT.1.1 | 9=0339 | 35=AP | 34=14 | 49=IDX | 56=VP | 52=20240131-02:54:22.946856 | 721=35662 | 710=20180208RPy4sn1ygt7d | 715=20240131 | 453=1 | 448=AD | 447=C | 452=7 | 753=9 | 707=POOL-LMT | 708=1000000000000 | 707=POOL-USD | 708=0 | 707=POOL-TRD | 708=0 | 707=EQTY-LMT | 708=1000000000000 | 707=EQTY-USD | 708=0 | 707=EQTY-TRD | 708=0 | 707=DRVS-LMT | 708=1000000000000 | 707=DRVS-USD | 708=0 | 707=DRVS-TRD | 708=0 | 10=006 | [0m
[33m[2024-01-31 09:54:36] [0m [32m8=FIXT.1.1 | 9=0052 | 35=0 | 34=15 | 49=IDX | 56=VP | 52=20240131-02:54:37.000026 | 10=203 | [0m
[33m[2024-01-31 09:54:45] [0m [32m8=FIXT.1.1 | 9=0339 | 35=AP | 34=16 | 49=IDX | 56=VP | 52=20240131-02:54:43.341659 | 721=35683 | 710=20180208RPy4sn1ygt7d | 715=20240131 | 453=1 | 448=AD | 447=C | 452=7 | 753=9 | 707=POOL-LMT | 708=1000000000000 | 707=POOL-USD | 708=0 | 707=POOL-TRD | 708=0 | 707=EQTY-LMT | 708=1000000000000 | 707=EQTY-USD | 708=0 | 707=EQTY-TRD | 708=0 | 707=DRVS-LMT | 708=1000000000000 | 707=DRVS-USD | 708=0 | 707=DRVS-TRD | 708=0 | 10=004 | [0m
[33m[2024-01-31 09:54:57] [0m [32m8=FIXT.1.1 | 9=0052 | 35=0 | 34=17 | 49=IDX | 56=VP | 52=20240131-02:54:58.000077 | 10=214 | [0m
[33m[2024-01-31 09:55:02] [0m [32m8=FIXT.1.1 | 9=0339 | 35=AP | 34=18 | 49=IDX | 56=VP | 52=20240131-02:55:02.904606 | 721=35702 | 710=20180208RPy4sn1ygt7d | 715=20240131 | 453=1 | 448=AD | 447=C | 452=7 | 753=9 | 707=POOL-LMT | 708=1000000000000 | 707=POOL-USD | 708=0 | 707=POOL-TRD | 708=0 | 707=EQTY-LMT | 708=1000000000000 | 707=EQTY-USD | 708=0 | 707=EQTY-TRD | 708=0 | 707=DRVS-LMT | 708=1000000000000 | 707=DRVS-USD | 708=0 | 707=DRVS-TRD | 708=0 | 10=247 | [0m
[33m[2024-01-31 09:55:16] [0m [32m8=FIXT.1.1 | 9=0052 | 35=0 | 34=19 | 49=IDX | 56=VP | 52=20240131-02:55:17.000084 | 10=210 | [0m
[33m[2024-01-31 09:55:22] [0m [32m8=FIXT.1.1 | 9=0339 | 35=AP | 34=20 | 49=IDX | 56=VP | 52=20240131-02:55:22.930144 | 721=35722 | 710=20180208RPy4sn1ygt7d | 715=20240131 | 453=1 | 448=AD | 447=C | 452=7 | 753=9 | 707=POOL-LMT | 708=1000000000000 | 707=POOL-USD | 708=0 | 707=POOL-TRD | 708=0 | 707=EQTY-LMT | 708=1000000000000 | 707=EQTY-USD | 708=0 | 707=EQTY-TRD | 708=0 | 707=DRVS-LMT | 708=1000000000000 | 707=DRVS-USD | 708=0 | 707=DRVS-TRD | 708=0 | 10=240 | [0m
[33m[2024-01-31 10:04:55] [0m [31m   error read on read_complete(): End of file[0m
[33m[2024-01-31 10:06:55] [0m [31m   error read on read_complete(): End of file[0m
[33m[2024-01-31 10:08:55] [0m [31m   error read on read_complete(): End of file[0m
[33m[2024-01-31 10:10:56] [0m [31m   error read on read_complete(): End of file[0m
[33m[2024-01-31 10:14:43] [0m [31m   error read on read_complete(): End of file[0m
[33m[2024-01-31 10:16:44] [0m [31m   error read on read_complete(): End of file[0m
[33m[2024-01-31 10:18:44] [0m [31m   error read on read_complete(): End of file[0m
[33m[2024-01-31 10:20:45] [0m [31m   error read on read_complete(): End of file[0m
[33m[2024-01-31 10:24:41] [0m [31m   error read on read_complete(): End of file[0m
[33m[2024-01-31 10:26:42] [0m [31m   error read on read_complete(): End of file[0m
[33m[2024-01-31 10:29:26] [0m [31m   error read on read_complete(): End of file[0m
[33m[2024-01-31 10:31:27] [0m [31m   error read on read_complete(): End of file[0m
[33m[2024-01-31 10:33:27] [0m [31m   error read on read_complete(): End of file[0m
[33m[2024-01-31 10:35:28] [0m [31m   error read on read_complete(): End of file[0m
[33m[2024-01-31 10:37:29] [0m [31m   error read on read_complete(): End of file[0m
[33m[2024-01-31 10:39:29] [0m [31m   error read on read_complete(): End of file[0m
[33m[2024-01-31 10:41:30] [0m [31m   error read on read_complete(): End of file[0m
[33m[2024-01-31 18:01:10] [0m [31m   error read on read_complete(): End of file[0m
[33m[2024-01-31 18:09:39] [0m [31m   error read on read_complete(): End of file[0m
[33m[2024-01-31 18:21:35] [0m [31m   error read on read_complete(): End of file[0m
