[33m[2024-01-20 15:02:51] [0m [32m8=FIXT.1.1 | 9=0070 | 35=A | 34=1 | 49=IDX | 56=VP | 52=20240120-08:02:51.411147 | 98=0 | 108=45 | 1137=8 | 10=011 | 8=FIXT.1.1 | 9=0060 | 35=2 | 34=2 | 49=IDX | 56=VP | 52=20240120-08:02:51.411147 | 7=1 | 16=0 | 10=022 | [0m
[33m[2024-01-20 15:03:36] [0m [32m8=FIXT.1.1 | 9=0051 | 35=0 | 34=3 | 49=IDX | 56=VP | 52=20240120-08:03:36.000025 | 10=147 | [0m
[33m[2024-01-20 15:03:58] [0m [32m8=FIXT.1.1 | 9=0060 | 35=2 | 34=4 | 49=IDX | 56=VP | 52=20240120-08:03:58.000072 | 7=1 | 16=0 | 10=023 | 8=FIXT.1.1 | 9=0072 | 35=1 | 34=5 | 49=IDX | 56=VP | 52=20240120-08:03:58.000072 | 112=JHiXwRbms3VRpaZz | 10=079 | [0m
[33m[2024-01-20 15:18:09] [0m [32m8=FIXT.1.1 | 9=0113 | 35=5 | 34=11 | 49=IDX | 56=VP | 52=20240120-08:18:09.273598 | 58=(1479): MsgSeqNum(34) too low, expecting 9 but received 3 | 10=191 | [0m
[33m[2024-01-20 15:18:09] [0m [31m   error read on read_complete(): End of file[0m
[33m[2024-01-20 15:18:27] [0m [32m8=FIXT.1.1 | 9=0071 | 35=A | 34=12 | 49=IDX | 56=VP | 52=20240120-08:18:27.776801 | 98=0 | 108=45 | 1137=8 | 10=083 | 8=FIXT.1.1 | 9=0061 | 35=2 | 34=13 | 49=IDX | 56=VP | 52=20240120-08:18:27.776801 | 7=9 | 16=0 | 10=102 | [0m
[33m[2024-01-20 15:19:12] [0m [32m8=FIXT.1.1 | 9=0052 | 35=0 | 34=14 | 49=IDX | 56=VP | 52=20240120-08:19:12.000065 | 10=203 | [0m
[33m[2024-01-20 15:19:34] [0m [32m8=FIXT.1.1 | 9=0061 | 35=2 | 34=15 | 49=IDX | 56=VP | 52=20240120-08:19:34.000081 | 7=9 | 16=0 | 10=083 | 8=FIXT.1.1 | 9=0073 | 35=1 | 34=16 | 49=IDX | 56=VP | 52=20240120-08:19:34.000081 | 112=LKC3wzw2gpfViE86 | 10=251 | [0m
[33m[2024-01-20 15:20:51] [0m [32m8=FIXT.1.1 | 9=0071 | 35=A | 34=17 | 49=IDX | 56=VP | 52=20240120-08:20:51.579255 | 98=0 | 108=45 | 1137=8 | 10=082 | 8=FIXT.1.1 | 9=0061 | 35=2 | 34=18 | 49=IDX | 56=VP | 52=20240120-08:20:51.579255 | 7=9 | 16=0 | 10=101 | [0m
[33m[2024-01-20 15:21:37] [0m [32m8=FIXT.1.1 | 9=0071 | 35=A | 34=19 | 49=IDX | 56=VP | 52=20240120-08:21:37.428244 | 98=0 | 108=45 | 1137=8 | 10=080 | 8=FIXT.1.1 | 9=0061 | 35=2 | 34=20 | 49=IDX | 56=VP | 52=20240120-08:21:37.428244 | 7=9 | 16=0 | 10=090 | [0m
[33m[2024-01-20 15:22:57] [0m [32m8=FIXT.1.1 | 9=0071 | 35=A | 34=21 | 49=IDX | 56=VP | 52=20240120-08:22:57.197658 | 98=0 | 108=45 | 1137=8 | 10=088 | 8=FIXT.1.1 | 9=0061 | 35=2 | 34=22 | 49=IDX | 56=VP | 52=20240120-08:22:57.197658 | 7=9 | 16=0 | 10=107 | [0m
[33m[2024-01-20 15:23:42] [0m [32m8=FIXT.1.1 | 9=0052 | 35=0 | 34=23 | 49=IDX | 56=VP | 52=20240120-08:23:42.000075 | 10=202 | [0m
[33m[2024-01-20 15:24:11] [0m [32m8=FIXT.1.1 | 9=0071 | 35=A | 34=24 | 49=IDX | 56=VP | 52=20240120-08:24:11.233392 | 98=0 | 108=45 | 1137=8 | 10=069 | 8=FIXT.1.1 | 9=0061 | 35=2 | 34=25 | 49=IDX | 56=VP | 52=20240120-08:24:11.233392 | 7=9 | 16=0 | 10=088 | [0m
[33m[2024-01-20 15:24:56] [0m [32m8=FIXT.1.1 | 9=0052 | 35=0 | 34=26 | 49=IDX | 56=VP | 52=20240120-08:24:56.000080 | 10=207 | [0m
[33m[2024-01-20 15:25:32] [0m [32m8=FIXT.1.1 | 9=0071 | 35=A | 34=27 | 49=IDX | 56=VP | 52=20240120-08:25:32.772984 | 98=0 | 108=45 | 1137=8 | 10=091 | 8=FIXT.1.1 | 9=0061 | 35=2 | 34=28 | 49=IDX | 56=VP | 52=20240120-08:25:32.772984 | 7=9 | 16=0 | 10=110 | [0m
[33m[2024-01-20 15:26:55] [0m [32m8=FIXT.1.1 | 9=0071 | 35=A | 34=29 | 49=IDX | 56=VP | 52=20240120-08:26:55.463624 | 98=0 | 108=45 | 1137=8 | 10=087 | 8=FIXT.1.1 | 9=0061 | 35=2 | 34=30 | 49=IDX | 56=VP | 52=20240120-08:26:55.463624 | 7=9 | 16=0 | 10=097 | [0m
[33m[2024-01-20 15:27:40] [0m [32m8=FIXT.1.1 | 9=0052 | 35=0 | 34=31 | 49=IDX | 56=VP | 52=20240120-08:27:40.000091 | 10=201 | [0m
[33m[2024-01-20 15:28:02] [0m [32m8=FIXT.1.1 | 9=0061 | 35=2 | 34=32 | 49=IDX | 56=VP | 52=20240120-08:28:02.000078 | 7=9 | 16=0 | 10=083 | 8=FIXT.1.1 | 9=0073 | 35=1 | 34=33 | 49=IDX | 56=VP | 52=20240120-08:28:02.000078 | 112=iu731/68NPY3PJQR | 10=034 | [0m
[33m[2024-01-20 15:28:47] [0m [32m8=FIXT.1.1 | 9=0083 | 35=5 | 34=34 | 49=IDX | 56=VP | 52=20240120-08:28:47.000068 | 58=No response to test request | 10=228 | [0m
[33m[2024-01-20 15:28:47] [0m [31m   error read on read_complete(): End of file[0m
[33m[2024-01-20 15:31:25] [0m [32m8=FIXT.1.1 | 9=0115 | 35=5 | 34=42 | 49=IDX | 56=VP | 52=20240120-08:31:25.379632 | 58=(1479): MsgSeqNum(34) too low, expecting 22 but received 17 | 10=026 | [0m
[33m[2024-01-20 15:31:25] [0m [31m   error read on read_complete(): End of file[0m
[33m[2024-01-20 15:31:54] [0m [32m8=FIXT.1.1 | 9=0071 | 35=A | 34=43 | 49=IDX | 56=VP | 52=20240120-08:31:53.928019 | 98=0 | 108=45 | 1137=8 | 10=081 | 8=FIXT.1.1 | 9=0062 | 35=2 | 34=44 | 49=IDX | 56=VP | 52=20240120-08:31:53.928019 | 7=22 | 16=0 | 10=144 | [0m
[33m[2024-01-20 15:32:38] [0m [32m8=FIXT.1.1 | 9=0052 | 35=0 | 34=45 | 49=IDX | 56=VP | 52=20240120-08:32:38.000078 | 10=214 | [0m
[33m[2024-01-20 15:33:00] [0m [32m8=FIXT.1.1 | 9=0062 | 35=2 | 34=46 | 49=IDX | 56=VP | 52=20240120-08:33:00.000080 | 7=22 | 16=0 | 10=119 | 8=FIXT.1.1 | 9=0073 | 35=1 | 34=47 | 49=IDX | 56=VP | 52=20240120-08:33:00.000080 | 112=hShIADjB4rBa3Yey | 10=237 | [0m
[33m[2024-01-20 15:33:45] [0m [32m8=FIXT.1.1 | 9=0083 | 35=5 | 34=48 | 49=IDX | 56=VP | 52=20240120-08:33:45.000066 | 58=No response to test request | 10=225 | [0m
[33m[2024-01-20 15:33:45] [0m [31m   error read on read_complete(): End of file[0m
[33m[2024-01-20 15:34:37] [0m [32m8=FIXT.1.1 | 9=0071 | 35=A | 34=49 | 49=IDX | 56=VP | 52=20240120-08:34:37.957974 | 98=0 | 108=45 | 1137=8 | 10=104 | 8=FIXT.1.1 | 9=0062 | 35=2 | 34=50 | 49=IDX | 56=VP | 52=20240120-08:34:37.957974 | 7=22 | 16=0 | 10=158 | [0m
[33m[2024-01-20 15:35:22] [0m [32m8=FIXT.1.1 | 9=0052 | 35=0 | 34=51 | 49=IDX | 56=VP | 52=20240120-08:35:22.000080 | 10=200 | [0m
[33m[2024-01-20 15:35:44] [0m [32m8=FIXT.1.1 | 9=0062 | 35=2 | 34=52 | 49=IDX | 56=VP | 52=20240120-08:35:44.000071 | 7=22 | 16=0 | 10=126 | 8=FIXT.1.1 | 9=0073 | 35=1 | 34=53 | 49=IDX | 56=VP | 52=20240120-08:35:44.000071 | 112=PHtJq80IqhgOmfet | 10=087 | [0m
[33m[2024-01-20 15:36:29] [0m [32m8=FIXT.1.1 | 9=0083 | 35=5 | 34=54 | 49=IDX | 56=VP | 52=20240120-08:36:29.000085 | 58=No response to test request | 10=228 | [0m
[33m[2024-01-20 15:36:29] [0m [31m   error read on read_complete(): End of file[0m
[33m[2024-01-20 15:45:13] [0m [32m8=FIXT.1.1 | 9=0071 | 35=A | 34=55 | 49=IDX | 56=VP | 52=20240120-08:45:13.921792 | 98=0 | 108=45 | 1137=8 | 10=086 | 8=FIXT.1.1 | 9=0062 | 35=2 | 34=56 | 49=IDX | 56=VP | 52=20240120-08:45:13.921792 | 7=22 | 16=0 | 10=149 | [0m
[33m[2024-01-20 15:45:58] [0m [32m8=FIXT.1.1 | 9=0052 | 35=0 | 34=57 | 49=IDX | 56=VP | 52=20240120-08:45:58.000080 | 10=216 | [0m
[33m[2024-01-20 15:46:20] [0m [32m8=FIXT.1.1 | 9=0062 | 35=2 | 34=58 | 49=IDX | 56=VP | 52=20240120-08:46:20.000073 | 7=22 | 16=0 | 10=130 | 8=FIXT.1.1 | 9=0073 | 35=1 | 34=59 | 49=IDX | 56=VP | 52=20240120-08:46:20.000073 | 112=5QhW3CjIi9ipQZtC | 10=243 | [0m
[33m[2024-01-20 15:47:05] [0m [32m8=FIXT.1.1 | 9=0083 | 35=5 | 34=60 | 49=IDX | 56=VP | 52=20240120-08:47:05.000075 | 58=No response to test request | 10=220 | [0m
[33m[2024-01-20 15:47:05] [0m [31m   error read on read_complete(): End of file[0m
[33m[2024-01-20 15:47:40] [0m [32m8=FIXT.1.1 | 9=0071 | 35=A | 34=61 | 49=IDX | 56=VP | 52=20240120-08:47:40.038396 | 98=0 | 108=45 | 1137=8 | 10=084 | 8=FIXT.1.1 | 9=0062 | 35=2 | 34=62 | 49=IDX | 56=VP | 52=20240120-08:47:40.038396 | 7=22 | 16=0 | 10=147 | [0m
[33m[2024-01-20 15:48:40] [0m [32m8=FIXT.1.1 | 9=0071 | 35=A | 34=64 | 49=IDX | 56=VP | 52=20240120-08:48:40.033245 | 98=0 | 108=45 | 1137=8 | 10=076 | 8=FIXT.1.1 | 9=0062 | 35=2 | 34=65 | 49=IDX | 56=VP | 52=20240120-08:48:40.033245 | 7=22 | 16=0 | 10=139 | [0m
[33m[2024-01-20 15:49:25] [0m [32m8=FIXT.1.1 | 9=0052 | 35=0 | 34=66 | 49=IDX | 56=VP | 52=20240120-08:49:25.000077 | 10=220 | [0m
[33m[2024-01-20 15:49:47] [0m [32m8=FIXT.1.1 | 9=0062 | 35=2 | 34=67 | 49=IDX | 56=VP | 52=20240120-08:49:47.000072 | 7=22 | 16=0 | 10=141 | 8=FIXT.1.1 | 9=0073 | 35=1 | 34=68 | 49=IDX | 56=VP | 52=20240120-08:49:47.000072 | 112=pY6WmpkTUuUhUnS/ | 10=113 | [0m
[33m[2024-01-20 15:50:43] [0m [32m8=FIXT.1.1 | 9=0071 | 35=A | 34=69 | 49=IDX | 56=VP | 52=20240120-08:50:43.310683 | 98=0 | 108=45 | 1137=8 | 10=081 | 8=FIXT.1.1 | 9=0062 | 35=2 | 34=70 | 49=IDX | 56=VP | 52=20240120-08:50:43.310683 | 7=22 | 16=0 | 10=135 | [0m
[33m[2024-01-20 15:51:28] [0m [32m8=FIXT.1.1 | 9=0052 | 35=0 | 34=71 | 49=IDX | 56=VP | 52=20240120-08:51:28.000074 | 10=209 | [0m
[33m[2024-01-20 15:51:50] [0m [32m8=FIXT.1.1 | 9=0062 | 35=2 | 34=72 | 49=IDX | 56=VP | 52=20240120-08:51:50.000087 | 7=22 | 16=0 | 10=130 | 8=FIXT.1.1 | 9=0073 | 35=1 | 34=73 | 49=IDX | 56=VP | 52=20240120-08:51:50.000087 | 112=0cKNUklyiHlDUGY6 | 10=005 | [0m
[33m[2024-01-20 15:52:24] [0m [32m8=FIXT.1.1 | 9=0071 | 35=A | 34=74 | 49=IDX | 56=VP | 52=20240120-08:52:24.984116 | 98=0 | 108=45 | 1137=8 | 10=086 | 8=FIXT.1.1 | 9=0062 | 35=2 | 34=75 | 49=IDX | 56=VP | 52=20240120-08:52:24.984116 | 7=22 | 16=0 | 10=149 | [0m
[33m[2024-01-20 15:53:09] [0m [32m8=FIXT.1.1 | 9=0052 | 35=0 | 34=76 | 49=IDX | 56=VP | 52=20240120-08:53:09.000078 | 10=219 | [0m
[33m[2024-01-20 15:53:31] [0m [32m8=FIXT.1.1 | 9=0062 | 35=2 | 34=77 | 49=IDX | 56=VP | 52=20240120-08:53:31.000077 | 7=22 | 16=0 | 10=135 | 8=FIXT.1.1 | 9=0073 | 35=1 | 34=78 | 49=IDX | 56=VP | 52=20240120-08:53:31.000077 | 112=NNC2ISn9nMgcz2V6 | 10=190 | [0m
[33m[2024-01-20 15:54:15] [0m [32m8=FIXT.1.1 | 9=0083 | 35=5 | 34=79 | 49=IDX | 56=VP | 52=20240120-08:54:16.000078 | 58=No response to test request | 10=233 | [0m
[33m[2024-01-20 15:54:15] [0m [31m   error read on read_complete(): End of file[0m
[33m[2024-01-20 15:55:36] [0m [32m8=FIXT.1.1 | 9=0071 | 35=A | 34=80 | 49=IDX | 56=VP | 52=20240120-08:55:37.050811 | 98=0 | 108=45 | 1137=8 | 10=076 | 8=FIXT.1.1 | 9=0062 | 35=2 | 34=81 | 49=IDX | 56=VP | 52=20240120-08:55:37.050811 | 7=22 | 16=0 | 10=139 | [0m
[33m[2024-01-20 15:56:21] [0m [32m8=FIXT.1.1 | 9=0052 | 35=0 | 34=82 | 49=IDX | 56=VP | 52=20240120-08:56:22.000075 | 10=211 | [0m
[33m[2024-01-20 15:56:43] [0m [32m8=FIXT.1.1 | 9=0062 | 35=2 | 34=83 | 49=IDX | 56=VP | 52=20240120-08:56:44.000078 | 7=22 | 16=0 | 10=140 | 8=FIXT.1.1 | 9=0073 | 35=1 | 34=84 | 49=IDX | 56=VP | 52=20240120-08:56:44.000078 | 112=PUS7RjUuyxOgboHb | 10=137 | [0m
[33m[2024-01-20 15:57:29] [0m [32m8=FIXT.1.1 | 9=0083 | 35=5 | 34=85 | 49=IDX | 56=VP | 52=20240120-08:57:29.000067 | 58=No response to test request | 10=235 | [0m
[33m[2024-01-20 15:57:29] [0m [31m   error read on read_complete(): End of file[0m
[33m[2024-01-20 16:03:31] [0m [32m8=FIXT.1.1 | 9=0071 | 35=A | 34=86 | 49=IDX | 56=VP | 52=20240120-09:03:31.115688 | 98=0 | 108=45 | 1137=8 | 10=084 | 8=FIXT.1.1 | 9=0062 | 35=2 | 34=87 | 49=IDX | 56=VP | 52=20240120-09:03:31.115688 | 7=22 | 16=0 | 10=147 | [0m
[33m[2024-01-20 16:03:52] [0m [32m8=FIXT.1.1 | 9=0071 | 35=A | 34=88 | 49=IDX | 56=VP | 52=20240120-09:03:52.137459 | 98=0 | 108=45 | 1137=8 | 10=089 | 8=FIXT.1.1 | 9=0062 | 35=2 | 34=89 | 49=IDX | 56=VP | 52=20240120-09:03:52.137459 | 7=22 | 16=0 | 10=152 | [0m
[33m[2024-01-20 16:04:23] [0m [32m8=FIXT.1.1 | 9=0071 | 35=A | 34=90 | 49=IDX | 56=VP | 52=20240120-09:04:23.557583 | 98=0 | 108=45 | 1137=8 | 10=085 | 8=FIXT.1.1 | 9=0062 | 35=2 | 34=91 | 49=IDX | 56=VP | 52=20240120-09:04:23.557583 | 7=22 | 16=0 | 10=148 | [0m
[33m[2024-01-20 16:05:05] [0m [32m8=FIXT.1.1 | 9=0071 | 35=A | 34=92 | 49=IDX | 56=VP | 52=20240120-09:05:05.186134 | 98=0 | 108=45 | 1137=8 | 10=078 | 8=FIXT.1.1 | 9=0062 | 35=2 | 34=93 | 49=IDX | 56=VP | 52=20240120-09:05:05.186134 | 7=22 | 16=0 | 10=141 | [0m
[33m[2024-01-20 16:05:44] [0m [32m8=FIXT.1.1 | 9=0071 | 35=A | 34=94 | 49=IDX | 56=VP | 52=20240120-09:05:44.858831 | 98=0 | 108=45 | 1137=8 | 10=093 | 8=FIXT.1.1 | 9=0062 | 35=2 | 34=95 | 49=IDX | 56=VP | 52=20240120-09:05:44.858831 | 7=22 | 16=0 | 10=156 | [0m
[33m[2024-01-20 16:06:24] [0m [32m8=FIXT.1.1 | 9=0071 | 35=A | 34=96 | 49=IDX | 56=VP | 52=20240120-09:06:24.128726 | 98=0 | 108=45 | 1137=8 | 10=087 | 8=FIXT.1.1 | 9=0062 | 35=2 | 34=97 | 49=IDX | 56=VP | 52=20240120-09:06:24.128726 | 7=22 | 16=0 | 10=150 | [0m
[33m[2024-01-20 16:07:13] [0m [32m8=FIXT.1.1 | 9=0071 | 35=A | 34=98 | 49=IDX | 56=VP | 52=20240120-09:07:13.148197 | 98=0 | 108=45 | 1137=8 | 10=092 | 8=FIXT.1.1 | 9=0062 | 35=2 | 34=99 | 49=IDX | 56=VP | 52=20240120-09:07:13.148197 | 7=22 | 16=0 | 10=155 | [0m
[33m[2024-01-20 16:07:44] [0m [32m8=FIXT.1.1 | 9=0072 | 35=A | 34=100 | 49=IDX | 56=VP | 52=20240120-09:07:44.186502 | 98=0 | 108=45 | 1137=8 | 10=121 | 8=FIXT.1.1 | 9=0063 | 35=2 | 34=101 | 49=IDX | 56=VP | 52=20240120-09:07:44.186502 | 7=22 | 16=0 | 10=184 | [0m
[33m[2024-01-20 16:08:48] [0m [32m8=FIXT.1.1 | 9=0072 | 35=A | 34=102 | 49=IDX | 56=VP | 52=20240120-09:08:48.341394 | 98=0 | 108=45 | 1137=8 | 10=130 | 8=FIXT.1.1 | 9=0063 | 35=2 | 34=103 | 49=IDX | 56=VP | 52=20240120-09:08:48.341394 | 7=22 | 16=0 | 10=193 | [0m
[33m[2024-01-20 16:09:38] [0m [32m8=FIXT.1.1 | 9=0072 | 35=A | 34=104 | 49=IDX | 56=VP | 52=20240120-09:09:38.975826 | 98=0 | 108=45 | 1137=8 | 10=145 | 8=FIXT.1.1 | 9=0063 | 35=2 | 34=105 | 49=IDX | 56=VP | 52=20240120-09:09:38.975826 | 7=22 | 16=0 | 10=208 | [0m
[33m[2024-01-20 16:10:12] [0m [32m8=FIXT.1.1 | 9=0072 | 35=A | 34=106 | 49=IDX | 56=VP | 52=20240120-09:10:12.083755 | 98=0 | 108=45 | 1137=8 | 10=122 | 8=FIXT.1.1 | 9=0063 | 35=2 | 34=107 | 49=IDX | 56=VP | 52=20240120-09:10:12.083755 | 7=22 | 16=0 | 10=185 | [0m
[33m[2024-01-20 16:10:49] [0m [32m8=FIXT.1.1 | 9=0072 | 35=A | 34=108 | 49=IDX | 56=VP | 52=20240120-09:10:50.010353 | 98=0 | 108=45 | 1137=8 | 10=110 | 8=FIXT.1.1 | 9=0063 | 35=2 | 34=109 | 49=IDX | 56=VP | 52=20240120-09:10:50.010353 | 7=22 | 16=0 | 10=173 | [0m
[33m[2024-01-20 16:11:34] [0m [32m8=FIXT.1.1 | 9=0053 | 35=0 | 34=110 | 49=IDX | 56=VP | 52=20240120-09:11:35.000066 | 10=248 | [0m
[33m[2024-01-20 16:11:56] [0m [32m8=FIXT.1.1 | 9=0063 | 35=2 | 34=111 | 49=IDX | 56=VP | 52=20240120-09:11:57.000045 | 7=22 | 16=0 | 10=171 | 8=FIXT.1.1 | 9=0074 | 35=1 | 34=112 | 49=IDX | 56=VP | 52=20240120-09:11:57.000045 | 112=3wdcxhZLiG4KVd8J | 10=051 | [0m
[33m[2024-01-20 16:12:41] [0m [32m8=FIXT.1.1 | 9=0084 | 35=5 | 34=113 | 49=IDX | 56=VP | 52=20240120-09:12:42.000082 | 58=No response to test request | 10=004 | [0m
[33m[2024-01-20 16:12:41] [0m [31m   error read on read_complete(): End of file[0m
[33m[2024-01-20 16:16:48] [0m [32m8=FIXT.1.1 | 9=0072 | 35=A | 34=114 | 49=IDX | 56=VP | 52=20240120-09:16:48.216924 | 98=0 | 108=45 | 1137=8 | 10=132 | 8=FIXT.1.1 | 9=0063 | 35=2 | 34=115 | 49=IDX | 56=VP | 52=20240120-09:16:48.216924 | 7=22 | 16=0 | 10=195 | [0m
[33m[2024-01-20 16:17:11] [0m [32m8=FIXT.1.1 | 9=0072 | 35=A | 34=116 | 49=IDX | 56=VP | 52=20240120-09:17:11.535599 | 98=0 | 108=45 | 1137=8 | 10=137 | 8=FIXT.1.1 | 9=0063 | 35=2 | 34=117 | 49=IDX | 56=VP | 52=20240120-09:17:11.535599 | 7=22 | 16=0 | 10=200 | [0m
[33m[2024-01-20 16:17:55] [0m [32m8=FIXT.1.1 | 9=0053 | 35=0 | 34=118 | 49=IDX | 56=VP | 52=20240120-09:17:56.000088 | 10=013 | [0m
[33m[2024-01-20 16:18:17] [0m [32m8=FIXT.1.1 | 9=0063 | 35=2 | 34=119 | 49=IDX | 56=VP | 52=20240120-09:18:18.000096 | 7=22 | 16=0 | 10=189 | 8=FIXT.1.1 | 9=0074 | 35=1 | 34=120 | 49=IDX | 56=VP | 52=20240120-09:18:18.000096 | 112=/2EcrfVcYXPgxBlp | 10=114 | [0m
[33m[2024-01-20 16:19:02] [0m [32m8=FIXT.1.1 | 9=0084 | 35=5 | 34=121 | 49=IDX | 56=VP | 52=20240120-09:19:03.000071 | 58=No response to test request | 10=005 | [0m
[33m[2024-01-20 16:19:02] [0m [31m   error read on read_complete(): End of file[0m
[33m[2024-01-20 16:19:55] [0m [32m8=FIXT.1.1 | 9=0072 | 35=A | 34=122 | 49=IDX | 56=VP | 52=20240120-09:19:55.982792 | 98=0 | 108=45 | 1137=8 | 10=145 | 8=FIXT.1.1 | 9=0063 | 35=2 | 34=123 | 49=IDX | 56=VP | 52=20240120-09:19:55.982792 | 7=22 | 16=0 | 10=208 | [0m
[33m[2024-01-20 16:20:39] [0m [32m8=FIXT.1.1 | 9=0053 | 35=0 | 34=124 | 49=IDX | 56=VP | 52=20240120-09:20:40.000077 | 10=251 | [0m
[33m[2024-01-20 16:21:01] [0m [32m8=FIXT.1.1 | 9=0063 | 35=2 | 34=125 | 49=IDX | 56=VP | 52=20240120-09:21:02.000081 | 7=22 | 16=0 | 10=167 | 8=FIXT.1.1 | 9=0074 | 35=1 | 34=126 | 49=IDX | 56=VP | 52=20240120-09:21:02.000081 | 112=rENxFmVLdsQ8dNcp | 10=132 | [0m
[33m[2024-01-20 16:21:46] [0m [32m8=FIXT.1.1 | 9=0084 | 35=5 | 34=127 | 49=IDX | 56=VP | 52=20240120-09:21:47.000061 | 58=No response to test request | 10=011 | [0m
[33m[2024-01-20 16:21:46] [0m [31m   error read on read_complete(): End of file[0m
[33m[2024-01-20 16:24:35] [0m [32m8=FIXT.1.1 | 9=0072 | 35=A | 34=128 | 49=IDX | 56=VP | 52=20240120-09:24:35.103084 | 98=0 | 108=45 | 1137=8 | 10=124 | 8=FIXT.1.1 | 9=0063 | 35=2 | 34=129 | 49=IDX | 56=VP | 52=20240120-09:24:35.103084 | 7=22 | 16=0 | 10=187 | [0m
[33m[2024-01-20 16:25:19] [0m [32m8=FIXT.1.1 | 9=0053 | 35=0 | 34=130 | 49=IDX | 56=VP | 52=20240120-09:25:20.000080 | 10=245 | [0m
[33m[2024-01-20 16:25:41] [0m [32m8=FIXT.1.1 | 9=0063 | 35=2 | 34=131 | 49=IDX | 56=VP | 52=20240120-09:25:42.000062 | 7=22 | 16=0 | 10=171 | 8=FIXT.1.1 | 9=0074 | 35=1 | 34=132 | 49=IDX | 56=VP | 52=20240120-09:25:42.000062 | 112=MlA3f2UdZCwfHNg5 | 10=251 | [0m
[33m[2024-01-20 16:26:26] [0m [32m8=FIXT.1.1 | 9=0084 | 35=5 | 34=133 | 49=IDX | 56=VP | 52=20240120-09:26:27.000069 | 58=No response to test request | 10=019 | [0m
[33m[2024-01-20 16:26:26] [0m [31m   error read on read_complete(): End of file[0m
[33m[2024-01-20 16:27:49] [0m [32m8=FIXT.1.1 | 9=0072 | 35=A | 34=134 | 49=IDX | 56=VP | 52=20240120-09:27:49.884859 | 98=0 | 108=45 | 1137=8 | 10=155 | 8=FIXT.1.1 | 9=0063 | 35=2 | 34=135 | 49=IDX | 56=VP | 52=20240120-09:27:49.884859 | 7=22 | 16=0 | 10=218 | [0m
[33m[2024-01-20 16:28:25] [0m [32m8=FIXT.1.1 | 9=0072 | 35=A | 34=136 | 49=IDX | 56=VP | 52=20240120-09:28:25.420302 | 98=0 | 108=45 | 1137=8 | 10=121 | 8=FIXT.1.1 | 9=0063 | 35=2 | 34=137 | 49=IDX | 56=VP | 52=20240120-09:28:25.420302 | 7=22 | 16=0 | 10=184 | [0m
[33m[2024-01-20 16:30:11] [0m [32m8=FIXT.1.1 | 9=0072 | 35=A | 34=138 | 49=IDX | 56=VP | 52=20240120-09:30:11.873997 | 98=0 | 108=45 | 1137=8 | 10=143 | 8=FIXT.1.1 | 9=0063 | 35=2 | 34=139 | 49=IDX | 56=VP | 52=20240120-09:30:11.873997 | 7=22 | 16=0 | 10=206 | [0m
[33m[2024-01-20 16:30:55] [0m [32m8=FIXT.1.1 | 9=0053 | 35=0 | 34=140 | 49=IDX | 56=VP | 52=20240120-09:30:56.000061 | 10=250 | [0m
[33m[2024-01-20 16:31:13] [0m [32m8=FIXT.1.1 | 9=0072 | 35=A | 34=141 | 49=IDX | 56=VP | 52=20240120-09:31:13.415425 | 98=0 | 108=45 | 1137=8 | 10=118 | 8=FIXT.1.1 | 9=0063 | 35=2 | 34=142 | 49=IDX | 56=VP | 52=20240120-09:31:13.415425 | 7=22 | 16=0 | 10=181 | [0m
[33m[2024-01-20 16:31:57] [0m [32m8=FIXT.1.1 | 9=0053 | 35=0 | 34=143 | 49=IDX | 56=VP | 52=20240120-09:31:58.000082 | 10=003 | [0m
[33m[2024-01-20 16:32:19] [0m [32m8=FIXT.1.1 | 9=0063 | 35=2 | 34=144 | 49=IDX | 56=VP | 52=20240120-09:32:20.000069 | 7=22 | 16=0 | 10=176 | 8=FIXT.1.1 | 9=0074 | 35=1 | 34=145 | 49=IDX | 56=VP | 52=20240120-09:32:20.000069 | 112=vTsoPVtD1mlHR.5D | 10=043 | [0m
[33m[2024-01-20 16:33:04] [0m [32m8=FIXT.1.1 | 9=0084 | 35=5 | 34=146 | 49=IDX | 56=VP | 52=20240120-09:33:05.000068 | 58=No response to test request | 10=016 | [0m
[33m[2024-01-20 16:33:04] [0m [31m   error read on read_complete(): End of file[0m
[33m[2024-01-20 16:34:59] [0m [32m8=FIXT.1.1 | 9=0072 | 35=A | 34=147 | 49=IDX | 56=VP | 52=20240120-09:34:59.993233 | 98=0 | 108=45 | 1137=8 | 10=145 | 8=FIXT.1.1 | 9=0063 | 35=2 | 34=148 | 49=IDX | 56=VP | 52=20240120-09:34:59.993233 | 7=22 | 16=0 | 10=208 | [0m
[33m[2024-01-20 16:35:43] [0m [32m8=FIXT.1.1 | 9=0053 | 35=0 | 34=149 | 49=IDX | 56=VP | 52=20240120-09:35:44.000081 | 10=007 | [0m
[33m[2024-01-20 16:59:12] [0m [32m8=FIXT.1.1 | 9=0072 | 35=A | 34=150 | 49=IDX | 56=VP | 52=20240120-09:59:13.001912 | 98=0 | 108=45 | 1137=8 | 10=120 | 8=FIXT.1.1 | 9=0063 | 35=2 | 34=151 | 49=IDX | 56=VP | 52=20240120-09:59:13.001912 | 7=22 | 16=0 | 10=183 | [0m
[33m[2024-01-20 16:59:57] [0m [32m8=FIXT.1.1 | 9=0053 | 35=0 | 34=152 | 49=IDX | 56=VP | 52=20240120-09:59:58.000060 | 10=009 | [0m
[33m[2024-01-20 17:00:19] [0m [32m8=FIXT.1.1 | 9=0074 | 35=1 | 34=153 | 49=IDX | 56=VP | 52=20240120-10:00:20.000076 | 112=MFsCJVgXPXHPKK0J | 10=190 | [0m
[33m[2024-01-20 17:01:04] [0m [32m8=FIXT.1.1 | 9=0084 | 35=5 | 34=154 | 49=IDX | 56=VP | 52=20240120-10:01:05.000068 | 58=No response to test request | 10=002 | [0m
[33m[2024-01-20 17:01:04] [0m [31m   error read on read_complete(): End of file[0m
[33m[2024-01-20 17:01:38] [0m [32m8=FIXT.1.1 | 9=0072 | 35=A | 34=155 | 49=IDX | 56=VP | 52=20240120-10:01:38.486650 | 98=0 | 108=45 | 1137=8 | 10=127 | [0m
[33m[2024-01-20 17:02:22] [0m [32m8=FIXT.1.1 | 9=0053 | 35=0 | 34=156 | 49=IDX | 56=VP | 52=20240120-10:02:23.000081 | 10=244 | [0m
[33m[2024-01-20 17:02:44] [0m [32m8=FIXT.1.1 | 9=0072 | 35=A | 34=157 | 49=IDX | 56=VP | 52=20240120-10:02:45.193152 | 98=0 | 108=45 | 1137=8 | 10=120 | [0m
[33m[2024-01-20 17:03:29] [0m [32m8=FIXT.1.1 | 9=0053 | 35=0 | 34=158 | 49=IDX | 56=VP | 52=20240120-10:03:30.000078 | 10=251 | [0m
[33m[2024-01-20 17:03:51] [0m [32m8=FIXT.1.1 | 9=0074 | 35=1 | 34=159 | 49=IDX | 56=VP | 52=20240120-10:03:52.000058 | 112=WaESu.8mP8svChoW | 10=078 | [0m
[33m[2024-01-20 17:04:36] [0m [32m8=FIXT.1.1 | 9=0084 | 35=5 | 34=160 | 49=IDX | 56=VP | 52=20240120-10:04:37.000074 | 58=No response to test request | 10=004 | [0m
[33m[2024-01-20 17:04:36] [0m [31m   error read on read_complete(): End of file[0m
[33m[2024-01-20 17:05:43] [0m [32m8=FIXT.1.1 | 9=0072 | 35=A | 34=161 | 49=IDX | 56=VP | 52=20240120-10:05:44.017942 | 98=0 | 108=45 | 1137=8 | 10=119 | [0m
[33m[2024-01-20 17:06:28] [0m [32m8=FIXT.1.1 | 9=0053 | 35=0 | 34=162 | 49=IDX | 56=VP | 52=20240120-10:06:29.000081 | 10=251 | [0m
[33m[2024-01-20 17:06:50] [0m [32m8=FIXT.1.1 | 9=0074 | 35=1 | 34=163 | 49=IDX | 56=VP | 52=20240120-10:06:51.000080 | 112=xtCa9xrVrQjM8N77 | 10=067 | [0m
[33m[2024-01-20 17:07:35] [0m [32m8=FIXT.1.1 | 9=0084 | 35=5 | 34=164 | 49=IDX | 56=VP | 52=20240120-10:07:36.000077 | 58=No response to test request | 10=013 | [0m
[33m[2024-01-20 17:07:35] [0m [31m   error read on read_complete(): End of file[0m
[33m[2024-01-20 17:10:00] [0m [32m8=FIXT.1.1 | 9=0072 | 35=A | 34=165 | 49=IDX | 56=VP | 52=20240120-10:10:01.059117 | 98=0 | 108=45 | 1137=8 | 10=112 | [0m
[33m[2024-01-20 17:10:45] [0m [32m8=FIXT.1.1 | 9=0053 | 35=0 | 34=166 | 49=IDX | 56=VP | 52=20240120-10:10:46.000036 | 10=249 | [0m
[33m[2024-01-20 17:11:07] [0m [32m8=FIXT.1.1 | 9=0074 | 35=1 | 34=167 | 49=IDX | 56=VP | 52=20240120-10:11:08.000083 | 112=WPQggeGE6MD7lb9X | 10=229 | [0m
[33m[2024-01-20 17:11:33] [0m [32m8=FIXT.1.1 | 9=0072 | 35=A | 34=168 | 49=IDX | 56=VP | 52=20240120-10:11:33.646549 | 98=0 | 108=45 | 1137=8 | 10=132 | [0m
[33m[2024-01-20 17:12:17] [0m [32m8=FIXT.1.1 | 9=0053 | 35=0 | 34=169 | 49=IDX | 56=VP | 52=20240120-10:12:18.000072 | 10=253 | [0m
[33m[2024-01-20 17:12:39] [0m [32m8=FIXT.1.1 | 9=0074 | 35=1 | 34=170 | 49=IDX | 56=VP | 52=20240120-10:12:40.000070 | 112=.7NL2eVNMp6ZHkFO | 10=147 | [0m
[33m[2024-01-20 17:13:24] [0m [32m8=FIXT.1.1 | 9=0084 | 35=5 | 34=171 | 49=IDX | 56=VP | 52=20240120-10:13:25.000081 | 58=No response to test request | 10=001 | [0m
[33m[2024-01-20 17:13:24] [0m [31m   error read on read_complete(): End of file[0m
[33m[2024-01-20 17:14:13] [0m [32m8=FIXT.1.1 | 9=0072 | 35=A | 34=172 | 49=IDX | 56=VP | 52=20240120-10:14:13.349411 | 98=0 | 108=45 | 1137=8 | 10=116 | [0m
[33m[2024-01-20 17:14:41] [0m [32m8=FIXT.1.1 | 9=0072 | 35=A | 34=173 | 49=IDX | 56=VP | 52=20240120-10:14:41.931103 | 98=0 | 108=45 | 1137=8 | 10=113 | [0m
[33m[2024-01-20 17:16:49] [0m [32m8=FIXT.1.1 | 9=0072 | 35=A | 34=174 | 49=IDX | 56=VP | 52=20240120-10:16:50.048513 | 98=0 | 108=45 | 1137=8 | 10=120 | [0m
[33m[2024-01-20 17:17:34] [0m [32m8=FIXT.1.1 | 9=0053 | 35=0 | 34=175 | 49=IDX | 56=VP | 52=20240120-10:17:35.000077 | 10=003 | [0m
[33m[2024-01-20 17:18:04] [0m [32m8=FIXT.1.1 | 9=0072 | 35=A | 34=176 | 49=IDX | 56=VP | 52=20240120-10:18:04.486189 | 98=0 | 108=45 | 1137=8 | 10=138 | [0m
[33m[2024-01-20 17:18:24] [0m [32m8=FIXT.1.1 | 9=0072 | 35=A | 34=177 | 49=IDX | 56=VP | 52=20240120-10:18:24.202450 | 98=0 | 108=45 | 1137=8 | 10=118 | [0m
[33m[2024-01-20 17:19:02] [0m [31m   error read on read_complete(): Operation canceled[0m
[33m[2024-01-20 17:20:06] [0m [32m8=FIXT.1.1 | 9=0072 | 35=A | 34=178 | 49=IDX | 56=VP | 52=20240120-10:20:06.419558 | 98=0 | 108=45 | 1137=8 | 10=131 | [0m
[33m[2024-01-20 17:20:56] [0m [32m8=FIXT.1.1 | 9=0072 | 35=A | 34=179 | 49=IDX | 56=VP | 52=20240120-10:20:56.529777 | 98=0 | 108=45 | 1137=8 | 10=142 | [0m
[33m[2024-01-20 17:21:55] [0m [32m8=FIXT.1.1 | 9=0072 | 35=A | 34=180 | 49=IDX | 56=VP | 52=20240120-10:21:55.322254 | 98=0 | 108=45 | 1137=8 | 10=115 | [0m
[33m[2024-01-20 17:22:39] [0m [32m8=FIXT.1.1 | 9=0053 | 35=0 | 34=181 | 49=IDX | 56=VP | 52=20240120-10:22:40.000077 | 10=248 | [0m
[33m[2024-01-20 17:22:41] [0m [32m8=FIXT.1.1 | 9=0063 | 35=2 | 34=182 | 49=IDX | 56=VP | 52=20240120-10:22:41.532330 | 7=66 | 16=0 | 10=181 | [0m
[33m[2024-01-20 17:23:25] [0m [32m8=FIXT.1.1 | 9=0053 | 35=0 | 34=183 | 49=IDX | 56=VP | 52=20240120-10:23:26.000081 | 10=250 | [0m
[33m[2024-01-20 17:23:31] [0m [32m8=FIXT.1.1 | 9=0063 | 35=2 | 34=184 | 49=IDX | 56=VP | 52=20240120-10:23:31.545891 | 7=72 | 16=0 | 10=196 | [0m
[33m[2024-01-20 17:24:34] [0m [32m8=FIXT.1.1 | 9=0116 | 35=5 | 34=185 | 49=IDX | 56=VP | 52=20240120-10:24:34.976103 | 58=(1479): MsgSeqNum(34) too low, expecting 75 but received 66 | 10=086 | [0m
[33m[2024-01-20 17:24:34] [0m [31m   error read on read_complete(): End of file[0m
[33m[2024-01-20 17:24:56] [0m [32m8=FIXT.1.1 | 9=0072 | 35=A | 34=186 | 49=IDX | 56=VP | 52=20240120-10:24:56.462262 | 98=0 | 108=45 | 1137=8 | 10=129 | [0m
[33m[2024-01-20 17:25:40] [0m [32m8=FIXT.1.1 | 9=0053 | 35=0 | 34=187 | 49=IDX | 56=VP | 52=20240120-10:25:41.000068 | 10=002 | [0m
[33m[2024-01-20 17:25:55] [0m [32m8=FIXT.1.1 | 9=0063 | 35=2 | 34=188 | 49=IDX | 56=VP | 52=20240120-10:25:55.542681 | 7=79 | 16=0 | 10=209 | [0m
[33m[2024-01-20 17:26:29] [0m [32m8=FIXT.1.1 | 9=0116 | 35=5 | 34=189 | 49=IDX | 56=VP | 52=20240120-10:26:29.545682 | 58=(1479): MsgSeqNum(34) too low, expecting 81 but received 77 | 10=099 | [0m
[33m[2024-01-20 17:26:29] [0m [31m   error read on read_complete(): End of file[0m
[33m[2024-01-20 17:27:04] [0m [32m8=FIXT.1.1 | 9=0072 | 35=A | 34=190 | 49=IDX | 56=VP | 52=20240120-10:27:04.191631 | 98=0 | 108=45 | 1137=8 | 10=119 | [0m
[33m[2024-01-20 17:27:48] [0m [32m8=FIXT.1.1 | 9=0053 | 35=0 | 34=191 | 49=IDX | 56=VP | 52=20240120-10:27:49.000075 | 10=005 | [0m
[33m[2024-01-20 17:28:43] [0m [32m8=FIXT.1.1 | 9=0072 | 35=A | 34=192 | 49=IDX | 56=VP | 52=20240120-10:28:43.709609 | 98=0 | 108=45 | 1137=8 | 10=135 | [0m
[33m[2024-01-20 17:29:27] [0m [32m8=FIXT.1.1 | 9=0053 | 35=0 | 34=193 | 49=IDX | 56=VP | 52=20240120-10:29:28.000071 | 10=002 | [0m
[33m[2024-01-20 17:29:49] [0m [32m8=FIXT.1.1 | 9=0074 | 35=1 | 34=194 | 49=IDX | 56=VP | 52=20240120-10:29:50.000077 | 112=PyJQsfokHze5niAf | 10=203 | [0m
[33m[2024-01-20 17:30:34] [0m [32m8=FIXT.1.1 | 9=0072 | 35=A | 34=195 | 49=IDX | 56=VP | 52=20240120-10:30:34.888938 | 98=0 | 108=45 | 1137=8 | 10=144 | [0m
[33m[2024-01-20 17:31:18] [0m [32m8=FIXT.1.1 | 9=0053 | 35=0 | 34=196 | 49=IDX | 56=VP | 52=20240120-10:31:19.000081 | 10=255 | [0m
[33m[2024-01-20 17:32:02] [0m [32m8=FIXT.1.1 | 9=0116 | 35=5 | 34=197 | 49=IDX | 56=VP | 52=20240120-10:32:02.215442 | 58=(1479): MsgSeqNum(34) too low, expecting 86 but received 85 | 10=078 | [0m
[33m[2024-01-20 17:32:02] [0m [31m   error read on read_complete(): End of file[0m
[33m[2024-01-20 17:32:18] [0m [32m8=FIXT.1.1 | 9=0072 | 35=A | 34=198 | 49=IDX | 56=VP | 52=20240120-10:32:18.691751 | 98=0 | 108=45 | 1137=8 | 10=136 | 8=FIXT.1.1 | 9=0063 | 35=2 | 34=199 | 49=IDX | 56=VP | 52=20240120-10:32:18.691751 | 7=86 | 16=0 | 10=209 | [0m
[33m[2024-01-20 17:33:02] [0m [32m8=FIXT.1.1 | 9=0053 | 35=0 | 34=200 | 49=IDX | 56=VP | 52=20240120-10:33:03.000076 | 10=240 | [0m
[33m[2024-01-20 17:33:24] [0m [32m8=FIXT.1.1 | 9=0074 | 35=1 | 34=201 | 49=IDX | 56=VP | 52=20240120-10:33:25.000080 | 112=ifkSFZWsksMKss1p | 10=186 | [0m
[33m[2024-01-20 17:33:43] [0m [32m8=FIXT.1.1 | 9=0072 | 35=A | 34=202 | 49=IDX | 56=VP | 52=20240120-10:33:43.579239 | 98=0 | 108=45 | 1137=8 | 10=127 | [0m
[33m[2024-01-20 17:34:27] [0m [32m8=FIXT.1.1 | 9=0053 | 35=0 | 34=203 | 49=IDX | 56=VP | 52=20240120-10:34:28.000078 | 10=253 | [0m
[33m[2024-01-20 17:34:49] [0m [32m8=FIXT.1.1 | 9=0074 | 35=1 | 34=204 | 49=IDX | 56=VP | 52=20240120-10:34:50.000069 | 112=/eY9xctIk2HTdW4Y | 10=014 | [0m
[33m[2024-01-20 17:35:22] [0m [32m8=FIXT.1.1 | 9=0072 | 35=A | 34=205 | 49=IDX | 56=VP | 52=20240120-10:35:22.879073 | 98=0 | 108=45 | 1137=8 | 10=128 | [0m
[33m[2024-01-20 17:36:06] [0m [32m8=FIXT.1.1 | 9=0053 | 35=0 | 34=206 | 49=IDX | 56=VP | 52=20240120-10:36:07.000076 | 10=253 | [0m
[33m[2024-01-20 17:36:28] [0m [32m8=FIXT.1.1 | 9=0074 | 35=1 | 34=207 | 49=IDX | 56=VP | 52=20240120-10:36:29.000073 | 112=kc4/vFo3ZSeoxGOg | 10=090 | [0m
[33m[2024-01-20 17:37:13] [0m [32m8=FIXT.1.1 | 9=0084 | 35=5 | 34=208 | 49=IDX | 56=VP | 52=20240120-10:37:14.000081 | 58=No response to test request | 10=006 | [0m
[33m[2024-01-20 17:37:13] [0m [31m   error read on read_complete(): End of file[0m
[33m[2024-01-20 17:38:21] [0m [32m8=FIXT.1.1 | 9=0072 | 35=A | 34=209 | 49=IDX | 56=VP | 52=20240120-10:38:21.433091 | 98=0 | 108=45 | 1137=8 | 10=120 | [0m
[33m[2024-01-20 17:38:57] [0m [32m8=FIXT.1.1 | 9=0072 | 35=A | 34=210 | 49=IDX | 56=VP | 52=20240120-10:38:57.653062 | 98=0 | 108=45 | 1137=8 | 10=123 | [0m
[33m[2024-01-20 17:39:51] [0m [32m8=FIXT.1.1 | 9=0072 | 35=A | 34=211 | 49=IDX | 56=VP | 52=20240120-10:39:52.096373 | 98=0 | 108=15 | 1137=8 | 10=123 | [0m
[33m[2024-01-20 17:40:06] [0m [32m8=FIXT.1.1 | 9=0053 | 35=0 | 34=212 | 49=IDX | 56=VP | 52=20240120-10:40:07.000074 | 10=243 | [0m
[33m[2024-01-20 17:40:21] [0m [32m8=FIXT.1.1 | 9=0053 | 35=0 | 34=213 | 49=IDX | 56=VP | 52=20240120-10:40:22.000079 | 10=246 | [0m
[33m[2024-01-20 17:40:36] [0m [32m8=FIXT.1.1 | 9=0053 | 35=0 | 34=214 | 49=IDX | 56=VP | 52=20240120-10:40:37.000076 | 10=250 | [0m
[33m[2024-01-20 17:40:51] [0m [32m8=FIXT.1.1 | 9=0053 | 35=0 | 34=215 | 49=IDX | 56=VP | 52=20240120-10:40:52.000072 | 10=244 | [0m
[33m[2024-01-20 17:41:06] [0m [32m8=FIXT.1.1 | 9=0053 | 35=0 | 34=216 | 49=IDX | 56=VP | 52=20240120-10:41:07.000077 | 10=251 | [0m
[33m[2024-01-20 17:41:21] [0m [32m8=FIXT.1.1 | 9=0053 | 35=0 | 34=217 | 49=IDX | 56=VP | 52=20240120-10:41:22.000068 | 10=249 | [0m
[33m[2024-01-20 17:41:36] [0m [32m8=FIXT.1.1 | 9=0053 | 35=0 | 34=218 | 49=IDX | 56=VP | 52=20240120-10:41:37.000178 | 10=002 | [0m
[33m[2024-01-20 17:41:51] [0m [32m8=FIXT.1.1 | 9=0053 | 35=0 | 34=219 | 49=IDX | 56=VP | 52=20240120-10:41:52.000069 | 10=255 | [0m
[33m[2024-01-20 17:42:05] [0m [32m8=FIXT.1.1 | 9=0075 | 35=0 | 34=220 | 49=IDX | 56=VP | 52=20240120-10:42:06.077790 | 112=20240120-10:42:05 | 10=052 | [0m
[33m[2024-01-20 17:42:05] [0m [32m8=FIXT.1.1 | 9=0053 | 35=5 | 34=221 | 49=IDX | 56=VP | 52=20240120-10:42:06.278311 | 10=004 | [0m
[33m[2024-01-20 17:42:05] [0m [31m   error read on read_complete(): End of file[0m
[33m[2024-01-20 17:43:19] [0m [32m8=FIXT.1.1 | 9=0118 | 35=5 | 34=222 | 49=IDX | 56=VP | 52=20240120-10:43:19.540777 | 58=(1479): MsgSeqNum(34) too low, expecting 103 but received 102 | 10=167 | [0m
[33m[2024-01-20 17:43:19] [0m [31m   error read on read_complete(): End of file[0m
[33m[2024-01-20 17:43:44] [0m [32m8=FIXT.1.1 | 9=0072 | 35=A | 34=223 | 49=IDX | 56=VP | 52=20240120-10:43:44.514791 | 98=0 | 108=15 | 1137=8 | 10=121 | [0m
[33m[2024-01-20 17:43:44] [0m [32m8=FIXT.1.1 | 9=0064 | 35=2 | 34=224 | 49=IDX | 56=VP | 52=20240120-10:43:44.514791 | 7=103 | 16=0 | 10=236 | [0m
[33m[2024-01-20 17:43:44] [0m [31m   error read on read_complete(): End of file[0m
[33m[2024-01-20 17:45:34] [0m [32m8=FIXT.1.1 | 9=0072 | 35=A | 34=225 | 49=IDX | 56=VP | 52=20240120-10:45:34.612400 | 98=0 | 108=15 | 1137=8 | 10=110 | 8=FIXT.1.1 | 9=0064 | 35=2 | 34=226 | 49=IDX | 56=VP | 52=20240120-10:45:34.612400 | 7=103 | 16=0 | 10=225 | [0m
[33m[2024-01-20 17:45:34] [0m [31m   error read on read_complete(): End of file[0m
[33m[2024-01-20 17:46:47] [0m [32m8=FIXT.1.1 | 9=0072 | 35=A | 34=227 | 49=IDX | 56=VP | 52=20240120-10:46:47.937787 | 98=0 | 108=15 | 1137=8 | 10=145 | 8=FIXT.1.1 | 9=0064 | 35=2 | 34=228 | 49=IDX | 56=VP | 52=20240120-10:46:47.937787 | 7=103 | 16=0 | 10=004 | [0m
[33m[2024-01-20 17:47:01] [0m [32m8=FIXT.1.1 | 9=0053 | 35=0 | 34=229 | 49=IDX | 56=VP | 52=20240120-10:47:02.000088 | 10=002 | [0m
[33m[2024-01-20 17:47:02] [0m [32m8=FIXT.1.1 | 9=0064 | 35=2 | 34=230 | 49=IDX | 56=VP | 52=20240120-10:47:02.436171 | 7=111 | 16=0 | 10=225 | [0m
[33m[2024-01-20 17:47:16] [0m [32m8=FIXT.1.1 | 9=0053 | 35=0 | 34=231 | 49=IDX | 56=VP | 52=20240120-10:47:17.000079 | 10=001 | [0m
[33m[2024-01-20 17:47:16] [0m [32m8=FIXT.1.1 | 9=0064 | 35=2 | 34=232 | 49=IDX | 56=VP | 52=20240120-10:47:17.272465 | 7=117 | 16=0 | 10=243 | [0m
[33m[2024-01-20 17:47:31] [0m [32m8=FIXT.1.1 | 9=0053 | 35=0 | 34=233 | 49=IDX | 56=VP | 52=20240120-10:47:32.000085 | 10=253 | [0m
[33m[2024-01-20 17:47:31] [0m [32m8=FIXT.1.1 | 9=0064 | 35=2 | 34=234 | 49=IDX | 56=VP | 52=20240120-10:47:32.097364 | 7=123 | 16=0 | 10=242 | [0m
[33m[2024-01-20 17:47:59] [0m [32m8=FIXT.1.1 | 9=0118 | 35=5 | 34=235 | 49=IDX | 56=VP | 52=20240120-10:47:59.878927 | 58=(1479): MsgSeqNum(34) too low, expecting 125 but received 107 | 10=199 | [0m
[33m[2024-01-20 17:47:59] [0m [31m   error read on read_complete(): End of file[0m
[33m[2024-01-20 17:48:12] [0m [32m8=FIXT.1.1 | 9=0072 | 35=A | 34=236 | 49=IDX | 56=VP | 52=20240120-10:48:12.976111 | 98=0 | 108=15 | 1137=8 | 10=123 | [0m
[33m[2024-01-20 17:48:25] [0m [32m8=FIXT.1.1 | 9=0072 | 35=A | 34=237 | 49=IDX | 56=VP | 52=20240120-10:48:25.900148 | 98=0 | 108=15 | 1137=8 | 10=125 | [0m
[33m[2024-01-20 17:48:41] [0m [32m8=FIXT.1.1 | 9=0072 | 35=A | 34=238 | 49=IDX | 56=VP | 52=20240120-10:48:41.877762 | 98=0 | 108=15 | 1137=8 | 10=139 | [0m
[33m[2024-01-20 17:48:47] [0m [32m8=FIXT.1.1 | 9=0072 | 35=A | 34=239 | 49=IDX | 56=VP | 52=20240120-10:48:47.976731 | 98=0 | 108=15 | 1137=8 | 10=142 | [0m
[33m[2024-01-20 17:49:01] [0m [32m8=FIXT.1.1 | 9=0053 | 35=0 | 34=240 | 49=IDX | 56=VP | 52=20240120-10:49:02.000079 | 10=253 | [0m
[33m[2024-01-20 17:49:16] [0m [32m8=FIXT.1.1 | 9=0053 | 35=0 | 34=241 | 49=IDX | 56=VP | 52=20240120-10:49:17.000079 | 10=004 | [0m
[33m[2024-01-20 17:49:25] [0m [32m8=FIXT.1.1 | 9=0118 | 35=5 | 34=242 | 49=IDX | 56=VP | 52=20240120-10:49:25.353306 | 58=(1479): MsgSeqNum(34) too low, expecting 132 but received 130 | 10=165 | [0m
[33m[2024-01-20 17:49:25] [0m [31m   error read on read_complete(): End of file[0m
[33m[2024-01-20 17:49:37] [0m [32m8=FIXT.1.1 | 9=0072 | 35=A | 34=243 | 49=IDX | 56=VP | 52=20240120-10:49:37.726119 | 98=0 | 108=15 | 1137=8 | 10=130 | 8=FIXT.1.1 | 9=0064 | 35=2 | 34=244 | 49=IDX | 56=VP | 52=20240120-10:49:37.726119 | 7=132 | 16=0 | 10=247 | [0m
[33m[2024-01-20 17:49:51] [0m [32m8=FIXT.1.1 | 9=0053 | 35=0 | 34=245 | 49=IDX | 56=VP | 52=20240120-10:49:52.000066 | 10=003 | [0m
[33m[2024-01-20 17:49:58] [0m [32m8=FIXT.1.1 | 9=0064 | 35=2 | 34=246 | 49=IDX | 56=VP | 52=20240120-10:49:59.000079 | 7=132 | 16=0 | 10=243 | 8=FIXT.1.1 | 9=0074 | 35=1 | 34=247 | 49=IDX | 56=VP | 52=20240120-10:49:59.000079 | 112=4kkShOmjdS3qtgss | 10=237 | [0m
[33m[2024-01-20 17:50:25] [0m [32m8=FIXT.1.1 | 9=0118 | 35=5 | 34=248 | 49=IDX | 56=VP | 52=20240120-10:50:25.459561 | 58=(1479): MsgSeqNum(34) too low, expecting 140 but received 134 | 10=176 | [0m
[33m[2024-01-20 17:50:25] [0m [31m   error read on read_complete(): End of file[0m
[33m[2024-01-20 17:50:44] [0m [32m8=FIXT.1.1 | 9=0072 | 35=A | 34=249 | 49=IDX | 56=VP | 52=20240120-10:50:45.096854 | 98=0 | 108=15 | 1137=8 | 10=133 | 8=FIXT.1.1 | 9=0064 | 35=2 | 34=250 | 49=IDX | 56=VP | 52=20240120-10:50:45.096854 | 7=132 | 16=0 | 10=241 | [0m
[33m[2024-01-20 17:50:59] [0m [32m8=FIXT.1.1 | 9=0053 | 35=0 | 34=251 | 49=IDX | 56=VP | 52=20240120-10:51:00.000083 | 10=241 | [0m
[33m[2024-01-20 17:50:59] [0m [32m8=FIXT.1.1 | 9=0064 | 35=2 | 34=252 | 49=IDX | 56=VP | 52=20240120-10:51:00.271723 | 7=146 | 16=0 | 10=230 | [0m
[33m[2024-01-20 17:51:14] [0m [32m8=FIXT.1.1 | 9=0053 | 35=0 | 34=253 | 49=IDX | 56=VP | 52=20240120-10:51:15.000082 | 10=248 | [0m
[33m[2024-01-20 17:51:15] [0m [32m8=FIXT.1.1 | 9=0064 | 35=2 | 34=254 | 49=IDX | 56=VP | 52=20240120-10:51:15.300156 | 7=152 | 16=0 | 10=228 | [0m
[33m[2024-01-20 17:51:29] [0m [32m8=FIXT.1.1 | 9=0053 | 35=0 | 34=255 | 49=IDX | 56=VP | 52=20240120-10:51:30.000080 | 10=245 | [0m
[33m[2024-01-20 17:51:29] [0m [32m8=FIXT.1.1 | 9=0064 | 35=2 | 34=256 | 49=IDX | 56=VP | 52=20240120-10:51:30.225897 | 7=158 | 16=0 | 10=251 | [0m
[33m[2024-01-20 17:51:44] [0m [32m8=FIXT.1.1 | 9=0053 | 35=0 | 34=257 | 49=IDX | 56=VP | 52=20240120-10:51:45.000081 | 10=254 | [0m
[33m[2024-01-20 17:51:44] [0m [32m8=FIXT.1.1 | 9=0064 | 35=2 | 34=258 | 49=IDX | 56=VP | 52=20240120-10:51:45.248794 | 7=164 | 16=0 | 10=001 | [0m
[33m[2024-01-20 17:52:16] [0m [32m8=FIXT.1.1 | 9=0072 | 35=A | 34=259 | 49=IDX | 56=VP | 52=20240120-10:52:16.532880 | 98=0 | 108=15 | 1137=8 | 10=128 | 8=FIXT.1.1 | 9=0064 | 35=2 | 34=260 | 49=IDX | 56=VP | 52=20240120-10:52:16.532880 | 7=170 | 16=0 | 10=238 | [0m
[33m[2024-01-20 17:52:30] [0m [32m8=FIXT.1.1 | 9=0053 | 35=0 | 34=261 | 49=IDX | 56=VP | 52=20240120-10:52:31.000077 | 10=250 | [0m
[33m[2024-01-20 17:52:30] [0m [32m8=FIXT.1.1 | 9=0064 | 35=2 | 34=262 | 49=IDX | 56=VP | 52=20240120-10:52:31.259973 | 7=176 | 16=0 | 10=252 | [0m
