[33m[2024-01-26 08:05:24] [0m [32m8=FIXT.1.1 | 9=0070 | 35=A | 34=1 | 49=IDX | 56=VP | 52=20240126-01:05:25.453380 | 98=0 | 108=15 | 1137=8 | 10=016 | [0m
[33m[2024-01-26 08:05:39] [0m [32m8=FIXT.1.1 | 9=0051 | 35=0 | 34=2 | 49=IDX | 56=VP | 52=20240126-01:05:40.000071 | 10=143 | [0m
[33m[2024-01-26 08:05:41] [0m [32m8=FIXT.1.1 | 9=0073 | 35=0 | 34=3 | 49=IDX | 56=VP | 52=20240126-01:05:42.498665 | 112=20240126-01:05:41 | 10=227 | [0m
[33m[2024-01-26 08:05:42] [0m [31m   error read on read_complete(): Operation canceled[0m
[33m[2024-01-26 08:05:42] [0m [31m   error read on read_complete(): End of file[0m
[33m[2024-01-26 08:06:58] [0m [32m8=FIXT.1.1 | 9=0070 | 35=A | 34=4 | 49=IDX | 56=VP | 52=20240126-01:06:59.175005 | 98=0 | 108=15 | 1137=8 | 10=022 | 8=FIXT.1.1 | 9=0060 | 35=2 | 34=5 | 49=IDX | 56=VP | 52=20240126-01:06:59.175005 | 7=4 | 16=0 | 10=039 | [0m
[33m[2024-01-26 08:07:51] [0m [32m8=FIXT.1.1 | 9=0070 | 35=A | 34=6 | 49=IDX | 56=VP | 52=20240126-01:07:52.184694 | 98=0 | 108=15 | 1137=8 | 10=032 | [0m
[33m[2024-01-26 08:07:58] [0m [32m8=FIXT.1.1 | 9=0290 | 35=8 | 34=7 | 49=IDX | 56=VP | 57=vpft1001 | 52=20240126-01:07:58.778832 | 11=fa37JncCHryDsbzayy4c | 17=1 | 37=0 | 198=0 | 150=8 | 453=1 | 448=1000 | 447=C | 452=5 | 55=ANTM | 762=RG | 581=1 | 14=0 | 38=2 | 39=8 | 40=2 | 44=50000 | 54=5 | 59=0 | 60=20240126-01:07:58.778832 | 103=99 | 151=0 | 58=(293): Orders are not being accepted at this time | 10=146 | [0m
[33m[2024-01-26 08:07:59] [0m [32m8=FIXT.1.1 | 9=0290 | 35=8 | 34=8 | 49=IDX | 56=VP | 57=vpft1001 | 52=20240126-01:08:00.246555 | 11=BWDxS22JjzhMaiRrV41m | 17=2 | 37=0 | 198=0 | 150=8 | 453=1 | 448=1000 | 447=C | 452=5 | 55=ANTM | 762=RG | 581=1 | 14=0 | 38=2 | 39=8 | 40=2 | 44=50000 | 54=5 | 59=0 | 60=20240126-01:08:00.246555 | 103=99 | 151=0 | 58=(293): Orders are not being accepted at this time | 10=210 | [0m
[33m[2024-01-26 08:08:00] [0m [32m8=FIXT.1.1 | 9=0290 | 35=8 | 34=9 | 49=IDX | 56=VP | 57=vpft1001 | 52=20240126-01:08:01.478749 | 11=tzxlYvKWrO72tK0LK0e1 | 17=3 | 37=0 | 198=0 | 150=8 | 453=1 | 448=1000 | 447=C | 452=5 | 55=ANTM | 762=RG | 581=1 | 14=0 | 38=2 | 39=8 | 40=2 | 44=50000 | 54=5 | 59=0 | 60=20240126-01:08:01.478749 | 103=99 | 151=0 | 58=(293): Orders are not being accepted at this time | 10=002 | [0m
[33m[2024-01-26 08:09:45] [0m [32m8=FIXT.1.1 | 9=0071 | 35=A | 34=10 | 49=IDX | 56=VP | 52=20240126-01:09:46.158082 | 98=0 | 108=15 | 1137=8 | 10=073 | [0m
[33m[2024-01-26 08:09:46] [0m [31m   error read on read_complete(): End of file[0m
[33m[2024-01-26 08:09:47] [0m [32m8=FIXT.1.1 | 9=0071 | 35=A | 34=11 | 49=IDX | 56=VP | 52=20240126-01:09:48.655408 | 98=0 | 108=15 | 1137=8 | 10=080 | 8=FIXT.1.1 | 9=0062 | 35=2 | 34=12 | 49=IDX | 56=VP | 52=20240126-01:09:48.655408 | 7=15 | 16=0 | 10=148 | [0m
[33m[2024-01-26 08:09:49] [0m [31m   error read on read_complete(): End of file[0m
[33m[2024-01-26 08:12:01] [0m [32m8=FIXT.1.1 | 9=0071 | 35=A | 34=13 | 49=IDX | 56=VP | 52=20240126-01:12:01.744306 | 98=0 | 108=15 | 1137=8 | 10=061 | 8=FIXT.1.1 | 9=0062 | 35=2 | 34=14 | 49=IDX | 56=VP | 52=20240126-01:12:01.744306 | 7=21 | 16=0 | 10=126 | [0m
[33m[2024-01-26 08:12:11] [0m [32m8=FIXT.1.1 | 9=0339 | 35=AP | 34=15 | 49=IDX | 56=VP | 52=20240126-01:12:12.347636 | 721=29532 | 710=20180208RPy4sn1ygt7d | 715=20240126 | 453=1 | 448=AD | 447=C | 452=7 | 753=9 | 707=POOL-LMT | 708=1000000000000 | 707=POOL-USD | 708=0 | 707=POOL-TRD | 708=0 | 707=EQTY-LMT | 708=1000000000000 | 707=EQTY-USD | 708=0 | 707=EQTY-TRD | 708=0 | 707=DRVS-LMT | 708=1000000000000 | 707=DRVS-USD | 708=0 | 707=DRVS-TRD | 708=0 | 10=253 | [0m
[33m[2024-01-26 08:12:26] [0m [32m8=FIXT.1.1 | 9=0052 | 35=0 | 34=16 | 49=IDX | 56=VP | 52=20240126-01:12:27.000077 | 10=206 | [0m
[33m[2024-01-26 08:12:31] [0m [32m8=FIXT.1.1 | 9=0339 | 35=AP | 34=17 | 49=IDX | 56=VP | 52=20240126-01:12:32.353833 | 721=29552 | 710=20180208RPy4sn1ygt7d | 715=20240126 | 453=1 | 448=AD | 447=C | 452=7 | 753=9 | 707=POOL-LMT | 708=1000000000000 | 707=POOL-USD | 708=0 | 707=POOL-TRD | 708=0 | 707=EQTY-LMT | 708=1000000000000 | 707=EQTY-USD | 708=0 | 707=EQTY-TRD | 708=0 | 707=DRVS-LMT | 708=1000000000000 | 707=DRVS-USD | 708=0 | 707=DRVS-TRD | 708=0 | 10=255 | [0m
[33m[2024-01-26 08:13:17] [0m [32m8=FIXT.1.1 | 9=0071 | 35=A | 34=18 | 49=IDX | 56=VP | 52=20240126-01:13:17.760454 | 98=0 | 108=15 | 1137=8 | 10=076 | [0m
[33m[2024-01-26 08:13:21] [0m [31m   error read on read_complete(): End of file[0m
[33m[2024-01-26 08:13:23] [0m [32m8=FIXT.1.1 | 9=0071 | 35=A | 34=19 | 49=IDX | 56=VP | 52=20240126-01:13:24.459088 | 98=0 | 108=15 | 1137=8 | 10=083 | 8=FIXT.1.1 | 9=0062 | 35=2 | 34=20 | 49=IDX | 56=VP | 52=20240126-01:13:24.459088 | 7=30 | 16=0 | 10=139 | [0m
[33m[2024-01-26 08:14:06] [0m [32m8=FIXT.1.1 | 9=0071 | 35=A | 34=21 | 49=IDX | 56=VP | 52=20240126-01:14:07.522920 | 98=0 | 108=15 | 1137=8 | 10=064 | [0m
[33m[2024-01-26 08:14:08] [0m [31m   error read on read_complete(): End of file[0m
[33m[2024-01-26 08:22:10] [0m [32m8=FIXT.1.1 | 9=0071 | 35=A | 34=22 | 49=IDX | 56=VP | 52=20240126-01:22:11.452700 | 98=0 | 108=15 | 1137=8 | 10=057 | 8=FIXT.1.1 | 9=0062 | 35=2 | 34=23 | 49=IDX | 56=VP | 52=20240126-01:22:11.452700 | 7=37 | 16=0 | 10=129 | [0m
[33m[2024-01-26 08:22:25] [0m [32m8=FIXT.1.1 | 9=0052 | 35=0 | 34=24 | 49=IDX | 56=VP | 52=20240126-01:22:26.000081 | 10=200 | [0m
[33m[2024-01-26 08:22:29] [0m [32m8=FIXT.1.1 | 9=0339 | 35=AP | 34=25 | 49=IDX | 56=VP | 52=20240126-01:22:29.925051 | 721=30149 | 710=20180208RPy4sn1ygt7d | 715=20240126 | 453=1 | 448=AD | 447=C | 452=7 | 753=9 | 707=POOL-LMT | 708=1000000000000 | 707=POOL-USD | 708=0 | 707=POOL-TRD | 708=0 | 707=EQTY-LMT | 708=1000000000000 | 707=EQTY-USD | 708=0 | 707=EQTY-TRD | 708=0 | 707=DRVS-LMT | 708=1000000000000 | 707=DRVS-USD | 708=0 | 707=DRVS-TRD | 708=0 | 10=252 | [0m
[33m[2024-01-26 08:42:27] [0m [32m8=FIXT.1.1 | 9=0071 | 35=A | 34=26 | 49=IDX | 56=VP | 52=20240126-01:42:28.697228 | 98=0 | 108=15 | 1137=8 | 10=087 | [0m
[33m[2024-01-26 08:42:37] [0m [32m8=FIXT.1.1 | 9=0291 | 35=8 | 34=27 | 49=IDX | 56=VP | 57=vpft1001 | 52=20240126-01:42:38.209692 | 11=fa37JncCHryDsbzayy4c | 17=4 | 37=0 | 198=0 | 150=8 | 453=1 | 448=1000 | 447=C | 452=5 | 55=ANTM | 762=RG | 581=1 | 14=0 | 38=2 | 39=8 | 40=2 | 44=50000 | 54=5 | 59=0 | 60=20240126-01:42:38.209692 | 103=99 | 151=0 | 58=(293): Orders are not being accepted at this time | 10=180 | [0m
[33m[2024-01-26 08:42:38] [0m [32m8=FIXT.1.1 | 9=0291 | 35=8 | 34=28 | 49=IDX | 56=VP | 57=vpft1001 | 52=20240126-01:42:39.623836 | 11=BWDxS22JjzhMaiRrV41m | 17=5 | 37=0 | 198=0 | 150=8 | 453=1 | 448=1000 | 447=C | 452=5 | 55=ANTM | 762=RG | 581=1 | 14=0 | 38=2 | 39=8 | 40=2 | 44=50000 | 54=5 | 59=0 | 60=20240126-01:42:39.623836 | 103=99 | 151=0 | 58=(293): Orders are not being accepted at this time | 10=030 | [0m
[33m[2024-01-26 08:42:45] [0m [32m8=FIXT.1.1 | 9=0339 | 35=AP | 34=29 | 49=IDX | 56=VP | 52=20240126-01:42:46.022444 | 721=31366 | 710=20180208RPy4sn1ygt7d | 715=20240126 | 453=1 | 448=AD | 447=C | 452=7 | 753=9 | 707=POOL-LMT | 708=1000000000000 | 707=POOL-USD | 708=0 | 707=POOL-TRD | 708=0 | 707=EQTY-LMT | 708=1000000000000 | 707=EQTY-USD | 708=0 | 707=EQTY-TRD | 708=0 | 707=DRVS-LMT | 708=1000000000000 | 707=DRVS-USD | 708=0 | 707=DRVS-TRD | 708=0 | 10=253 | [0m
[33m[2024-01-26 08:43:00] [0m [32m8=FIXT.1.1 | 9=0052 | 35=0 | 34=30 | 49=IDX | 56=VP | 52=20240126-01:43:01.000079 | 10=200 | [0m
[33m[2024-01-26 08:43:05] [0m [32m8=FIXT.1.1 | 9=0339 | 35=AP | 34=31 | 49=IDX | 56=VP | 52=20240126-01:43:06.063532 | 721=31386 | 710=20180208RPy4sn1ygt7d | 715=20240126 | 453=1 | 448=AD | 447=C | 452=7 | 753=9 | 707=POOL-LMT | 708=1000000000000 | 707=POOL-USD | 708=0 | 707=POOL-TRD | 708=0 | 707=EQTY-LMT | 708=1000000000000 | 707=EQTY-USD | 708=0 | 707=EQTY-TRD | 708=0 | 707=DRVS-LMT | 708=1000000000000 | 707=DRVS-USD | 708=0 | 707=DRVS-TRD | 708=0 | 10=248 | [0m
[33m[2024-01-26 08:43:20] [0m [32m8=FIXT.1.1 | 9=0052 | 35=0 | 34=32 | 49=IDX | 56=VP | 52=20240126-01:43:21.000069 | 10=203 | [0m
[33m[2024-01-26 08:43:25] [0m [32m8=FIXT.1.1 | 9=0339 | 35=AP | 34=33 | 49=IDX | 56=VP | 52=20240126-01:43:26.097630 | 721=31406 | 710=20180208RPy4sn1ygt7d | 715=20240126 | 453=1 | 448=AD | 447=C | 452=7 | 753=9 | 707=POOL-LMT | 708=1000000000000 | 707=POOL-USD | 708=0 | 707=POOL-TRD | 708=0 | 707=EQTY-LMT | 708=1000000000000 | 707=EQTY-USD | 708=0 | 707=EQTY-TRD | 708=0 | 707=DRVS-LMT | 708=1000000000000 | 707=DRVS-USD | 708=0 | 707=DRVS-TRD | 708=0 | 10=251 | [0m
[33m[2024-01-26 08:43:40] [0m [32m8=FIXT.1.1 | 9=0052 | 35=0 | 34=34 | 49=IDX | 56=VP | 52=20240126-01:43:41.000078 | 10=207 | [0m
[33m[2024-01-26 08:43:45] [0m [32m8=FIXT.1.1 | 9=0339 | 35=AP | 34=35 | 49=IDX | 56=VP | 52=20240126-01:43:46.102380 | 721=31426 | 710=20180208RPy4sn1ygt7d | 715=20240126 | 453=1 | 448=AD | 447=C | 452=7 | 753=9 | 707=POOL-LMT | 708=1000000000000 | 707=POOL-USD | 708=0 | 707=POOL-TRD | 708=0 | 707=EQTY-LMT | 708=1000000000000 | 707=EQTY-USD | 708=0 | 707=EQTY-TRD | 708=0 | 707=DRVS-LMT | 708=1000000000000 | 707=DRVS-USD | 708=0 | 707=DRVS-TRD | 708=0 | 10=246 | [0m
[33m[2024-01-26 08:44:00] [0m [32m8=FIXT.1.1 | 9=0052 | 35=0 | 34=36 | 49=IDX | 56=VP | 52=20240126-01:44:01.000077 | 10=205 | [0m
[33m[2024-01-26 08:44:05] [0m [32m8=FIXT.1.1 | 9=0339 | 35=AP | 34=37 | 49=IDX | 56=VP | 52=20240126-01:44:06.052615 | 721=31446 | 710=20180208RPy4sn1ygt7d | 715=20240126 | 453=1 | 448=AD | 447=C | 452=7 | 753=9 | 707=POOL-LMT | 708=1000000000000 | 707=POOL-USD | 708=0 | 707=POOL-TRD | 708=0 | 707=EQTY-LMT | 708=1000000000000 | 707=EQTY-USD | 708=0 | 707=EQTY-TRD | 708=0 | 707=DRVS-LMT | 708=1000000000000 | 707=DRVS-USD | 708=0 | 707=DRVS-TRD | 708=0 | 10=252 | [0m
[33m[2024-01-26 08:44:20] [0m [32m8=FIXT.1.1 | 9=0052 | 35=0 | 34=38 | 49=IDX | 56=VP | 52=20240126-01:44:21.000073 | 10=205 | [0m
[33m[2024-01-26 08:44:25] [0m [32m8=FIXT.1.1 | 9=0339 | 35=AP | 34=39 | 49=IDX | 56=VP | 52=20240126-01:44:26.084686 | 721=31466 | 710=20180208RPy4sn1ygt7d | 715=20240126 | 453=1 | 448=AD | 447=C | 452=7 | 753=9 | 707=POOL-LMT | 708=1000000000000 | 707=POOL-USD | 708=0 | 707=POOL-TRD | 708=0 | 707=EQTY-LMT | 708=1000000000000 | 707=EQTY-USD | 708=0 | 707=EQTY-TRD | 708=0 | 707=DRVS-LMT | 708=1000000000000 | 707=DRVS-USD | 708=0 | 707=DRVS-TRD | 708=0 | 10=015 | [0m
[33m[2024-01-26 08:44:40] [0m [32m8=FIXT.1.1 | 9=0052 | 35=0 | 34=40 | 49=IDX | 56=VP | 52=20240126-01:44:41.000079 | 10=206 | [0m
[33m[2024-01-26 08:44:45] [0m [32m8=FIXT.1.1 | 9=0339 | 35=AP | 34=41 | 49=IDX | 56=VP | 52=20240126-01:44:46.124883 | 721=31486 | 710=20180208RPy4sn1ygt7d | 715=20240126 | 453=1 | 448=AD | 447=C | 452=7 | 753=9 | 707=POOL-LMT | 708=1000000000000 | 707=POOL-USD | 708=0 | 707=POOL-TRD | 708=0 | 707=EQTY-LMT | 708=1000000000000 | 707=EQTY-USD | 708=0 | 707=EQTY-TRD | 708=0 | 707=DRVS-LMT | 708=1000000000000 | 707=DRVS-USD | 708=0 | 707=DRVS-TRD | 708=0 | 10=006 | [0m
[33m[2024-01-26 08:45:00] [0m [32m8=FIXT.1.1 | 9=0052 | 35=0 | 34=42 | 49=IDX | 56=VP | 52=20240126-01:45:01.000075 | 10=201 | [0m
[33m[2024-01-26 08:45:05] [0m [32m8=FIXT.1.1 | 9=0339 | 35=AP | 34=43 | 49=IDX | 56=VP | 52=20240126-01:45:06.050580 | 721=31506 | 710=20180208RPy4sn1ygt7d | 715=20240126 | 453=1 | 448=AD | 447=C | 452=7 | 753=9 | 707=POOL-LMT | 708=1000000000000 | 707=POOL-USD | 708=0 | 707=POOL-TRD | 708=0 | 707=EQTY-LMT | 708=1000000000000 | 707=EQTY-USD | 708=0 | 707=EQTY-TRD | 708=0 | 707=DRVS-LMT | 708=1000000000000 | 707=DRVS-USD | 708=0 | 707=DRVS-TRD | 708=0 | 10=246 | [0m
[33m[2024-01-26 08:45:20] [0m [32m8=FIXT.1.1 | 9=0052 | 35=0 | 34=44 | 49=IDX | 56=VP | 52=20240126-01:45:21.000066 | 10=205 | [0m
[33m[2024-01-26 08:45:25] [0m [32m8=FIXT.1.1 | 9=0339 | 35=AP | 34=45 | 49=IDX | 56=VP | 52=20240126-01:45:26.124062 | 721=31526 | 710=20180208RPy4sn1ygt7d | 715=20240126 | 453=1 | 448=AD | 447=C | 452=7 | 753=9 | 707=POOL-LMT | 708=1000000000000 | 707=POOL-USD | 708=0 | 707=POOL-TRD | 708=0 | 707=EQTY-LMT | 708=1000000000000 | 707=EQTY-USD | 708=0 | 707=EQTY-TRD | 708=0 | 707=DRVS-LMT | 708=1000000000000 | 707=DRVS-USD | 708=0 | 707=DRVS-TRD | 708=0 | 10=249 | [0m
[33m[2024-01-26 08:45:40] [0m [32m8=FIXT.1.1 | 9=0052 | 35=0 | 34=46 | 49=IDX | 56=VP | 52=20240126-01:45:41.000068 | 10=211 | [0m
[33m[2024-01-26 08:45:45] [0m [32m8=FIXT.1.1 | 9=0339 | 35=AP | 34=47 | 49=IDX | 56=VP | 52=20240126-01:45:46.125303 | 721=31546 | 710=20180208RPy4sn1ygt7d | 715=20240126 | 453=1 | 448=AD | 447=C | 452=7 | 753=9 | 707=POOL-LMT | 708=1000000000000 | 707=POOL-USD | 708=0 | 707=POOL-TRD | 708=0 | 707=EQTY-LMT | 708=1000000000000 | 707=EQTY-USD | 708=0 | 707=EQTY-TRD | 708=0 | 707=DRVS-LMT | 708=1000000000000 | 707=DRVS-USD | 708=0 | 707=DRVS-TRD | 708=0 | 10=254 | [0m
[33m[2024-01-26 08:46:00] [0m [32m8=FIXT.1.1 | 9=0052 | 35=0 | 34=48 | 49=IDX | 56=VP | 52=20240126-01:46:01.000079 | 10=212 | [0m
[33m[2024-01-26 08:46:05] [0m [32m8=FIXT.1.1 | 9=0339 | 35=AP | 34=49 | 49=IDX | 56=VP | 52=20240126-01:46:06.153176 | 721=31566 | 710=20180208RPy4sn1ygt7d | 715=20240126 | 453=1 | 448=AD | 447=C | 452=7 | 753=9 | 707=POOL-LMT | 708=1000000000000 | 707=POOL-USD | 708=0 | 707=POOL-TRD | 708=0 | 707=EQTY-LMT | 708=1000000000000 | 707=EQTY-USD | 708=0 | 707=EQTY-TRD | 708=0 | 707=DRVS-LMT | 708=1000000000000 | 707=DRVS-USD | 708=0 | 707=DRVS-TRD | 708=0 | 10=008 | [0m
[33m[2024-01-26 08:46:20] [0m [32m8=FIXT.1.1 | 9=0052 | 35=0 | 34=50 | 49=IDX | 56=VP | 52=20240126-01:46:21.000065 | 10=202 | [0m
[33m[2024-01-26 08:46:25] [0m [32m8=FIXT.1.1 | 9=0339 | 35=AP | 34=51 | 49=IDX | 56=VP | 52=20240126-01:46:26.329542 | 721=31586 | 710=20180208RPy4sn1ygt7d | 715=20240126 | 453=1 | 448=AD | 447=C | 452=7 | 753=9 | 707=POOL-LMT | 708=1000000000000 | 707=POOL-USD | 708=0 | 707=POOL-TRD | 708=0 | 707=EQTY-LMT | 708=1000000000000 | 707=EQTY-USD | 708=0 | 707=EQTY-TRD | 708=0 | 707=DRVS-LMT | 708=1000000000000 | 707=DRVS-USD | 708=0 | 707=DRVS-TRD | 708=0 | 10=007 | [0m
[33m[2024-01-26 08:46:40] [0m [32m8=FIXT.1.1 | 9=0052 | 35=0 | 34=52 | 49=IDX | 56=VP | 52=20240126-01:46:41.000067 | 10=208 | [0m
[33m[2024-01-26 08:46:45] [0m [32m8=FIXT.1.1 | 9=0339 | 35=AP | 34=53 | 49=IDX | 56=VP | 52=20240126-01:46:46.180290 | 721=31606 | 710=20180208RPy4sn1ygt7d | 715=20240126 | 453=1 | 448=AD | 447=C | 452=7 | 753=9 | 707=POOL-LMT | 708=1000000000000 | 707=POOL-USD | 708=0 | 707=POOL-TRD | 708=0 | 707=EQTY-LMT | 708=1000000000000 | 707=EQTY-USD | 708=0 | 707=EQTY-TRD | 708=0 | 707=DRVS-LMT | 708=1000000000000 | 707=DRVS-USD | 708=0 | 707=DRVS-TRD | 708=0 | 10=255 | [0m
[33m[2024-01-26 08:47:00] [0m [32m8=FIXT.1.1 | 9=0052 | 35=0 | 34=54 | 49=IDX | 56=VP | 52=20240126-01:47:01.000062 | 10=202 | [0m
[33m[2024-01-26 08:47:05] [0m [32m8=FIXT.1.1 | 9=0339 | 35=AP | 34=55 | 49=IDX | 56=VP | 52=20240126-01:47:06.235386 | 721=31626 | 710=20180208RPy4sn1ygt7d | 715=20240126 | 453=1 | 448=AD | 447=C | 452=7 | 753=9 | 707=POOL-LMT | 708=1000000000000 | 707=POOL-USD | 708=0 | 707=POOL-TRD | 708=0 | 707=EQTY-LMT | 708=1000000000000 | 707=EQTY-USD | 708=0 | 707=EQTY-TRD | 708=0 | 707=DRVS-LMT | 708=1000000000000 | 707=DRVS-USD | 708=0 | 707=DRVS-TRD | 708=0 | 10=007 | [0m
[33m[2024-01-26 08:47:20] [0m [32m8=FIXT.1.1 | 9=0052 | 35=0 | 34=56 | 49=IDX | 56=VP | 52=20240126-01:47:21.000060 | 10=204 | [0m
[33m[2024-01-26 08:47:25] [0m [32m8=FIXT.1.1 | 9=0339 | 35=AP | 34=57 | 49=IDX | 56=VP | 52=20240126-01:47:26.203570 | 721=31646 | 710=20180208RPy4sn1ygt7d | 715=20240126 | 453=1 | 448=AD | 447=C | 452=7 | 753=9 | 707=POOL-LMT | 708=1000000000000 | 707=POOL-USD | 708=0 | 707=POOL-TRD | 708=0 | 707=EQTY-LMT | 708=1000000000000 | 707=EQTY-USD | 708=0 | 707=EQTY-TRD | 708=0 | 707=DRVS-LMT | 708=1000000000000 | 707=DRVS-USD | 708=0 | 707=DRVS-TRD | 708=0 | 10=003 | [0m
[33m[2024-01-26 08:47:40] [0m [32m8=FIXT.1.1 | 9=0052 | 35=0 | 34=58 | 49=IDX | 56=VP | 52=20240126-01:47:41.000061 | 10=209 | [0m
[33m[2024-01-26 08:47:45] [0m [32m8=FIXT.1.1 | 9=0339 | 35=AP | 34=59 | 49=IDX | 56=VP | 52=20240126-01:47:46.280242 | 721=31666 | 710=20180208RPy4sn1ygt7d | 715=20240126 | 453=1 | 448=AD | 447=C | 452=7 | 753=9 | 707=POOL-LMT | 708=1000000000000 | 707=POOL-USD | 708=0 | 707=POOL-TRD | 708=0 | 707=EQTY-LMT | 708=1000000000000 | 707=EQTY-USD | 708=0 | 707=EQTY-TRD | 708=0 | 707=DRVS-LMT | 708=1000000000000 | 707=DRVS-USD | 708=0 | 707=DRVS-TRD | 708=0 | 10=010 | [0m
[33m[2024-01-26 08:48:00] [0m [32m8=FIXT.1.1 | 9=0052 | 35=0 | 34=60 | 49=IDX | 56=VP | 52=20240126-01:48:01.000056 | 10=203 | [0m
[33m[2024-01-26 08:48:05] [0m [32m8=FIXT.1.1 | 9=0339 | 35=AP | 34=61 | 49=IDX | 56=VP | 52=20240126-01:48:06.333421 | 721=31686 | 710=20180208RPy4sn1ygt7d | 715=20240126 | 453=1 | 448=AD | 447=C | 452=7 | 753=9 | 707=POOL-LMT | 708=1000000000000 | 707=POOL-USD | 708=0 | 707=POOL-TRD | 708=0 | 707=EQTY-LMT | 708=1000000000000 | 707=EQTY-USD | 708=0 | 707=EQTY-TRD | 708=0 | 707=DRVS-LMT | 708=1000000000000 | 707=DRVS-USD | 708=0 | 707=DRVS-TRD | 708=0 | 10=000 | [0m
[33m[2024-01-26 08:48:20] [0m [32m8=FIXT.1.1 | 9=0052 | 35=0 | 34=62 | 49=IDX | 56=VP | 52=20240126-01:48:21.000062 | 10=204 | [0m
[33m[2024-01-26 08:48:25] [0m [32m8=FIXT.1.1 | 9=0339 | 35=AP | 34=63 | 49=IDX | 56=VP | 52=20240126-01:48:26.264197 | 721=31706 | 710=20180208RPy4sn1ygt7d | 715=20240126 | 453=1 | 448=AD | 447=C | 452=7 | 753=9 | 707=POOL-LMT | 708=1000000000000 | 707=POOL-USD | 708=0 | 707=POOL-TRD | 708=0 | 707=EQTY-LMT | 708=1000000000000 | 707=EQTY-USD | 708=0 | 707=EQTY-TRD | 708=0 | 707=DRVS-LMT | 708=1000000000000 | 707=DRVS-USD | 708=0 | 707=DRVS-TRD | 708=0 | 10=010 | [0m
[33m[2024-01-26 08:48:40] [0m [32m8=FIXT.1.1 | 9=0052 | 35=0 | 34=64 | 49=IDX | 56=VP | 52=20240126-01:48:41.000078 | 10=215 | [0m
[33m[2024-01-26 08:48:45] [0m [32m8=FIXT.1.1 | 9=0339 | 35=AP | 34=65 | 49=IDX | 56=VP | 52=20240126-01:48:46.248959 | 721=31726 | 710=20180208RPy4sn1ygt7d | 715=20240126 | 453=1 | 448=AD | 447=C | 452=7 | 753=9 | 707=POOL-LMT | 708=1000000000000 | 707=POOL-USD | 708=0 | 707=POOL-TRD | 708=0 | 707=EQTY-LMT | 708=1000000000000 | 707=EQTY-USD | 708=0 | 707=EQTY-TRD | 708=0 | 707=DRVS-LMT | 708=1000000000000 | 707=DRVS-USD | 708=0 | 707=DRVS-TRD | 708=0 | 10=024 | [0m
[33m[2024-01-26 08:49:00] [0m [32m8=FIXT.1.1 | 9=0052 | 35=0 | 34=66 | 49=IDX | 56=VP | 52=20240126-01:49:01.000087 | 10=214 | [0m
[33m[2024-01-26 08:49:05] [0m [32m8=FIXT.1.1 | 9=0339 | 35=AP | 34=67 | 49=IDX | 56=VP | 52=20240126-01:49:06.233674 | 721=31746 | 710=20180208RPy4sn1ygt7d | 715=20240126 | 453=1 | 448=AD | 447=C | 452=7 | 753=9 | 707=POOL-LMT | 708=1000000000000 | 707=POOL-USD | 708=0 | 707=POOL-TRD | 708=0 | 707=EQTY-LMT | 708=1000000000000 | 707=EQTY-USD | 708=0 | 707=EQTY-TRD | 708=0 | 707=DRVS-LMT | 708=1000000000000 | 707=DRVS-USD | 708=0 | 707=DRVS-TRD | 708=0 | 10=013 | [0m
[33m[2024-01-26 08:49:20] [0m [32m8=FIXT.1.1 | 9=0052 | 35=0 | 34=68 | 49=IDX | 56=VP | 52=20240126-01:49:21.000079 | 10=219 | [0m
[33m[2024-01-26 08:49:25] [0m [32m8=FIXT.1.1 | 9=0339 | 35=AP | 34=69 | 49=IDX | 56=VP | 52=20240126-01:49:26.189087 | 721=31766 | 710=20180208RPy4sn1ygt7d | 715=20240126 | 453=1 | 448=AD | 447=C | 452=7 | 753=9 | 707=POOL-LMT | 708=1000000000000 | 707=POOL-USD | 708=0 | 707=POOL-TRD | 708=0 | 707=EQTY-LMT | 708=1000000000000 | 707=EQTY-USD | 708=0 | 707=EQTY-TRD | 708=0 | 707=DRVS-LMT | 708=1000000000000 | 707=DRVS-USD | 708=0 | 707=DRVS-TRD | 708=0 | 10=027 | [0m
[33m[2024-01-26 08:49:40] [0m [32m8=FIXT.1.1 | 9=0052 | 35=0 | 34=70 | 49=IDX | 56=VP | 52=20240126-01:49:41.000080 | 10=206 | [0m
[33m[2024-01-26 08:49:45] [0m [32m8=FIXT.1.1 | 9=0339 | 35=AP | 34=71 | 49=IDX | 56=VP | 52=20240126-01:49:46.454766 | 721=31786 | 710=20180208RPy4sn1ygt7d | 715=20240126 | 453=1 | 448=AD | 447=C | 452=7 | 753=9 | 707=POOL-LMT | 708=1000000000000 | 707=POOL-USD | 708=0 | 707=POOL-TRD | 708=0 | 707=EQTY-LMT | 708=1000000000000 | 707=EQTY-USD | 708=0 | 707=EQTY-TRD | 708=0 | 707=DRVS-LMT | 708=1000000000000 | 707=DRVS-USD | 708=0 | 707=DRVS-TRD | 708=0 | 10=023 | [0m
[33m[2024-01-26 08:50:00] [0m [32m8=FIXT.1.1 | 9=0052 | 35=0 | 34=72 | 49=IDX | 56=VP | 52=20240126-01:50:01.000070 | 10=195 | [0m
[33m[2024-01-26 08:50:05] [0m [32m8=FIXT.1.1 | 9=0339 | 35=AP | 34=73 | 49=IDX | 56=VP | 52=20240126-01:50:06.273683 | 721=31806 | 710=20180208RPy4sn1ygt7d | 715=20240126 | 453=1 | 448=AD | 447=C | 452=7 | 753=9 | 707=POOL-LMT | 708=1000000000000 | 707=POOL-USD | 708=0 | 707=POOL-TRD | 708=0 | 707=EQTY-LMT | 708=1000000000000 | 707=EQTY-USD | 708=0 | 707=EQTY-TRD | 708=0 | 707=DRVS-LMT | 708=1000000000000 | 707=DRVS-USD | 708=0 | 707=DRVS-TRD | 708=0 | 10=003 | [0m
[33m[2024-01-26 08:50:20] [0m [32m8=FIXT.1.1 | 9=0052 | 35=0 | 34=74 | 49=IDX | 56=VP | 52=20240126-01:50:21.000086 | 10=206 | [0m
[33m[2024-01-26 08:50:25] [0m [32m8=FIXT.1.1 | 9=0339 | 35=AP | 34=75 | 49=IDX | 56=VP | 52=20240126-01:50:26.171771 | 721=31826 | 710=20180208RPy4sn1ygt7d | 715=20240126 | 453=1 | 448=AD | 447=C | 452=7 | 753=9 | 707=POOL-LMT | 708=1000000000000 | 707=POOL-USD | 708=0 | 707=POOL-TRD | 708=0 | 707=EQTY-LMT | 708=1000000000000 | 707=EQTY-USD | 708=0 | 707=EQTY-TRD | 708=0 | 707=DRVS-LMT | 708=1000000000000 | 707=DRVS-USD | 708=0 | 707=DRVS-TRD | 708=0 | 10=004 | [0m
[33m[2024-01-26 08:50:40] [0m [32m8=FIXT.1.1 | 9=0052 | 35=0 | 34=76 | 49=IDX | 56=VP | 52=20240126-01:50:41.000067 | 10=209 | [0m
[33m[2024-01-26 08:50:45] [0m [32m8=FIXT.1.1 | 9=0339 | 35=AP | 34=77 | 49=IDX | 56=VP | 52=20240126-01:50:46.206431 | 721=31846 | 710=20180208RPy4sn1ygt7d | 715=20240126 | 453=1 | 448=AD | 447=C | 452=7 | 753=9 | 707=POOL-LMT | 708=1000000000000 | 707=POOL-USD | 708=0 | 707=POOL-TRD | 708=0 | 707=EQTY-LMT | 708=1000000000000 | 707=EQTY-USD | 708=0 | 707=EQTY-TRD | 708=0 | 707=DRVS-LMT | 708=1000000000000 | 707=DRVS-USD | 708=0 | 707=DRVS-TRD | 708=0 | 10=002 | [0m
[33m[2024-01-26 08:51:00] [0m [32m8=FIXT.1.1 | 9=0052 | 35=0 | 34=78 | 49=IDX | 56=VP | 52=20240126-01:51:01.000075 | 10=207 | [0m
[33m[2024-01-26 08:51:05] [0m [32m8=FIXT.1.1 | 9=0339 | 35=AP | 34=79 | 49=IDX | 56=VP | 52=20240126-01:51:06.264643 | 721=31866 | 710=20180208RPy4sn1ygt7d | 715=20240126 | 453=1 | 448=AD | 447=C | 452=7 | 753=9 | 707=POOL-LMT | 708=1000000000000 | 707=POOL-USD | 708=0 | 707=POOL-TRD | 708=0 | 707=EQTY-LMT | 708=1000000000000 | 707=EQTY-USD | 708=0 | 707=EQTY-TRD | 708=0 | 707=DRVS-LMT | 708=1000000000000 | 707=DRVS-USD | 708=0 | 707=DRVS-TRD | 708=0 | 10=012 | [0m
[33m[2024-01-26 08:51:20] [0m [32m8=FIXT.1.1 | 9=0052 | 35=0 | 34=80 | 49=IDX | 56=VP | 52=20240126-01:51:21.000077 | 10=204 | [0m
[33m[2024-01-26 08:51:25] [0m [32m8=FIXT.1.1 | 9=0339 | 35=AP | 34=81 | 49=IDX | 56=VP | 52=20240126-01:51:26.277234 | 721=31886 | 710=20180208RPy4sn1ygt7d | 715=20240126 | 453=1 | 448=AD | 447=C | 452=7 | 753=9 | 707=POOL-LMT | 708=1000000000000 | 707=POOL-USD | 708=0 | 707=POOL-TRD | 708=0 | 707=EQTY-LMT | 708=1000000000000 | 707=EQTY-USD | 708=0 | 707=EQTY-TRD | 708=0 | 707=DRVS-LMT | 708=1000000000000 | 707=DRVS-USD | 708=0 | 707=DRVS-TRD | 708=0 | 10=009 | [0m
[33m[2024-01-26 08:51:40] [0m [32m8=FIXT.1.1 | 9=0052 | 35=0 | 34=82 | 49=IDX | 56=VP | 52=20240126-01:51:41.000052 | 10=201 | [0m
[33m[2024-01-26 08:51:45] [0m [32m8=FIXT.1.1 | 9=0339 | 35=AP | 34=83 | 49=IDX | 56=VP | 52=20240126-01:51:46.211860 | 721=31906 | 710=20180208RPy4sn1ygt7d | 715=20240126 | 453=1 | 448=AD | 447=C | 452=7 | 753=9 | 707=POOL-LMT | 708=1000000000000 | 707=POOL-USD | 708=0 | 707=POOL-TRD | 708=0 | 707=EQTY-LMT | 708=1000000000000 | 707=EQTY-USD | 708=0 | 707=EQTY-TRD | 708=0 | 707=DRVS-LMT | 708=1000000000000 | 707=DRVS-USD | 708=0 | 707=DRVS-TRD | 708=0 | 10=255 | [0m
[33m[2024-01-26 08:52:00] [0m [32m8=FIXT.1.1 | 9=0052 | 35=0 | 34=84 | 49=IDX | 56=VP | 52=20240126-01:52:01.000080 | 10=201 | [0m
[33m[2024-01-26 08:52:05] [0m [32m8=FIXT.1.1 | 9=0339 | 35=AP | 34=85 | 49=IDX | 56=VP | 52=20240126-01:52:06.406096 | 721=31926 | 710=20180208RPy4sn1ygt7d | 715=20240126 | 453=1 | 448=AD | 447=C | 452=7 | 753=9 | 707=POOL-LMT | 708=1000000000000 | 707=POOL-USD | 708=0 | 707=POOL-TRD | 708=0 | 707=EQTY-LMT | 708=1000000000000 | 707=EQTY-USD | 708=0 | 707=EQTY-TRD | 708=0 | 707=DRVS-LMT | 708=1000000000000 | 707=DRVS-USD | 708=0 | 707=DRVS-TRD | 708=0 | 10=007 | [0m
[33m[2024-01-26 08:52:20] [0m [32m8=FIXT.1.1 | 9=0052 | 35=0 | 34=86 | 49=IDX | 56=VP | 52=20240126-01:52:21.000072 | 10=206 | [0m
[33m[2024-01-26 08:52:25] [0m [32m8=FIXT.1.1 | 9=0339 | 35=AP | 34=87 | 49=IDX | 56=VP | 52=20240126-01:52:26.282345 | 721=31946 | 710=20180208RPy4sn1ygt7d | 715=20240126 | 453=1 | 448=AD | 447=C | 452=7 | 753=9 | 707=POOL-LMT | 708=1000000000000 | 707=POOL-USD | 708=0 | 707=POOL-TRD | 708=0 | 707=EQTY-LMT | 708=1000000000000 | 707=EQTY-USD | 708=0 | 707=EQTY-TRD | 708=0 | 707=DRVS-LMT | 708=1000000000000 | 707=DRVS-USD | 708=0 | 707=DRVS-TRD | 708=0 | 10=012 | [0m
[33m[2024-01-26 08:52:40] [0m [32m8=FIXT.1.1 | 9=0052 | 35=0 | 34=88 | 49=IDX | 56=VP | 52=20240126-01:52:41.000077 | 10=215 | [0m
[33m[2024-01-26 08:52:45] [0m [32m8=FIXT.1.1 | 9=0339 | 35=AP | 34=89 | 49=IDX | 56=VP | 52=20240126-01:52:46.208568 | 721=31966 | 710=20180208RPy4sn1ygt7d | 715=20240126 | 453=1 | 448=AD | 447=C | 452=7 | 753=9 | 707=POOL-LMT | 708=1000000000000 | 707=POOL-USD | 708=0 | 707=POOL-TRD | 708=0 | 707=EQTY-LMT | 708=1000000000000 | 707=EQTY-USD | 708=0 | 707=EQTY-TRD | 708=0 | 707=DRVS-LMT | 708=1000000000000 | 707=DRVS-USD | 708=0 | 707=DRVS-TRD | 708=0 | 10=023 | [0m
[33m[2024-01-26 08:53:00] [0m [32m8=FIXT.1.1 | 9=0052 | 35=0 | 34=90 | 49=IDX | 56=VP | 52=20240126-01:53:01.000074 | 10=202 | [0m
[33m[2024-01-26 08:53:05] [0m [32m8=FIXT.1.1 | 9=0339 | 35=AP | 34=91 | 49=IDX | 56=VP | 52=20240126-01:53:06.477697 | 721=31986 | 710=20180208RPy4sn1ygt7d | 715=20240126 | 453=1 | 448=AD | 447=C | 452=7 | 753=9 | 707=POOL-LMT | 708=1000000000000 | 707=POOL-USD | 708=0 | 707=POOL-TRD | 708=0 | 707=EQTY-LMT | 708=1000000000000 | 707=EQTY-USD | 708=0 | 707=EQTY-TRD | 708=0 | 707=DRVS-LMT | 708=1000000000000 | 707=DRVS-USD | 708=0 | 707=DRVS-TRD | 708=0 | 10=026 | [0m
[33m[2024-01-26 08:53:20] [0m [32m8=FIXT.1.1 | 9=0052 | 35=0 | 34=92 | 49=IDX | 56=VP | 52=20240126-01:53:21.000063 | 10=204 | [0m
[33m[2024-01-26 08:53:25] [0m [32m8=FIXT.1.1 | 9=0339 | 35=AP | 34=93 | 49=IDX | 56=VP | 52=20240126-01:53:26.270877 | 721=32006 | 710=20180208RPy4sn1ygt7d | 715=20240126 | 453=1 | 448=AD | 447=C | 452=7 | 753=9 | 707=POOL-LMT | 708=1000000000000 | 707=POOL-USD | 708=0 | 707=POOL-TRD | 708=0 | 707=EQTY-LMT | 708=1000000000000 | 707=EQTY-USD | 708=0 | 707=EQTY-TRD | 708=0 | 707=DRVS-LMT | 708=1000000000000 | 707=DRVS-USD | 708=0 | 707=DRVS-TRD | 708=0 | 10=005 | [0m
[33m[2024-01-26 08:53:40] [0m [32m8=FIXT.1.1 | 9=0052 | 35=0 | 34=94 | 49=IDX | 56=VP | 52=20240126-01:53:41.000074 | 10=210 | [0m
[33m[2024-01-26 08:53:45] [0m [32m8=FIXT.1.1 | 9=0339 | 35=AP | 34=95 | 49=IDX | 56=VP | 52=20240126-01:53:46.297051 | 721=32026 | 710=20180208RPy4sn1ygt7d | 715=20240126 | 453=1 | 448=AD | 447=C | 452=7 | 753=9 | 707=POOL-LMT | 708=1000000000000 | 707=POOL-USD | 708=0 | 707=POOL-TRD | 708=0 | 707=EQTY-LMT | 708=1000000000000 | 707=EQTY-USD | 708=0 | 707=EQTY-TRD | 708=0 | 707=DRVS-LMT | 708=1000000000000 | 707=DRVS-USD | 708=0 | 707=DRVS-TRD | 708=0 | 10=004 | [0m
[33m[2024-01-26 08:54:00] [0m [32m8=FIXT.1.1 | 9=0052 | 35=0 | 34=96 | 49=IDX | 56=VP | 52=20240126-01:54:01.000058 | 10=211 | [0m
[33m[2024-01-26 08:54:05] [0m [32m8=FIXT.1.1 | 9=0339 | 35=AP | 34=97 | 49=IDX | 56=VP | 52=20240126-01:54:06.228479 | 721=32046 | 710=20180208RPy4sn1ygt7d | 715=20240126 | 453=1 | 448=AD | 447=C | 452=7 | 753=9 | 707=POOL-LMT | 708=1000000000000 | 707=POOL-USD | 708=0 | 707=POOL-TRD | 708=0 | 707=EQTY-LMT | 708=1000000000000 | 707=EQTY-USD | 708=0 | 707=EQTY-TRD | 708=0 | 707=DRVS-LMT | 708=1000000000000 | 707=DRVS-USD | 708=0 | 707=DRVS-TRD | 708=0 | 10=013 | [0m
[33m[2024-01-26 08:54:20] [0m [32m8=FIXT.1.1 | 9=0052 | 35=0 | 34=98 | 49=IDX | 56=VP | 52=20240126-01:54:21.000066 | 10=214 | [0m
[33m[2024-01-26 08:54:25] [0m [32m8=FIXT.1.1 | 9=0339 | 35=AP | 34=99 | 49=IDX | 56=VP | 52=20240126-01:54:26.329864 | 721=32066 | 710=20180208RPy4sn1ygt7d | 715=20240126 | 453=1 | 448=AD | 447=C | 452=7 | 753=9 | 707=POOL-LMT | 708=1000000000000 | 707=POOL-USD | 708=0 | 707=POOL-TRD | 708=0 | 707=EQTY-LMT | 708=1000000000000 | 707=EQTY-USD | 708=0 | 707=EQTY-TRD | 708=0 | 707=DRVS-LMT | 708=1000000000000 | 707=DRVS-USD | 708=0 | 707=DRVS-TRD | 708=0 | 10=019 | [0m
[33m[2024-01-26 08:54:40] [0m [32m8=FIXT.1.1 | 9=0053 | 35=0 | 34=100 | 49=IDX | 56=VP | 52=20240126-01:54:41.000067 | 10=250 | [0m
[33m[2024-01-26 08:54:45] [0m [32m8=FIXT.1.1 | 9=0340 | 35=AP | 34=101 | 49=IDX | 56=VP | 52=20240126-01:54:46.366394 | 721=32086 | 710=20180208RPy4sn1ygt7d | 715=20240126 | 453=1 | 448=AD | 447=C | 452=7 | 753=9 | 707=POOL-LMT | 708=1000000000000 | 707=POOL-USD | 708=0 | 707=POOL-TRD | 708=0 | 707=EQTY-LMT | 708=1000000000000 | 707=EQTY-USD | 708=0 | 707=EQTY-TRD | 708=0 | 707=DRVS-LMT | 708=1000000000000 | 707=DRVS-USD | 708=0 | 707=DRVS-TRD | 708=0 | 10=046 | [0m
[33m[2024-01-26 08:55:00] [0m [32m8=FIXT.1.1 | 9=0053 | 35=0 | 34=102 | 49=IDX | 56=VP | 52=20240126-01:55:01.000024 | 10=242 | [0m
[33m[2024-01-26 08:55:05] [0m [32m8=FIXT.1.1 | 9=0340 | 35=AP | 34=103 | 49=IDX | 56=VP | 52=20240126-01:55:06.357798 | 721=32106 | 710=20180208RPy4sn1ygt7d | 715=20240126 | 453=1 | 448=AD | 447=C | 452=7 | 753=9 | 707=POOL-LMT | 708=1000000000000 | 707=POOL-USD | 708=0 | 707=POOL-TRD | 708=0 | 707=EQTY-LMT | 708=1000000000000 | 707=EQTY-USD | 708=0 | 707=EQTY-TRD | 708=0 | 707=DRVS-LMT | 708=1000000000000 | 707=DRVS-USD | 708=0 | 707=DRVS-TRD | 708=0 | 10=046 | [0m
[33m[2024-01-26 08:55:20] [0m [32m8=FIXT.1.1 | 9=0053 | 35=0 | 34=104 | 49=IDX | 56=VP | 52=20240126-01:55:21.000073 | 10=250 | [0m
[33m[2024-01-26 08:55:25] [0m [32m8=FIXT.1.1 | 9=0340 | 35=AP | 34=105 | 49=IDX | 56=VP | 52=20240126-01:55:26.261984 | 721=32126 | 710=20180208RPy4sn1ygt7d | 715=20240126 | 453=1 | 448=AD | 447=C | 452=7 | 753=9 | 707=POOL-LMT | 708=1000000000000 | 707=POOL-USD | 708=0 | 707=POOL-TRD | 708=0 | 707=EQTY-LMT | 708=1000000000000 | 707=EQTY-USD | 708=0 | 707=EQTY-TRD | 708=0 | 707=DRVS-LMT | 708=1000000000000 | 707=DRVS-USD | 708=0 | 707=DRVS-TRD | 708=0 | 10=043 | [0m
[33m[2024-01-26 08:55:40] [0m [32m8=FIXT.1.1 | 9=0053 | 35=0 | 34=106 | 49=IDX | 56=VP | 52=20240126-01:55:41.000080 | 10=252 | [0m
[33m[2024-01-26 08:55:45] [0m [32m8=FIXT.1.1 | 9=0340 | 35=AP | 34=107 | 49=IDX | 56=VP | 52=20240126-01:55:46.290096 | 721=32146 | 710=20180208RPy4sn1ygt7d | 715=20240126 | 453=1 | 448=AD | 447=C | 452=7 | 753=9 | 707=POOL-LMT | 708=1000000000000 | 707=POOL-USD | 708=0 | 707=POOL-TRD | 708=0 | 707=EQTY-LMT | 708=1000000000000 | 707=EQTY-USD | 708=0 | 707=EQTY-TRD | 708=0 | 707=DRVS-LMT | 708=1000000000000 | 707=DRVS-USD | 708=0 | 707=DRVS-TRD | 708=0 | 10=045 | [0m
[33m[2024-01-26 08:56:00] [0m [32m8=FIXT.1.1 | 9=0053 | 35=0 | 34=108 | 49=IDX | 56=VP | 52=20240126-01:56:01.000085 | 10=000 | [0m
[33m[2024-01-26 08:56:05] [0m [32m8=FIXT.1.1 | 9=0340 | 35=AP | 34=109 | 49=IDX | 56=VP | 52=20240126-01:56:06.523367 | 721=32166 | 710=20180208RPy4sn1ygt7d | 715=20240126 | 453=1 | 448=AD | 447=C | 452=7 | 753=9 | 707=POOL-LMT | 708=1000000000000 | 707=POOL-USD | 708=0 | 707=POOL-TRD | 708=0 | 707=EQTY-LMT | 708=1000000000000 | 707=EQTY-USD | 708=0 | 707=EQTY-TRD | 708=0 | 707=DRVS-LMT | 708=1000000000000 | 707=DRVS-USD | 708=0 | 707=DRVS-TRD | 708=0 | 10=046 | [0m
[33m[2024-01-26 08:56:20] [0m [32m8=FIXT.1.1 | 9=0053 | 35=0 | 34=110 | 49=IDX | 56=VP | 52=20240126-01:56:21.000069 | 10=253 | [0m
[33m[2024-01-26 08:56:25] [0m [32m8=FIXT.1.1 | 9=0340 | 35=AP | 34=111 | 49=IDX | 56=VP | 52=20240126-01:56:26.408745 | 721=32186 | 710=20180208RPy4sn1ygt7d | 715=20240126 | 453=1 | 448=AD | 447=C | 452=7 | 753=9 | 707=POOL-LMT | 708=1000000000000 | 707=POOL-USD | 708=0 | 707=POOL-TRD | 708=0 | 707=EQTY-LMT | 708=1000000000000 | 707=EQTY-USD | 708=0 | 707=EQTY-TRD | 708=0 | 707=DRVS-LMT | 708=1000000000000 | 707=DRVS-USD | 708=0 | 707=DRVS-TRD | 708=0 | 10=045 | [0m
[33m[2024-01-26 08:56:40] [0m [32m8=FIXT.1.1 | 9=0053 | 35=0 | 34=112 | 49=IDX | 56=VP | 52=20240126-01:56:41.000075 | 10=254 | [0m
[33m[2024-01-26 08:56:45] [0m [32m8=FIXT.1.1 | 9=0340 | 35=AP | 34=113 | 49=IDX | 56=VP | 52=20240126-01:56:46.292968 | 721=32206 | 710=20180208RPy4sn1ygt7d | 715=20240126 | 453=1 | 448=AD | 447=C | 452=7 | 753=9 | 707=POOL-LMT | 708=1000000000000 | 707=POOL-USD | 708=0 | 707=POOL-TRD | 708=0 | 707=EQTY-LMT | 708=1000000000000 | 707=EQTY-USD | 708=0 | 707=EQTY-TRD | 708=0 | 707=DRVS-LMT | 708=1000000000000 | 707=DRVS-USD | 708=0 | 707=DRVS-TRD | 708=0 | 10=050 | [0m
[33m[2024-01-26 08:57:00] [0m [32m8=FIXT.1.1 | 9=0053 | 35=0 | 34=114 | 49=IDX | 56=VP | 52=20240126-01:57:01.000082 | 10=251 | [0m
[33m[2024-01-26 08:57:05] [0m [32m8=FIXT.1.1 | 9=0340 | 35=AP | 34=115 | 49=IDX | 56=VP | 52=20240126-01:57:06.348492 | 721=32226 | 710=20180208RPy4sn1ygt7d | 715=20240126 | 453=1 | 448=AD | 447=C | 452=7 | 753=9 | 707=POOL-LMT | 708=1000000000000 | 707=POOL-USD | 708=0 | 707=POOL-TRD | 708=0 | 707=EQTY-LMT | 708=1000000000000 | 707=EQTY-USD | 708=0 | 707=EQTY-TRD | 708=0 | 707=DRVS-LMT | 708=1000000000000 | 707=DRVS-USD | 708=0 | 707=DRVS-TRD | 708=0 | 10=045 | [0m
[33m[2024-01-26 08:57:20] [0m [32m8=FIXT.1.1 | 9=0053 | 35=0 | 34=116 | 49=IDX | 56=VP | 52=20240126-01:57:21.000070 | 10=252 | [0m
[33m[2024-01-26 08:57:25] [0m [32m8=FIXT.1.1 | 9=0340 | 35=AP | 34=117 | 49=IDX | 56=VP | 52=20240126-01:57:26.371325 | 721=32246 | 710=20180208RPy4sn1ygt7d | 715=20240126 | 453=1 | 448=AD | 447=C | 452=7 | 753=9 | 707=POOL-LMT | 708=1000000000000 | 707=POOL-USD | 708=0 | 707=POOL-TRD | 708=0 | 707=EQTY-LMT | 708=1000000000000 | 707=EQTY-USD | 708=0 | 707=EQTY-TRD | 708=0 | 707=DRVS-LMT | 708=1000000000000 | 707=DRVS-USD | 708=0 | 707=DRVS-TRD | 708=0 | 10=042 | [0m
[33m[2024-01-26 08:57:40] [0m [32m8=FIXT.1.1 | 9=0053 | 35=0 | 34=118 | 49=IDX | 56=VP | 52=20240126-01:57:41.000072 | 10=002 | [0m
[33m[2024-01-26 08:57:45] [0m [32m8=FIXT.1.1 | 9=0340 | 35=AP | 34=119 | 49=IDX | 56=VP | 52=20240126-01:57:46.288977 | 721=32266 | 710=20180208RPy4sn1ygt7d | 715=20240126 | 453=1 | 448=AD | 447=C | 452=7 | 753=9 | 707=POOL-LMT | 708=1000000000000 | 707=POOL-USD | 708=0 | 707=POOL-TRD | 708=0 | 707=EQTY-LMT | 708=1000000000000 | 707=EQTY-USD | 708=0 | 707=EQTY-TRD | 708=0 | 707=DRVS-LMT | 708=1000000000000 | 707=DRVS-USD | 708=0 | 707=DRVS-TRD | 708=0 | 10=068 | [0m
[33m[2024-01-26 08:58:00] [0m [32m8=FIXT.1.1 | 9=0053 | 35=0 | 34=120 | 49=IDX | 56=VP | 52=20240126-01:58:01.000091 | 10=249 | [0m
[33m[2024-01-26 08:58:05] [0m [32m8=FIXT.1.1 | 9=0340 | 35=AP | 34=121 | 49=IDX | 56=VP | 52=20240126-01:58:06.325217 | 721=32286 | 710=20180208RPy4sn1ygt7d | 715=20240126 | 453=1 | 448=AD | 447=C | 452=7 | 753=9 | 707=POOL-LMT | 708=1000000000000 | 707=POOL-USD | 708=0 | 707=POOL-TRD | 708=0 | 707=EQTY-LMT | 708=1000000000000 | 707=EQTY-USD | 708=0 | 707=EQTY-TRD | 708=0 | 707=DRVS-LMT | 708=1000000000000 | 707=DRVS-USD | 708=0 | 707=DRVS-TRD | 708=0 | 10=039 | [0m
[33m[2024-01-26 08:58:20] [0m [32m8=FIXT.1.1 | 9=0053 | 35=0 | 34=122 | 49=IDX | 56=VP | 52=20240126-01:58:21.000085 | 10=000 | [0m
[33m[2024-01-26 08:58:25] [0m [32m8=FIXT.1.1 | 9=0340 | 35=AP | 34=123 | 49=IDX | 56=VP | 52=20240126-01:58:26.369019 | 721=32306 | 710=20180208RPy4sn1ygt7d | 715=20240126 | 453=1 | 448=AD | 447=C | 452=7 | 753=9 | 707=POOL-LMT | 708=1000000000000 | 707=POOL-USD | 708=0 | 707=POOL-TRD | 708=0 | 707=EQTY-LMT | 708=1000000000000 | 707=EQTY-USD | 708=0 | 707=EQTY-TRD | 708=0 | 707=DRVS-LMT | 708=1000000000000 | 707=DRVS-USD | 708=0 | 707=DRVS-TRD | 708=0 | 10=044 | [0m
[33m[2024-01-26 08:58:40] [0m [32m8=FIXT.1.1 | 9=0053 | 35=0 | 34=124 | 49=IDX | 56=VP | 52=20240126-01:58:41.000075 | 10=003 | [0m
[33m[2024-01-26 08:58:45] [0m [32m8=FIXT.1.1 | 9=0340 | 35=AP | 34=125 | 49=IDX | 56=VP | 52=20240126-01:58:46.401775 | 721=32326 | 710=20180208RPy4sn1ygt7d | 715=20240126 | 453=1 | 448=AD | 447=C | 452=7 | 753=9 | 707=POOL-LMT | 708=1000000000000 | 707=POOL-USD | 708=0 | 707=POOL-TRD | 708=0 | 707=EQTY-LMT | 708=1000000000000 | 707=EQTY-USD | 708=0 | 707=EQTY-TRD | 708=0 | 707=DRVS-LMT | 708=1000000000000 | 707=DRVS-USD | 708=0 | 707=DRVS-TRD | 708=0 | 10=046 | [0m
[33m[2024-01-26 08:59:00] [0m [32m8=FIXT.1.1 | 9=0053 | 35=0 | 34=126 | 49=IDX | 56=VP | 52=20240126-01:59:01.000081 | 10=255 | [0m
[33m[2024-01-26 08:59:05] [0m [32m8=FIXT.1.1 | 9=0340 | 35=AP | 34=127 | 49=IDX | 56=VP | 52=20240126-01:59:06.332379 | 721=32346 | 710=20180208RPy4sn1ygt7d | 715=20240126 | 453=1 | 448=AD | 447=C | 452=7 | 753=9 | 707=POOL-LMT | 708=1000000000000 | 707=POOL-USD | 708=0 | 707=POOL-TRD | 708=0 | 707=EQTY-LMT | 708=1000000000000 | 707=EQTY-USD | 708=0 | 707=EQTY-TRD | 708=0 | 707=DRVS-LMT | 708=1000000000000 | 707=DRVS-USD | 708=0 | 707=DRVS-TRD | 708=0 | 10=050 | [0m
[33m[2024-01-26 08:59:20] [0m [32m8=FIXT.1.1 | 9=0053 | 35=0 | 34=128 | 49=IDX | 56=VP | 52=20240126-01:59:21.000078 | 10=009 | [0m
[33m[2024-01-26 08:59:25] [0m [32m8=FIXT.1.1 | 9=0340 | 35=AP | 34=129 | 49=IDX | 56=VP | 52=20240126-01:59:26.364495 | 721=32366 | 710=20180208RPy4sn1ygt7d | 715=20240126 | 453=1 | 448=AD | 447=C | 452=7 | 753=9 | 707=POOL-LMT | 708=1000000000000 | 707=POOL-USD | 708=0 | 707=POOL-TRD | 708=0 | 707=EQTY-LMT | 708=1000000000000 | 707=EQTY-USD | 708=0 | 707=EQTY-TRD | 708=0 | 707=DRVS-LMT | 708=1000000000000 | 707=DRVS-USD | 708=0 | 707=DRVS-TRD | 708=0 | 10=060 | [0m
[33m[2024-01-26 08:59:40] [0m [32m8=FIXT.1.1 | 9=0053 | 35=0 | 34=130 | 49=IDX | 56=VP | 52=20240126-01:59:41.000082 | 10=255 | [0m
[33m[2024-01-26 08:59:45] [0m [32m8=FIXT.1.1 | 9=0340 | 35=AP | 34=131 | 49=IDX | 56=VP | 52=20240126-01:59:46.403244 | 721=32386 | 710=20180208RPy4sn1ygt7d | 715=20240126 | 453=1 | 448=AD | 447=C | 452=7 | 753=9 | 707=POOL-LMT | 708=1000000000000 | 707=POOL-USD | 708=0 | 707=POOL-TRD | 708=0 | 707=EQTY-LMT | 708=1000000000000 | 707=EQTY-USD | 708=0 | 707=EQTY-TRD | 708=0 | 707=DRVS-LMT | 708=1000000000000 | 707=DRVS-USD | 708=0 | 707=DRVS-TRD | 708=0 | 10=043 | [0m
[33m[2024-01-26 09:00:00] [0m [32m8=FIXT.1.1 | 9=0053 | 35=0 | 34=132 | 49=IDX | 56=VP | 52=20240126-02:00:01.000083 | 10=241 | [0m
[33m[2024-01-26 09:00:05] [0m [32m8=FIXT.1.1 | 9=0340 | 35=AP | 34=133 | 49=IDX | 56=VP | 52=20240126-02:00:06.434405 | 721=32406 | 710=20180208RPy4sn1ygt7d | 715=20240126 | 453=1 | 448=AD | 447=C | 452=7 | 753=9 | 707=POOL-LMT | 708=1000000000000 | 707=POOL-USD | 708=0 | 707=POOL-TRD | 708=0 | 707=EQTY-LMT | 708=1000000000000 | 707=EQTY-USD | 708=0 | 707=EQTY-TRD | 708=0 | 707=DRVS-LMT | 708=1000000000000 | 707=DRVS-USD | 708=0 | 707=DRVS-TRD | 708=0 | 10=024 | [0m
[33m[2024-01-26 09:00:20] [0m [32m8=FIXT.1.1 | 9=0053 | 35=0 | 34=134 | 49=IDX | 56=VP | 52=20240126-02:00:21.000016 | 10=241 | [0m
[33m[2024-01-26 09:00:25] [0m [32m8=FIXT.1.1 | 9=0340 | 35=AP | 34=135 | 49=IDX | 56=VP | 52=20240126-02:00:26.421348 | 721=32426 | 710=20180208RPy4sn1ygt7d | 715=20240126 | 453=1 | 448=AD | 447=C | 452=7 | 753=9 | 707=POOL-LMT | 708=1000000000000 | 707=POOL-USD | 708=0 | 707=POOL-TRD | 708=0 | 707=EQTY-LMT | 708=1000000000000 | 707=EQTY-USD | 708=0 | 707=EQTY-TRD | 708=0 | 707=DRVS-LMT | 708=1000000000000 | 707=DRVS-USD | 708=0 | 707=DRVS-TRD | 708=0 | 10=032 | [0m
