[33m[2024-02-01 08:08:17] [0m [31m   error read on read_complete(): End of file[0m
[33m[2024-02-01 08:10:17] [0m [31m   error read on read_complete(): End of file[0m
[33m[2024-02-01 08:12:18] [0m [31m   error read on read_complete(): End of file[0m
[33m[2024-02-01 08:15:32] [0m [31m   error read on read_complete(): End of file[0m
[33m[2024-02-01 08:20:04] [0m [31m   error read on read_complete(): End of file[0m
[33m[2024-02-01 08:22:45] [0m [32m8=FIXT.1.1 | 9=0070 | 35=A | 34=1 | 49=IDX | 56=VP | 52=20240201-01:22:45.863492 | 98=0 | 108=15 | 1137=8 | 10=020 | [0m
[33m[2024-02-01 08:22:52] [0m [32m8=FIXT.1.1 | 9=0285 | 35=8 | 34=2 | 49=IDX | 56=VP | 57=vpft1001 | 52=20240201-01:22:52.481100 | 11=2024020108:22:52 | 17=1 | 37=0 | 198=0 | 150=8 | 453=1 | 448=1000 | 447=C | 452=5 | 55=BBRI | 762=RG | 581=1 | 14=0 | 38=2 | 39=8 | 40=2 | 44=5500 | 54=5 | 59=0 | 60=20240201-01:22:52.481100 | 103=99 | 151=0 | 58=(293): Orders are not being accepted at this time | 10=000 | [0m
[33m[2024-02-01 08:23:02] [0m [32m8=FIXT.1.1 | 9=0338 | 35=AP | 34=3 | 49=IDX | 56=VP | 52=20240201-01:23:02.498923 | 721=30182 | 710=20180208RPy4sn1ygt7d | 715=20240201 | 453=1 | 448=AD | 447=C | 452=7 | 753=9 | 707=POOL-LMT | 708=1000000000000 | 707=POOL-USD | 708=0 | 707=POOL-TRD | 708=0 | 707=EQTY-LMT | 708=1000000000000 | 707=EQTY-USD | 708=0 | 707=EQTY-TRD | 708=0 | 707=DRVS-LMT | 708=1000000000000 | 707=DRVS-USD | 708=0 | 707=DRVS-TRD | 708=0 | 10=189 | [0m
[33m[2024-02-01 08:23:16] [0m [32m8=FIXT.1.1 | 9=0051 | 35=0 | 34=4 | 49=IDX | 56=VP | 52=20240201-01:23:17.000069 | 10=150 | [0m
[33m[2024-02-01 08:23:22] [0m [32m8=FIXT.1.1 | 9=0338 | 35=AP | 34=5 | 49=IDX | 56=VP | 52=20240201-01:23:22.533427 | 721=30202 | 710=20180208RPy4sn1ygt7d | 715=20240201 | 453=1 | 448=AD | 447=C | 452=7 | 753=9 | 707=POOL-LMT | 708=1000000000000 | 707=POOL-USD | 708=0 | 707=POOL-TRD | 708=0 | 707=EQTY-LMT | 708=1000000000000 | 707=EQTY-USD | 708=0 | 707=EQTY-TRD | 708=0 | 707=DRVS-LMT | 708=1000000000000 | 707=DRVS-USD | 708=0 | 707=DRVS-TRD | 708=0 | 10=175 | [0m
[33m[2024-02-01 08:23:36] [0m [32m8=FIXT.1.1 | 9=0051 | 35=0 | 34=6 | 49=IDX | 56=VP | 52=20240201-01:23:37.000082 | 10=149 | [0m
[33m[2024-02-01 08:23:42] [0m [32m8=FIXT.1.1 | 9=0338 | 35=AP | 34=7 | 49=IDX | 56=VP | 52=20240201-01:23:42.560330 | 721=30222 | 710=20180208RPy4sn1ygt7d | 715=20240201 | 453=1 | 448=AD | 447=C | 452=7 | 753=9 | 707=POOL-LMT | 708=1000000000000 | 707=POOL-USD | 708=0 | 707=POOL-TRD | 708=0 | 707=EQTY-LMT | 708=1000000000000 | 707=EQTY-USD | 708=0 | 707=EQTY-TRD | 708=0 | 707=DRVS-LMT | 708=1000000000000 | 707=DRVS-USD | 708=0 | 707=DRVS-TRD | 708=0 | 10=174 | [0m
[33m[2024-02-01 08:23:56] [0m [32m8=FIXT.1.1 | 9=0051 | 35=0 | 34=8 | 49=IDX | 56=VP | 52=20240201-01:23:57.000066 | 10=155 | [0m
[33m[2024-02-01 08:24:02] [0m [32m8=FIXT.1.1 | 9=0338 | 35=AP | 34=9 | 49=IDX | 56=VP | 52=20240201-01:24:02.486766 | 721=30242 | 710=20180208RPy4sn1ygt7d | 715=20240201 | 453=1 | 448=AD | 447=C | 452=7 | 753=9 | 707=POOL-LMT | 708=1000000000000 | 707=POOL-USD | 708=0 | 707=POOL-TRD | 708=0 | 707=EQTY-LMT | 708=1000000000000 | 707=EQTY-USD | 708=0 | 707=EQTY-TRD | 708=0 | 707=DRVS-LMT | 708=1000000000000 | 707=DRVS-USD | 708=0 | 707=DRVS-TRD | 708=0 | 10=195 | [0m
[33m[2024-02-01 08:24:16] [0m [32m8=FIXT.1.1 | 9=0052 | 35=0 | 34=10 | 49=IDX | 56=VP | 52=20240201-01:24:17.000088 | 10=198 | [0m
[33m[2024-02-01 08:24:22] [0m [32m8=FIXT.1.1 | 9=0339 | 35=AP | 34=11 | 49=IDX | 56=VP | 52=20240201-01:24:22.511365 | 721=30262 | 710=20180208RPy4sn1ygt7d | 715=20240201 | 453=1 | 448=AD | 447=C | 452=7 | 753=9 | 707=POOL-LMT | 708=1000000000000 | 707=POOL-USD | 708=0 | 707=POOL-TRD | 708=0 | 707=EQTY-LMT | 708=1000000000000 | 707=EQTY-USD | 708=0 | 707=EQTY-TRD | 708=0 | 707=DRVS-LMT | 708=1000000000000 | 707=DRVS-USD | 708=0 | 707=DRVS-TRD | 708=0 | 10=225 | [0m
[33m[2024-02-01 08:24:36] [0m [32m8=FIXT.1.1 | 9=0052 | 35=0 | 34=12 | 49=IDX | 56=VP | 52=20240201-01:24:37.000077 | 10=200 | [0m
[33m[2024-02-01 08:24:42] [0m [32m8=FIXT.1.1 | 9=0339 | 35=AP | 34=13 | 49=IDX | 56=VP | 52=20240201-01:24:42.541789 | 721=30282 | 710=20180208RPy4sn1ygt7d | 715=20240201 | 453=1 | 448=AD | 447=C | 452=7 | 753=9 | 707=POOL-LMT | 708=1000000000000 | 707=POOL-USD | 708=0 | 707=POOL-TRD | 708=0 | 707=EQTY-LMT | 708=1000000000000 | 707=EQTY-USD | 708=0 | 707=EQTY-TRD | 708=0 | 707=DRVS-LMT | 708=1000000000000 | 707=DRVS-USD | 708=0 | 707=DRVS-TRD | 708=0 | 10=244 | [0m
[33m[2024-02-01 08:24:57] [0m [32m8=FIXT.1.1 | 9=0052 | 35=0 | 34=14 | 49=IDX | 56=VP | 52=20240201-01:24:57.000085 | 10=203 | [0m
[33m[2024-02-01 08:25:02] [0m [32m8=FIXT.1.1 | 9=0339 | 35=AP | 34=15 | 49=IDX | 56=VP | 52=20240201-01:25:02.572629 | 721=30302 | 710=20180208RPy4sn1ygt7d | 715=20240201 | 453=1 | 448=AD | 447=C | 452=7 | 753=9 | 707=POOL-LMT | 708=1000000000000 | 707=POOL-USD | 708=0 | 707=POOL-TRD | 708=0 | 707=EQTY-LMT | 708=1000000000000 | 707=EQTY-USD | 708=0 | 707=EQTY-TRD | 708=0 | 707=DRVS-LMT | 708=1000000000000 | 707=DRVS-USD | 708=0 | 707=DRVS-TRD | 708=0 | 10=233 | [0m
[33m[2024-02-01 08:25:17] [0m [32m8=FIXT.1.1 | 9=0052 | 35=0 | 34=16 | 49=IDX | 56=VP | 52=20240201-01:25:17.000071 | 10=197 | [0m
[33m[2024-02-01 08:25:22] [0m [32m8=FIXT.1.1 | 9=0339 | 35=AP | 34=17 | 49=IDX | 56=VP | 52=20240201-01:25:22.509754 | 721=30322 | 710=20180208RPy4sn1ygt7d | 715=20240201 | 453=1 | 448=AD | 447=C | 452=7 | 753=9 | 707=POOL-LMT | 708=1000000000000 | 707=POOL-USD | 708=0 | 707=POOL-TRD | 708=0 | 707=EQTY-LMT | 708=1000000000000 | 707=EQTY-USD | 708=0 | 707=EQTY-TRD | 708=0 | 707=DRVS-LMT | 708=1000000000000 | 707=DRVS-USD | 708=0 | 707=DRVS-TRD | 708=0 | 10=238 | [0m
[33m[2024-02-01 08:25:36] [0m [32m8=FIXT.1.1 | 9=0052 | 35=0 | 34=18 | 49=IDX | 56=VP | 52=20240201-01:25:37.000082 | 10=203 | [0m
[33m[2024-02-01 08:25:42] [0m [32m8=FIXT.1.1 | 9=0339 | 35=AP | 34=19 | 49=IDX | 56=VP | 52=20240201-01:25:42.542946 | 721=30342 | 710=20180208RPy4sn1ygt7d | 715=20240201 | 453=1 | 448=AD | 447=C | 452=7 | 753=9 | 707=POOL-LMT | 708=1000000000000 | 707=POOL-USD | 708=0 | 707=POOL-TRD | 708=0 | 707=EQTY-LMT | 708=1000000000000 | 707=EQTY-USD | 708=0 | 707=EQTY-TRD | 708=0 | 707=DRVS-LMT | 708=1000000000000 | 707=DRVS-USD | 708=0 | 707=DRVS-TRD | 708=0 | 10=244 | [0m
[33m[2024-02-01 08:25:56] [0m [32m8=FIXT.1.1 | 9=0052 | 35=0 | 34=20 | 49=IDX | 56=VP | 52=20240201-01:25:57.000045 | 10=197 | [0m
[33m[2024-02-01 08:26:02] [0m [32m8=FIXT.1.1 | 9=0339 | 35=AP | 34=21 | 49=IDX | 56=VP | 52=20240201-01:26:02.579824 | 721=30362 | 710=20180208RPy4sn1ygt7d | 715=20240201 | 453=1 | 448=AD | 447=C | 452=7 | 753=9 | 707=POOL-LMT | 708=1000000000000 | 707=POOL-USD | 708=0 | 707=POOL-TRD | 708=0 | 707=EQTY-LMT | 708=1000000000000 | 707=EQTY-USD | 708=0 | 707=EQTY-TRD | 708=0 | 707=DRVS-LMT | 708=1000000000000 | 707=DRVS-USD | 708=0 | 707=DRVS-TRD | 708=0 | 10=241 | [0m
[33m[2024-02-01 08:26:16] [0m [32m8=FIXT.1.1 | 9=0052 | 35=0 | 34=22 | 49=IDX | 56=VP | 52=20240201-01:26:17.000080 | 10=195 | [0m
[33m[2024-02-01 08:26:22] [0m [32m8=FIXT.1.1 | 9=0339 | 35=AP | 34=23 | 49=IDX | 56=VP | 52=20240201-01:26:22.624309 | 721=30382 | 710=20180208RPy4sn1ygt7d | 715=20240201 | 453=1 | 448=AD | 447=C | 452=7 | 753=9 | 707=POOL-LMT | 708=1000000000000 | 707=POOL-USD | 708=0 | 707=POOL-TRD | 708=0 | 707=EQTY-LMT | 708=1000000000000 | 707=EQTY-USD | 708=0 | 707=EQTY-TRD | 708=0 | 707=DRVS-LMT | 708=1000000000000 | 707=DRVS-USD | 708=0 | 707=DRVS-TRD | 708=0 | 10=236 | [0m
[33m[2024-02-01 08:26:36] [0m [32m8=FIXT.1.1 | 9=0052 | 35=0 | 34=24 | 49=IDX | 56=VP | 52=20240201-01:26:37.000074 | 10=202 | [0m
[33m[2024-02-01 08:26:42] [0m [32m8=FIXT.1.1 | 9=0339 | 35=AP | 34=25 | 49=IDX | 56=VP | 52=20240201-01:26:42.542744 | 721=30402 | 710=20180208RPy4sn1ygt7d | 715=20240201 | 453=1 | 448=AD | 447=C | 452=7 | 753=9 | 707=POOL-LMT | 708=1000000000000 | 707=POOL-USD | 708=0 | 707=POOL-TRD | 708=0 | 707=EQTY-LMT | 708=1000000000000 | 707=EQTY-USD | 708=0 | 707=EQTY-TRD | 708=0 | 707=DRVS-LMT | 708=1000000000000 | 707=DRVS-USD | 708=0 | 707=DRVS-TRD | 708=0 | 10=235 | [0m
[33m[2024-02-01 08:26:53] [0m [32m8=FIXT.1.1 | 9=0286 | 35=8 | 34=26 | 49=IDX | 56=VP | 57=vpft1001 | 52=20240201-01:26:54.042313 | 11=2024020108:26:53 | 17=2 | 37=0 | 198=0 | 150=8 | 453=1 | 448=1000 | 447=C | 452=5 | 55=BBRI | 762=RG | 581=1 | 14=0 | 38=2 | 39=8 | 40=2 | 44=5500 | 54=5 | 59=0 | 60=20240201-01:26:54.042313 | 103=99 | 151=0 | 58=(293): Orders are not being accepted at this time | 10=071 | [0m
[33m[2024-02-01 08:27:02] [0m [32m8=FIXT.1.1 | 9=0339 | 35=AP | 34=27 | 49=IDX | 56=VP | 52=20240201-01:27:02.573480 | 721=30422 | 710=20180208RPy4sn1ygt7d | 715=20240201 | 453=1 | 448=AD | 447=C | 452=7 | 753=9 | 707=POOL-LMT | 708=1000000000000 | 707=POOL-USD | 708=0 | 707=POOL-TRD | 708=0 | 707=EQTY-LMT | 708=1000000000000 | 707=EQTY-USD | 708=0 | 707=EQTY-TRD | 708=0 | 707=DRVS-LMT | 708=1000000000000 | 707=DRVS-USD | 708=0 | 707=DRVS-TRD | 708=0 | 10=237 | [0m
[33m[2024-02-01 08:27:16] [0m [32m8=FIXT.1.1 | 9=0052 | 35=0 | 34=28 | 49=IDX | 56=VP | 52=20240201-01:27:17.000078 | 10=209 | [0m
[33m[2024-02-01 08:27:22] [0m [32m8=FIXT.1.1 | 9=0339 | 35=AP | 34=29 | 49=IDX | 56=VP | 52=20240201-01:27:22.612836 | 721=30442 | 710=20180208RPy4sn1ygt7d | 715=20240201 | 453=1 | 448=AD | 447=C | 452=7 | 753=9 | 707=POOL-LMT | 708=1000000000000 | 707=POOL-USD | 708=0 | 707=POOL-TRD | 708=0 | 707=EQTY-LMT | 708=1000000000000 | 707=EQTY-USD | 708=0 | 707=EQTY-TRD | 708=0 | 707=DRVS-LMT | 708=1000000000000 | 707=DRVS-USD | 708=0 | 707=DRVS-TRD | 708=0 | 10=242 | [0m
[33m[2024-02-01 08:27:36] [0m [32m8=FIXT.1.1 | 9=0052 | 35=0 | 34=30 | 49=IDX | 56=VP | 52=20240201-01:27:37.000056 | 10=200 | [0m
[33m[2024-02-01 08:27:42] [0m [32m8=FIXT.1.1 | 9=0339 | 35=AP | 34=31 | 49=IDX | 56=VP | 52=20240201-01:27:42.634746 | 721=30462 | 710=20180208RPy4sn1ygt7d | 715=20240201 | 453=1 | 448=AD | 447=C | 452=7 | 753=9 | 707=POOL-LMT | 708=1000000000000 | 707=POOL-USD | 708=0 | 707=POOL-TRD | 708=0 | 707=EQTY-LMT | 708=1000000000000 | 707=EQTY-USD | 708=0 | 707=EQTY-TRD | 708=0 | 707=DRVS-LMT | 708=1000000000000 | 707=DRVS-USD | 708=0 | 707=DRVS-TRD | 708=0 | 10=243 | [0m
[33m[2024-02-01 08:27:56] [0m [32m8=FIXT.1.1 | 9=0052 | 35=0 | 34=32 | 49=IDX | 56=VP | 52=20240201-01:27:57.000082 | 10=203 | [0m
[33m[2024-02-01 08:28:02] [0m [32m8=FIXT.1.1 | 9=0339 | 35=AP | 34=33 | 49=IDX | 56=VP | 52=20240201-01:28:02.576249 | 721=30482 | 710=20180208RPy4sn1ygt7d | 715=20240201 | 453=1 | 448=AD | 447=C | 452=7 | 753=9 | 707=POOL-LMT | 708=1000000000000 | 707=POOL-USD | 708=0 | 707=POOL-TRD | 708=0 | 707=EQTY-LMT | 708=1000000000000 | 707=EQTY-USD | 708=0 | 707=EQTY-TRD | 708=0 | 707=DRVS-LMT | 708=1000000000000 | 707=DRVS-USD | 708=0 | 707=DRVS-TRD | 708=0 | 10=247 | [0m
[33m[2024-02-01 08:28:17] [0m [32m8=FIXT.1.1 | 9=0052 | 35=0 | 34=34 | 49=IDX | 56=VP | 52=20240201-01:28:17.000077 | 10=206 | [0m
[33m[2024-02-01 08:28:22] [0m [32m8=FIXT.1.1 | 9=0339 | 35=AP | 34=35 | 49=IDX | 56=VP | 52=20240201-01:28:22.609778 | 721=30502 | 710=20180208RPy4sn1ygt7d | 715=20240201 | 453=1 | 448=AD | 447=C | 452=7 | 753=9 | 707=POOL-LMT | 708=1000000000000 | 707=POOL-USD | 708=0 | 707=POOL-TRD | 708=0 | 707=EQTY-LMT | 708=1000000000000 | 707=EQTY-USD | 708=0 | 707=EQTY-TRD | 708=0 | 707=DRVS-LMT | 708=1000000000000 | 707=DRVS-USD | 708=0 | 707=DRVS-TRD | 708=0 | 10=248 | [0m
[33m[2024-02-01 08:28:36] [0m [32m8=FIXT.1.1 | 9=0052 | 35=0 | 34=36 | 49=IDX | 56=VP | 52=20240201-01:28:37.000073 | 10=206 | [0m
[33m[2024-02-01 08:28:42] [0m [32m8=FIXT.1.1 | 9=0339 | 35=AP | 34=37 | 49=IDX | 56=VP | 52=20240201-01:28:42.639751 | 721=30522 | 710=20180208RPy4sn1ygt7d | 715=20240201 | 453=1 | 448=AD | 447=C | 452=7 | 753=9 | 707=POOL-LMT | 708=1000000000000 | 707=POOL-USD | 708=0 | 707=POOL-TRD | 708=0 | 707=EQTY-LMT | 708=1000000000000 | 707=EQTY-USD | 708=0 | 707=EQTY-TRD | 708=0 | 707=DRVS-LMT | 708=1000000000000 | 707=DRVS-USD | 708=0 | 707=DRVS-TRD | 708=0 | 10=248 | [0m
[33m[2024-02-01 08:28:56] [0m [32m8=FIXT.1.1 | 9=0052 | 35=0 | 34=38 | 49=IDX | 56=VP | 52=20240201-01:28:57.000081 | 10=209 | [0m
[33m[2024-02-01 08:29:02] [0m [32m8=FIXT.1.1 | 9=0339 | 35=AP | 34=39 | 49=IDX | 56=VP | 52=20240201-01:29:02.663472 | 721=30542 | 710=20180208RPy4sn1ygt7d | 715=20240201 | 453=1 | 448=AD | 447=C | 452=7 | 753=9 | 707=POOL-LMT | 708=1000000000000 | 707=POOL-USD | 708=0 | 707=POOL-TRD | 708=0 | 707=EQTY-LMT | 708=1000000000000 | 707=EQTY-USD | 708=0 | 707=EQTY-TRD | 708=0 | 707=DRVS-LMT | 708=1000000000000 | 707=DRVS-USD | 708=0 | 707=DRVS-TRD | 708=0 | 10=246 | [0m
[33m[2024-02-01 08:29:16] [0m [32m8=FIXT.1.1 | 9=0052 | 35=0 | 34=40 | 49=IDX | 56=VP | 52=20240201-01:29:17.000072 | 10=199 | [0m
[33m[2024-02-01 08:29:22] [0m [32m8=FIXT.1.1 | 9=0339 | 35=AP | 34=41 | 49=IDX | 56=VP | 52=20240201-01:29:22.693855 | 721=30562 | 710=20180208RPy4sn1ygt7d | 715=20240201 | 453=1 | 448=AD | 447=C | 452=7 | 753=9 | 707=POOL-LMT | 708=1000000000000 | 707=POOL-USD | 708=0 | 707=POOL-TRD | 708=0 | 707=EQTY-LMT | 708=1000000000000 | 707=EQTY-USD | 708=0 | 707=EQTY-TRD | 708=0 | 707=DRVS-LMT | 708=1000000000000 | 707=DRVS-USD | 708=0 | 707=DRVS-TRD | 708=0 | 10=251 | [0m
[33m[2024-02-01 08:29:36] [0m [32m8=FIXT.1.1 | 9=0052 | 35=0 | 34=42 | 49=IDX | 56=VP | 52=20240201-01:29:37.000083 | 10=205 | [0m
[33m[2024-02-01 08:29:42] [0m [32m8=FIXT.1.1 | 9=0339 | 35=AP | 34=43 | 49=IDX | 56=VP | 52=20240201-01:29:42.691108 | 721=30582 | 710=20180208RPy4sn1ygt7d | 715=20240201 | 453=1 | 448=AD | 447=C | 452=7 | 753=9 | 707=POOL-LMT | 708=1000000000000 | 707=POOL-USD | 708=0 | 707=POOL-TRD | 708=0 | 707=EQTY-LMT | 708=1000000000000 | 707=EQTY-USD | 708=0 | 707=EQTY-TRD | 708=0 | 707=DRVS-LMT | 708=1000000000000 | 707=DRVS-USD | 708=0 | 707=DRVS-TRD | 708=0 | 10=246 | [0m
[33m[2024-02-01 08:29:56] [0m [32m8=FIXT.1.1 | 9=0052 | 35=0 | 34=44 | 49=IDX | 56=VP | 52=20240201-01:29:57.000066 | 10=210 | [0m
[33m[2024-02-01 08:30:02] [0m [32m8=FIXT.1.1 | 9=0339 | 35=AP | 34=45 | 49=IDX | 56=VP | 52=20240201-01:30:02.650753 | 721=30602 | 710=20180208RPy4sn1ygt7d | 715=20240201 | 453=1 | 448=AD | 447=C | 452=7 | 753=9 | 707=POOL-LMT | 708=1000000000000 | 707=POOL-USD | 708=0 | 707=POOL-TRD | 708=0 | 707=EQTY-LMT | 708=1000000000000 | 707=EQTY-USD | 708=0 | 707=EQTY-TRD | 708=0 | 707=DRVS-LMT | 708=1000000000000 | 707=DRVS-USD | 708=0 | 707=DRVS-TRD | 708=0 | 10=230 | [0m
[33m[2024-02-01 08:30:17] [0m [32m8=FIXT.1.1 | 9=0052 | 35=0 | 34=46 | 49=IDX | 56=VP | 52=20240201-01:30:17.000075 | 10=200 | [0m
[33m[2024-02-01 08:30:22] [0m [32m8=FIXT.1.1 | 9=0339 | 35=AP | 34=47 | 49=IDX | 56=VP | 52=20240201-01:30:22.671766 | 721=30622 | 710=20180208RPy4sn1ygt7d | 715=20240201 | 453=1 | 448=AD | 447=C | 452=7 | 753=9 | 707=POOL-LMT | 708=1000000000000 | 707=POOL-USD | 708=0 | 707=POOL-TRD | 708=0 | 707=EQTY-LMT | 708=1000000000000 | 707=EQTY-USD | 708=0 | 707=EQTY-TRD | 708=0 | 707=DRVS-LMT | 708=1000000000000 | 707=DRVS-USD | 708=0 | 707=DRVS-TRD | 708=0 | 10=243 | [0m
[33m[2024-02-01 08:30:36] [0m [32m8=FIXT.1.1 | 9=0052 | 35=0 | 34=48 | 49=IDX | 56=VP | 52=20240201-01:30:37.000087 | 10=207 | [0m
[33m[2024-02-01 08:30:42] [0m [32m8=FIXT.1.1 | 9=0339 | 35=AP | 34=49 | 49=IDX | 56=VP | 52=20240201-01:30:42.700019 | 721=30642 | 710=20180208RPy4sn1ygt7d | 715=20240201 | 453=1 | 448=AD | 447=C | 452=7 | 753=9 | 707=POOL-LMT | 708=1000000000000 | 707=POOL-USD | 708=0 | 707=POOL-TRD | 708=0 | 707=EQTY-LMT | 708=1000000000000 | 707=EQTY-USD | 708=0 | 707=EQTY-TRD | 708=0 | 707=DRVS-LMT | 708=1000000000000 | 707=DRVS-USD | 708=0 | 707=DRVS-TRD | 708=0 | 10=233 | [0m
[33m[2024-02-01 08:30:56] [0m [32m8=FIXT.1.1 | 9=0052 | 35=0 | 34=50 | 49=IDX | 56=VP | 52=20240201-01:30:57.000079 | 10=203 | [0m
[33m[2024-02-01 08:31:02] [0m [32m8=FIXT.1.1 | 9=0339 | 35=AP | 34=51 | 49=IDX | 56=VP | 52=20240201-01:31:02.732635 | 721=30662 | 710=20180208RPy4sn1ygt7d | 715=20240201 | 453=1 | 448=AD | 447=C | 452=7 | 753=9 | 707=POOL-LMT | 708=1000000000000 | 707=POOL-USD | 708=0 | 707=POOL-TRD | 708=0 | 707=EQTY-LMT | 708=1000000000000 | 707=EQTY-USD | 708=0 | 707=EQTY-TRD | 708=0 | 707=DRVS-LMT | 708=1000000000000 | 707=DRVS-USD | 708=0 | 707=DRVS-TRD | 708=0 | 10=234 | [0m
[33m[2024-02-01 08:31:17] [0m [32m8=FIXT.1.1 | 9=0052 | 35=0 | 34=52 | 49=IDX | 56=VP | 52=20240201-01:31:17.000096 | 10=201 | [0m
[33m[2024-02-01 08:31:22] [0m [32m8=FIXT.1.1 | 9=0339 | 35=AP | 34=53 | 49=IDX | 56=VP | 52=20240201-01:31:22.653161 | 721=30682 | 710=20180208RPy4sn1ygt7d | 715=20240201 | 453=1 | 448=AD | 447=C | 452=7 | 753=9 | 707=POOL-LMT | 708=1000000000000 | 707=POOL-USD | 708=0 | 707=POOL-TRD | 708=0 | 707=EQTY-LMT | 708=1000000000000 | 707=EQTY-USD | 708=0 | 707=EQTY-TRD | 708=0 | 707=DRVS-LMT | 708=1000000000000 | 707=DRVS-USD | 708=0 | 707=DRVS-TRD | 708=0 | 10=236 | [0m
[33m[2024-02-01 08:31:36] [0m [32m8=FIXT.1.1 | 9=0052 | 35=0 | 34=54 | 49=IDX | 56=VP | 52=20240201-01:31:37.000065 | 10=201 | [0m
[33m[2024-02-01 08:31:42] [0m [32m8=FIXT.1.1 | 9=0339 | 35=AP | 34=55 | 49=IDX | 56=VP | 52=20240201-01:31:42.675395 | 721=30702 | 710=20180208RPy4sn1ygt7d | 715=20240201 | 453=1 | 448=AD | 447=C | 452=7 | 753=9 | 707=POOL-LMT | 708=1000000000000 | 707=POOL-USD | 708=0 | 707=POOL-TRD | 708=0 | 707=EQTY-LMT | 708=1000000000000 | 707=EQTY-USD | 708=0 | 707=EQTY-TRD | 708=0 | 707=DRVS-LMT | 708=1000000000000 | 707=DRVS-USD | 708=0 | 707=DRVS-TRD | 708=0 | 10=246 | [0m
[33m[2024-02-01 08:31:56] [0m [32m8=FIXT.1.1 | 9=0052 | 35=0 | 34=56 | 49=IDX | 56=VP | 52=20240201-01:31:57.000082 | 10=204 | [0m
[33m[2024-02-01 08:32:02] [0m [32m8=FIXT.1.1 | 9=0339 | 35=AP | 34=57 | 49=IDX | 56=VP | 52=20240201-01:32:02.699429 | 721=30722 | 710=20180208RPy4sn1ygt7d | 715=20240201 | 453=1 | 448=AD | 447=C | 452=7 | 753=9 | 707=POOL-LMT | 708=1000000000000 | 707=POOL-USD | 708=0 | 707=POOL-TRD | 708=0 | 707=EQTY-LMT | 708=1000000000000 | 707=EQTY-USD | 708=0 | 707=EQTY-TRD | 708=0 | 707=DRVS-LMT | 708=1000000000000 | 707=DRVS-USD | 708=0 | 707=DRVS-TRD | 708=0 | 10=251 | [0m
[33m[2024-02-01 08:32:16] [0m [32m8=FIXT.1.1 | 9=0052 | 35=0 | 34=58 | 49=IDX | 56=VP | 52=20240201-01:32:17.000061 | 10=200 | [0m
[33m[2024-02-01 08:32:22] [0m [32m8=FIXT.1.1 | 9=0339 | 35=AP | 34=59 | 49=IDX | 56=VP | 52=20240201-01:32:22.855510 | 721=30742 | 710=20180208RPy4sn1ygt7d | 715=20240201 | 453=1 | 448=AD | 447=C | 452=7 | 753=9 | 707=POOL-LMT | 708=1000000000000 | 707=POOL-USD | 708=0 | 707=POOL-TRD | 708=0 | 707=EQTY-LMT | 708=1000000000000 | 707=EQTY-USD | 708=0 | 707=EQTY-TRD | 708=0 | 707=DRVS-LMT | 708=1000000000000 | 707=DRVS-USD | 708=0 | 707=DRVS-TRD | 708=0 | 10=242 | [0m
[33m[2024-02-01 08:32:37] [0m [32m8=FIXT.1.1 | 9=0052 | 35=0 | 34=60 | 49=IDX | 56=VP | 52=20240201-01:32:37.000078 | 10=203 | [0m
[33m[2024-02-01 08:32:42] [0m [32m8=FIXT.1.1 | 9=0339 | 35=AP | 34=61 | 49=IDX | 56=VP | 52=20240201-01:32:42.752420 | 721=30762 | 710=20180208RPy4sn1ygt7d | 715=20240201 | 453=1 | 448=AD | 447=C | 452=7 | 753=9 | 707=POOL-LMT | 708=1000000000000 | 707=POOL-USD | 708=0 | 707=POOL-TRD | 708=0 | 707=EQTY-LMT | 708=1000000000000 | 707=EQTY-USD | 708=0 | 707=EQTY-TRD | 708=0 | 707=DRVS-LMT | 708=1000000000000 | 707=DRVS-USD | 708=0 | 707=DRVS-TRD | 708=0 | 10=235 | [0m
[33m[2024-02-01 08:32:56] [0m [32m8=FIXT.1.1 | 9=0052 | 35=0 | 34=62 | 49=IDX | 56=VP | 52=20240201-01:32:57.000068 | 10=206 | [0m
[33m[2024-02-01 08:33:02] [0m [32m8=FIXT.1.1 | 9=0339 | 35=AP | 34=63 | 49=IDX | 56=VP | 52=20240201-01:33:02.676515 | 721=30782 | 710=20180208RPy4sn1ygt7d | 715=20240201 | 453=1 | 448=AD | 447=C | 452=7 | 753=9 | 707=POOL-LMT | 708=1000000000000 | 707=POOL-USD | 708=0 | 707=POOL-TRD | 708=0 | 707=EQTY-LMT | 708=1000000000000 | 707=EQTY-USD | 708=0 | 707=EQTY-TRD | 708=0 | 707=DRVS-LMT | 708=1000000000000 | 707=DRVS-USD | 708=0 | 707=DRVS-TRD | 708=0 | 10=246 | [0m
[33m[2024-02-01 08:33:16] [0m [32m8=FIXT.1.1 | 9=0052 | 35=0 | 34=64 | 49=IDX | 56=VP | 52=20240201-01:33:17.000085 | 10=204 | [0m
[33m[2024-02-01 08:33:22] [0m [32m8=FIXT.1.1 | 9=0339 | 35=AP | 34=65 | 49=IDX | 56=VP | 52=20240201-01:33:22.707450 | 721=30802 | 710=20180208RPy4sn1ygt7d | 715=20240201 | 453=1 | 448=AD | 447=C | 452=7 | 753=9 | 707=POOL-LMT | 708=1000000000000 | 707=POOL-USD | 708=0 | 707=POOL-TRD | 708=0 | 707=EQTY-LMT | 708=1000000000000 | 707=EQTY-USD | 708=0 | 707=EQTY-TRD | 708=0 | 707=DRVS-LMT | 708=1000000000000 | 707=DRVS-USD | 708=0 | 707=DRVS-TRD | 708=0 | 10=236 | [0m
[33m[2024-02-01 08:33:36] [0m [32m8=FIXT.1.1 | 9=0052 | 35=0 | 34=66 | 49=IDX | 56=VP | 52=20240201-01:33:37.000077 | 10=209 | [0m
[33m[2024-02-01 08:33:42] [0m [32m8=FIXT.1.1 | 9=0339 | 35=AP | 34=67 | 49=IDX | 56=VP | 52=20240201-01:33:42.726759 | 721=30822 | 710=20180208RPy4sn1ygt7d | 715=20240201 | 453=1 | 448=AD | 447=C | 452=7 | 753=9 | 707=POOL-LMT | 708=1000000000000 | 707=POOL-USD | 708=0 | 707=POOL-TRD | 708=0 | 707=EQTY-LMT | 708=1000000000000 | 707=EQTY-USD | 708=0 | 707=EQTY-TRD | 708=0 | 707=DRVS-LMT | 708=1000000000000 | 707=DRVS-USD | 708=0 | 707=DRVS-TRD | 708=0 | 10=255 | [0m
[33m[2024-02-01 08:33:57] [0m [32m8=FIXT.1.1 | 9=0052 | 35=0 | 34=68 | 49=IDX | 56=VP | 52=20240201-01:33:57.000085 | 10=212 | [0m
[33m[2024-02-01 08:34:02] [0m [32m8=FIXT.1.1 | 9=0339 | 35=AP | 34=69 | 49=IDX | 56=VP | 52=20240201-01:34:02.788460 | 721=30842 | 710=20180208RPy4sn1ygt7d | 715=20240201 | 453=1 | 448=AD | 447=C | 452=7 | 753=9 | 707=POOL-LMT | 708=1000000000000 | 707=POOL-USD | 708=0 | 707=POOL-TRD | 708=0 | 707=EQTY-LMT | 708=1000000000000 | 707=EQTY-USD | 708=0 | 707=EQTY-TRD | 708=0 | 707=DRVS-LMT | 708=1000000000000 | 707=DRVS-USD | 708=0 | 707=DRVS-TRD | 708=0 | 10=253 | [0m
[33m[2024-02-01 08:34:16] [0m [32m8=FIXT.1.1 | 9=0052 | 35=0 | 34=70 | 49=IDX | 56=VP | 52=20240201-01:34:17.000063 | 10=198 | [0m
[33m[2024-02-01 08:34:22] [0m [32m8=FIXT.1.1 | 9=0339 | 35=AP | 34=71 | 49=IDX | 56=VP | 52=20240201-01:34:22.787812 | 721=30862 | 710=20180208RPy4sn1ygt7d | 715=20240201 | 453=1 | 448=AD | 447=C | 452=7 | 753=9 | 707=POOL-LMT | 708=1000000000000 | 707=POOL-USD | 708=0 | 707=POOL-TRD | 708=0 | 707=EQTY-LMT | 708=1000000000000 | 707=EQTY-USD | 708=0 | 707=EQTY-TRD | 708=0 | 707=DRVS-LMT | 708=1000000000000 | 707=DRVS-USD | 708=0 | 707=DRVS-TRD | 708=0 | 10=250 | [0m
[33m[2024-02-01 08:34:36] [0m [32m8=FIXT.1.1 | 9=0052 | 35=0 | 34=72 | 49=IDX | 56=VP | 52=20240201-01:34:37.000081 | 10=202 | [0m
[33m[2024-02-01 08:34:42] [0m [32m8=FIXT.1.1 | 9=0339 | 35=AP | 34=73 | 49=IDX | 56=VP | 52=20240201-01:34:42.734187 | 721=30882 | 710=20180208RPy4sn1ygt7d | 715=20240201 | 453=1 | 448=AD | 447=C | 452=7 | 753=9 | 707=POOL-LMT | 708=1000000000000 | 707=POOL-USD | 708=0 | 707=POOL-TRD | 708=0 | 707=EQTY-LMT | 708=1000000000000 | 707=EQTY-USD | 708=0 | 707=EQTY-TRD | 708=0 | 707=DRVS-LMT | 708=1000000000000 | 707=DRVS-USD | 708=0 | 707=DRVS-TRD | 708=0 | 10=253 | [0m
[33m[2024-02-01 08:34:56] [0m [32m8=FIXT.1.1 | 9=0052 | 35=0 | 34=74 | 49=IDX | 56=VP | 52=20240201-01:34:57.000078 | 10=212 | [0m
[33m[2024-02-01 08:35:02] [0m [32m8=FIXT.1.1 | 9=0339 | 35=AP | 34=75 | 49=IDX | 56=VP | 52=20240201-01:35:02.785140 | 721=30902 | 710=20180208RPy4sn1ygt7d | 715=20240201 | 453=1 | 448=AD | 447=C | 452=7 | 753=9 | 707=POOL-LMT | 708=1000000000000 | 707=POOL-USD | 708=0 | 707=POOL-TRD | 708=0 | 707=EQTY-LMT | 708=1000000000000 | 707=EQTY-USD | 708=0 | 707=EQTY-TRD | 708=0 | 707=DRVS-LMT | 708=1000000000000 | 707=DRVS-USD | 708=0 | 707=DRVS-TRD | 708=0 | 10=240 | [0m
[33m[2024-02-01 08:35:16] [0m [32m8=FIXT.1.1 | 9=0052 | 35=0 | 34=76 | 49=IDX | 56=VP | 52=20240201-01:35:17.000078 | 10=211 | [0m
[33m[2024-02-01 08:35:22] [0m [32m8=FIXT.1.1 | 9=0339 | 35=AP | 34=77 | 49=IDX | 56=VP | 52=20240201-01:35:22.801540 | 721=30922 | 710=20180208RPy4sn1ygt7d | 715=20240201 | 453=1 | 448=AD | 447=C | 452=7 | 753=9 | 707=POOL-LMT | 708=1000000000000 | 707=POOL-USD | 708=0 | 707=POOL-TRD | 708=0 | 707=EQTY-LMT | 708=1000000000000 | 707=EQTY-USD | 708=0 | 707=EQTY-TRD | 708=0 | 707=DRVS-LMT | 708=1000000000000 | 707=DRVS-USD | 708=0 | 707=DRVS-TRD | 708=0 | 10=239 | [0m
[33m[2024-02-01 08:35:37] [0m [32m8=FIXT.1.1 | 9=0052 | 35=0 | 34=78 | 49=IDX | 56=VP | 52=20240201-01:35:37.000083 | 10=211 | [0m
[33m[2024-02-01 08:35:42] [0m [32m8=FIXT.1.1 | 9=0339 | 35=AP | 34=79 | 49=IDX | 56=VP | 52=20240201-01:35:42.805660 | 721=30942 | 710=20180208RPy4sn1ygt7d | 715=20240201 | 453=1 | 448=AD | 447=C | 452=7 | 753=9 | 707=POOL-LMT | 708=1000000000000 | 707=POOL-USD | 708=0 | 707=POOL-TRD | 708=0 | 707=EQTY-LMT | 708=1000000000000 | 707=EQTY-USD | 708=0 | 707=EQTY-TRD | 708=0 | 707=DRVS-LMT | 708=1000000000000 | 707=DRVS-USD | 708=0 | 707=DRVS-TRD | 708=0 | 10=252 | [0m
[33m[2024-02-01 08:35:56] [0m [32m8=FIXT.1.1 | 9=0052 | 35=0 | 34=80 | 49=IDX | 56=VP | 52=20240201-01:35:57.000079 | 10=211 | [0m
[33m[2024-02-01 08:36:02] [0m [32m8=FIXT.1.1 | 9=0339 | 35=AP | 34=81 | 49=IDX | 56=VP | 52=20240201-01:36:02.751540 | 721=30962 | 710=20180208RPy4sn1ygt7d | 715=20240201 | 453=1 | 448=AD | 447=C | 452=7 | 753=9 | 707=POOL-LMT | 708=1000000000000 | 707=POOL-USD | 708=0 | 707=POOL-TRD | 708=0 | 707=EQTY-LMT | 708=1000000000000 | 707=EQTY-USD | 708=0 | 707=EQTY-TRD | 708=0 | 707=DRVS-LMT | 708=1000000000000 | 707=DRVS-USD | 708=0 | 707=DRVS-TRD | 708=0 | 10=241 | [0m
[33m[2024-02-01 08:36:16] [0m [32m8=FIXT.1.1 | 9=0052 | 35=0 | 34=82 | 49=IDX | 56=VP | 52=20240201-01:36:17.000073 | 10=204 | [0m
[33m[2024-02-01 08:36:22] [0m [32m8=FIXT.1.1 | 9=0339 | 35=AP | 34=83 | 49=IDX | 56=VP | 52=20240201-01:36:22.771887 | 721=30982 | 710=20180208RPy4sn1ygt7d | 715=20240201 | 453=1 | 448=AD | 447=C | 452=7 | 753=9 | 707=POOL-LMT | 708=1000000000000 | 707=POOL-USD | 708=0 | 707=POOL-TRD | 708=0 | 707=EQTY-LMT | 708=1000000000000 | 707=EQTY-USD | 708=0 | 707=EQTY-TRD | 708=0 | 707=DRVS-LMT | 708=1000000000000 | 707=DRVS-USD | 708=0 | 707=DRVS-TRD | 708=0 | 10=007 | [0m
[33m[2024-02-01 08:36:36] [0m [32m8=FIXT.1.1 | 9=0052 | 35=0 | 34=84 | 49=IDX | 56=VP | 52=20240201-01:36:37.000078 | 10=213 | [0m
[33m[2024-02-01 08:36:42] [0m [32m8=FIXT.1.1 | 9=0339 | 35=AP | 34=85 | 49=IDX | 56=VP | 52=20240201-01:36:42.813672 | 721=31002 | 710=20180208RPy4sn1ygt7d | 715=20240201 | 453=1 | 448=AD | 447=C | 452=7 | 753=9 | 707=POOL-LMT | 708=1000000000000 | 707=POOL-USD | 708=0 | 707=POOL-TRD | 708=0 | 707=EQTY-LMT | 708=1000000000000 | 707=EQTY-USD | 708=0 | 707=EQTY-TRD | 708=0 | 707=DRVS-LMT | 708=1000000000000 | 707=DRVS-USD | 708=0 | 707=DRVS-TRD | 708=0 | 10=240 | [0m
[33m[2024-02-01 08:36:56] [0m [32m8=FIXT.1.1 | 9=0052 | 35=0 | 34=86 | 49=IDX | 56=VP | 52=20240201-01:36:57.000081 | 10=211 | [0m
[33m[2024-02-01 08:37:02] [0m [32m8=FIXT.1.1 | 9=0339 | 35=AP | 34=87 | 49=IDX | 56=VP | 52=20240201-01:37:02.838857 | 721=31022 | 710=20180208RPy4sn1ygt7d | 715=20240201 | 453=1 | 448=AD | 447=C | 452=7 | 753=9 | 707=POOL-LMT | 708=1000000000000 | 707=POOL-USD | 708=0 | 707=POOL-TRD | 708=0 | 707=EQTY-LMT | 708=1000000000000 | 707=EQTY-USD | 708=0 | 707=EQTY-TRD | 708=0 | 707=DRVS-LMT | 708=1000000000000 | 707=DRVS-USD | 708=0 | 707=DRVS-TRD | 708=0 | 10=253 | [0m
[33m[2024-02-01 08:37:16] [0m [32m8=FIXT.1.1 | 9=0052 | 35=0 | 34=88 | 49=IDX | 56=VP | 52=20240201-01:37:17.000065 | 10=212 | [0m
[33m[2024-02-01 08:37:22] [0m [32m8=FIXT.1.1 | 9=0339 | 35=AP | 34=89 | 49=IDX | 56=VP | 52=20240201-01:37:22.767133 | 721=31042 | 710=20180208RPy4sn1ygt7d | 715=20240201 | 453=1 | 448=AD | 447=C | 452=7 | 753=9 | 707=POOL-LMT | 708=1000000000000 | 707=POOL-USD | 708=0 | 707=POOL-TRD | 708=0 | 707=EQTY-LMT | 708=1000000000000 | 707=EQTY-USD | 708=0 | 707=EQTY-TRD | 708=0 | 707=DRVS-LMT | 708=1000000000000 | 707=DRVS-USD | 708=0 | 707=DRVS-TRD | 708=0 | 10=247 | [0m
[33m[2024-02-01 08:37:36] [0m [32m8=FIXT.1.1 | 9=0052 | 35=0 | 34=90 | 49=IDX | 56=VP | 52=20240201-01:37:37.000062 | 10=204 | [0m
[33m[2024-02-01 08:39:47] [0m [31m   error read on read_complete(): End of file[0m
[33m[2024-02-01 08:41:47] [0m [31m   error read on read_complete(): End of file[0m
[33m[2024-02-01 08:47:11] [0m [32m8=FIXT.1.1 | 9=0071 | 35=A | 34=91 | 49=IDX | 56=VP | 52=20240201-01:47:11.474779 | 98=0 | 108=15 | 1137=8 | 10=084 | [0m
[33m[2024-02-01 08:47:25] [0m [32m8=FIXT.1.1 | 9=0052 | 35=0 | 34=92 | 49=IDX | 56=VP | 52=20240201-01:47:26.000062 | 10=205 | [0m
[33m[2024-02-01 08:47:30] [0m [32m8=FIXT.1.1 | 9=0339 | 35=AP | 34=93 | 49=IDX | 56=VP | 52=20240201-01:47:30.711355 | 721=31650 | 710=20180208RPy4sn1ygt7d | 715=20240201 | 453=1 | 448=AD | 447=C | 452=7 | 753=9 | 707=POOL-LMT | 708=1000000000000 | 707=POOL-USD | 708=0 | 707=POOL-TRD | 708=0 | 707=EQTY-LMT | 708=1000000000000 | 707=EQTY-USD | 708=0 | 707=EQTY-TRD | 708=0 | 707=DRVS-LMT | 708=1000000000000 | 707=DRVS-USD | 708=0 | 707=DRVS-TRD | 708=0 | 10=242 | [0m
[33m[2024-02-01 08:47:44] [0m [32m8=FIXT.1.1 | 9=0052 | 35=0 | 34=94 | 49=IDX | 56=VP | 52=20240201-01:47:45.000065 | 10=211 | [0m
[33m[2024-02-01 08:47:50] [0m [32m8=FIXT.1.1 | 9=0339 | 35=AP | 34=95 | 49=IDX | 56=VP | 52=20240201-01:47:50.647565 | 721=31670 | 710=20180208RPy4sn1ygt7d | 715=20240201 | 453=1 | 448=AD | 447=C | 452=7 | 753=9 | 707=POOL-LMT | 708=1000000000000 | 707=POOL-USD | 708=0 | 707=POOL-TRD | 708=0 | 707=EQTY-LMT | 708=1000000000000 | 707=EQTY-USD | 708=0 | 707=EQTY-TRD | 708=0 | 707=DRVS-LMT | 708=1000000000000 | 707=DRVS-USD | 708=0 | 707=DRVS-TRD | 708=0 | 10=003 | [0m
[33m[2024-02-01 08:48:04] [0m [32m8=FIXT.1.1 | 9=0052 | 35=0 | 34=96 | 49=IDX | 56=VP | 52=20240201-01:48:05.000079 | 10=215 | [0m
[33m[2024-02-01 08:49:58] [0m [32m8=FIXT.1.1 | 9=0071 | 35=A | 34=97 | 49=IDX | 56=VP | 52=20240201-01:49:58.466312 | 98=0 | 108=15 | 1137=8 | 10=087 | [0m
[33m[2024-02-01 08:50:12] [0m [32m8=FIXT.1.1 | 9=0052 | 35=0 | 34=98 | 49=IDX | 56=VP | 52=20240201-01:50:13.000076 | 10=206 | [0m
[33m[2024-02-01 08:50:16] [0m [32m8=FIXT.1.1 | 9=0339 | 35=AP | 34=99 | 49=IDX | 56=VP | 52=20240201-01:50:16.401563 | 721=31816 | 710=20180208RPy4sn1ygt7d | 715=20240201 | 453=1 | 448=AD | 447=C | 452=7 | 753=9 | 707=POOL-LMT | 708=1000000000000 | 707=POOL-USD | 708=0 | 707=POOL-TRD | 708=0 | 707=EQTY-LMT | 708=1000000000000 | 707=EQTY-USD | 708=0 | 707=EQTY-TRD | 708=0 | 707=DRVS-LMT | 708=1000000000000 | 707=DRVS-USD | 708=0 | 707=DRVS-TRD | 708=0 | 10=247 | [0m
[33m[2024-02-01 08:50:31] [0m [32m8=FIXT.1.1 | 9=0053 | 35=0 | 34=100 | 49=IDX | 56=VP | 52=20240201-01:50:31.000086 | 10=240 | [0m
[33m[2024-02-01 08:50:36] [0m [32m8=FIXT.1.1 | 9=0340 | 35=AP | 34=101 | 49=IDX | 56=VP | 52=20240201-01:50:36.437615 | 721=31836 | 710=20180208RPy4sn1ygt7d | 715=20240201 | 453=1 | 448=AD | 447=C | 452=7 | 753=9 | 707=POOL-LMT | 708=1000000000000 | 707=POOL-USD | 708=0 | 707=POOL-TRD | 708=0 | 707=EQTY-LMT | 708=1000000000000 | 707=EQTY-USD | 708=0 | 707=EQTY-TRD | 708=0 | 707=DRVS-LMT | 708=1000000000000 | 707=DRVS-USD | 708=0 | 707=DRVS-TRD | 708=0 | 10=026 | [0m
[33m[2024-02-01 08:50:51] [0m [32m8=FIXT.1.1 | 9=0053 | 35=0 | 34=102 | 49=IDX | 56=VP | 52=20240201-01:50:51.000077 | 10=244 | [0m
[33m[2024-02-01 08:50:56] [0m [32m8=FIXT.1.1 | 9=0340 | 35=AP | 34=103 | 49=IDX | 56=VP | 52=20240201-01:50:56.469670 | 721=31856 | 710=20180208RPy4sn1ygt7d | 715=20240201 | 453=1 | 448=AD | 447=C | 452=7 | 753=9 | 707=POOL-LMT | 708=1000000000000 | 707=POOL-USD | 708=0 | 707=POOL-TRD | 708=0 | 707=EQTY-LMT | 708=1000000000000 | 707=EQTY-USD | 708=0 | 707=EQTY-TRD | 708=0 | 707=DRVS-LMT | 708=1000000000000 | 707=DRVS-USD | 708=0 | 707=DRVS-TRD | 708=0 | 10=038 | [0m
[33m[2024-02-01 08:51:10] [0m [32m8=FIXT.1.1 | 9=0053 | 35=0 | 34=104 | 49=IDX | 56=VP | 52=20240201-01:51:11.000074 | 10=240 | [0m
[33m[2024-02-01 08:51:16] [0m [32m8=FIXT.1.1 | 9=0340 | 35=AP | 34=105 | 49=IDX | 56=VP | 52=20240201-01:51:16.401172 | 721=31876 | 710=20180208RPy4sn1ygt7d | 715=20240201 | 453=1 | 448=AD | 447=C | 452=7 | 753=9 | 707=POOL-LMT | 708=1000000000000 | 707=POOL-USD | 708=0 | 707=POOL-TRD | 708=0 | 707=EQTY-LMT | 708=1000000000000 | 707=EQTY-USD | 708=0 | 707=EQTY-TRD | 708=0 | 707=DRVS-LMT | 708=1000000000000 | 707=DRVS-USD | 708=0 | 707=DRVS-TRD | 708=0 | 10=022 | [0m
[33m[2024-02-01 08:51:53] [0m [32m8=FIXT.1.1 | 9=0072 | 35=A | 34=106 | 49=IDX | 56=VP | 52=20240201-01:51:54.078187 | 98=0 | 108=15 | 1137=8 | 10=125 | [0m
[33m[2024-02-01 08:52:06] [0m [32m8=FIXT.1.1 | 9=0340 | 35=AP | 34=107 | 49=IDX | 56=VP | 52=20240201-01:52:06.735984 | 721=31926 | 710=20180208RPy4sn1ygt7d | 715=20240201 | 453=1 | 448=AD | 447=C | 452=7 | 753=9 | 707=POOL-LMT | 708=1000000000000 | 707=POOL-USD | 708=0 | 707=POOL-TRD | 708=0 | 707=EQTY-LMT | 708=1000000000000 | 707=EQTY-USD | 708=0 | 707=EQTY-TRD | 708=0 | 707=DRVS-LMT | 708=1000000000000 | 707=DRVS-USD | 708=0 | 707=DRVS-TRD | 708=0 | 10=041 | [0m
[33m[2024-02-01 08:52:20] [0m [32m8=FIXT.1.1 | 9=0053 | 35=0 | 34=108 | 49=IDX | 56=VP | 52=20240201-01:52:21.000085 | 10=248 | [0m
[33m[2024-02-01 08:52:26] [0m [32m8=FIXT.1.1 | 9=0340 | 35=AP | 34=109 | 49=IDX | 56=VP | 52=20240201-01:52:26.551322 | 721=31946 | 710=20180208RPy4sn1ygt7d | 715=20240201 | 453=1 | 448=AD | 447=C | 452=7 | 753=9 | 707=POOL-LMT | 708=1000000000000 | 707=POOL-USD | 708=0 | 707=POOL-TRD | 708=0 | 707=EQTY-LMT | 708=1000000000000 | 707=EQTY-USD | 708=0 | 707=EQTY-TRD | 708=0 | 707=DRVS-LMT | 708=1000000000000 | 707=DRVS-USD | 708=0 | 707=DRVS-TRD | 708=0 | 10=029 | [0m
[33m[2024-02-01 08:52:40] [0m [32m8=FIXT.1.1 | 9=0053 | 35=0 | 34=110 | 49=IDX | 56=VP | 52=20240201-01:52:41.000053 | 10=238 | [0m
[33m[2024-02-01 08:52:42] [0m [32m8=FIXT.1.1 | 9=0116 | 35=5 | 34=111 | 49=IDX | 56=VP | 52=20240201-01:52:42.380324 | 58=(1479): MsgSeqNum(34) too low, expecting 61 but received 60 | 10=058 | [0m
[33m[2024-02-01 08:52:42] [0m [31m   error read on read_complete(): End of file[0m
[33m[2024-02-01 08:52:42] [0m [32m8=FIXT.1.1 | 9=0072 | 35=A | 34=112 | 49=IDX | 56=VP | 52=20240201-01:52:42.584852 | 98=0 | 108=15 | 1137=8 | 10=121 | [0m
[33m[2024-02-01 08:52:42] [0m [32m8=FIXT.1.1 | 9=0053 | 35=5 | 34=113 | 49=IDX | 56=VP | 52=20240201-01:52:42.604609 | 10=008 | [0m
[33m[2024-02-01 08:52:42] [0m [31m   error read on read_complete(): End of file[0m
[33m[2024-02-01 08:52:43] [0m [31m   error read on read_complete(): End of file[0m
[33m[2024-02-01 08:52:46] [0m [31m   error read on read_complete(): End of file[0m
[33m[2024-02-01 08:53:05] [0m [32m8=FIXT.1.1 | 9=0072 | 35=A | 34=114 | 49=IDX | 56=VP | 52=20240201-01:53:05.131800 | 98=0 | 108=15 | 1137=8 | 10=104 | 8=FIXT.1.1 | 9=0063 | 35=2 | 34=115 | 49=IDX | 56=VP | 52=20240201-01:53:05.131800 | 7=63 | 16=0 | 10=175 | [0m
[33m[2024-02-01 08:53:06] [0m [32m8=FIXT.1.1 | 9=0340 | 35=AP | 34=116 | 49=IDX | 56=VP | 52=20240201-01:53:06.539661 | 721=31986 | 710=20180208RPy4sn1ygt7d | 715=20240201 | 453=1 | 448=AD | 447=C | 452=7 | 753=9 | 707=POOL-LMT | 708=1000000000000 | 707=POOL-USD | 708=0 | 707=POOL-TRD | 708=0 | 707=EQTY-LMT | 708=1000000000000 | 707=EQTY-USD | 708=0 | 707=EQTY-TRD | 708=0 | 707=DRVS-LMT | 708=1000000000000 | 707=DRVS-USD | 708=0 | 707=DRVS-TRD | 708=0 | 10=042 | [0m
[33m[2024-02-01 08:53:20] [0m [32m8=FIXT.1.1 | 9=0072 | 35=A | 34=117 | 49=IDX | 56=VP | 52=20240201-01:53:20.764806 | 98=0 | 108=15 | 1137=8 | 10=122 | [0m
[33m[2024-02-01 08:53:29] [0m [32m8=FIXT.1.1 | 9=0116 | 35=5 | 34=118 | 49=IDX | 56=VP | 52=20240201-01:53:29.374120 | 58=(1479): MsgSeqNum(34) too low, expecting 72 but received 71 | 10=072 | [0m
[33m[2024-02-01 08:53:29] [0m [31m   error read on read_complete(): End of file[0m
[33m[2024-02-01 08:53:29] [0m [32m8=FIXT.1.1 | 9=0072 | 35=A | 34=119 | 49=IDX | 56=VP | 52=20240201-01:53:29.975876 | 98=0 | 108=15 | 1137=8 | 10=144 | [0m
[33m[2024-02-01 08:53:29] [0m [32m8=FIXT.1.1 | 9=0053 | 35=5 | 34=120 | 49=IDX | 56=VP | 52=20240201-01:53:29.983785 | 10=027 | [0m
[33m[2024-02-01 08:53:29] [0m [31m   error read on read_complete(): End of file[0m
[33m[2024-02-01 08:53:30] [0m [31m   error read on read_complete(): End of file[0m
[33m[2024-02-01 08:53:38] [0m [31m   error read on read_complete(): End of file[0m
[33m[2024-02-01 08:53:58] [0m [31m   error read on read_complete(): End of file[0m
[33m[2024-02-01 08:54:18] [0m [31m   error read on read_complete(): End of file[0m
[33m[2024-02-01 08:55:57] [0m [32m8=FIXT.1.1 | 9=0072 | 35=A | 34=121 | 49=IDX | 56=VP | 52=20240201-01:55:57.159839 | 98=0 | 108=15 | 1137=8 | 10=133 | 8=FIXT.1.1 | 9=0063 | 35=2 | 34=122 | 49=IDX | 56=VP | 52=20240201-01:55:57.159839 | 7=74 | 16=0 | 10=206 | [0m
[33m[2024-02-01 08:56:11] [0m [32m8=FIXT.1.1 | 9=0340 | 35=AP | 34=123 | 49=IDX | 56=VP | 52=20240201-01:56:11.690697 | 721=32171 | 710=20180208RPy4sn1ygt7d | 715=20240201 | 453=1 | 448=AD | 447=C | 452=7 | 753=9 | 707=POOL-LMT | 708=1000000000000 | 707=POOL-USD | 708=0 | 707=POOL-TRD | 708=0 | 707=EQTY-LMT | 708=1000000000000 | 707=EQTY-USD | 708=0 | 707=EQTY-TRD | 708=0 | 707=DRVS-LMT | 708=1000000000000 | 707=DRVS-USD | 708=0 | 707=DRVS-TRD | 708=0 | 10=033 | [0m
[33m[2024-02-01 08:56:15] [0m [32m8=FIXT.1.1 | 9=0288 | 35=8 | 34=124 | 49=IDX | 56=VP | 57=vpft1001 | 52=20240201-01:56:15.795230 | 11=2024020108:56:15 | 17=3 | 37=0 | 198=0 | 150=8 | 453=1 | 448=1000 | 447=C | 452=5 | 55=BBRI | 762=RG | 581=1 | 14=0 | 38=100 | 39=8 | 40=1 | 44=5500 | 54=1 | 59=0 | 60=20240201-01:56:15.795230 | 103=99 | 151=0 | 58=(718): Only immediate Market orders are allowed. | 10=208 | [0m
[33m[2024-02-01 08:56:29] [0m [32m8=FIXT.1.1 | 9=0053 | 35=0 | 34=125 | 49=IDX | 56=VP | 52=20240201-01:56:30.000073 | 10=248 | [0m
[33m[2024-02-01 08:56:31] [0m [32m8=FIXT.1.1 | 9=0340 | 35=AP | 34=126 | 49=IDX | 56=VP | 52=20240201-01:56:31.736135 | 721=32191 | 710=20180208RPy4sn1ygt7d | 715=20240201 | 453=1 | 448=AD | 447=C | 452=7 | 753=9 | 707=POOL-LMT | 708=1000000000000 | 707=POOL-USD | 708=0 | 707=POOL-TRD | 708=0 | 707=EQTY-LMT | 708=1000000000000 | 707=EQTY-USD | 708=0 | 707=EQTY-TRD | 708=0 | 707=DRVS-LMT | 708=1000000000000 | 707=DRVS-USD | 708=0 | 707=DRVS-TRD | 708=0 | 10=028 | [0m
[33m[2024-02-01 08:56:45] [0m [32m8=FIXT.1.1 | 9=0288 | 35=8 | 34=127 | 49=IDX | 56=VP | 57=vpft1001 | 52=20240201-01:56:45.363943 | 11=2024020108:56:45 | 17=4 | 37=0 | 198=0 | 150=8 | 453=1 | 448=1000 | 447=C | 452=5 | 55=BBRI | 762=RG | 581=1 | 14=0 | 38=100 | 39=8 | 40=1 | 44=5500 | 54=1 | 59=0 | 60=20240201-01:56:45.363943 | 103=99 | 151=0 | 58=(718): Only immediate Market orders are allowed. | 10=225 | [0m
[33m[2024-02-01 08:56:51] [0m [32m8=FIXT.1.1 | 9=0340 | 35=AP | 34=128 | 49=IDX | 56=VP | 52=20240201-01:56:51.778650 | 721=32211 | 710=20180208RPy4sn1ygt7d | 715=20240201 | 453=1 | 448=AD | 447=C | 452=7 | 753=9 | 707=POOL-LMT | 708=1000000000000 | 707=POOL-USD | 708=0 | 707=POOL-TRD | 708=0 | 707=EQTY-LMT | 708=1000000000000 | 707=EQTY-USD | 708=0 | 707=EQTY-TRD | 708=0 | 707=DRVS-LMT | 708=1000000000000 | 707=DRVS-USD | 708=0 | 707=DRVS-TRD | 708=0 | 10=033 | [0m
[33m[2024-02-01 08:57:05] [0m [32m8=FIXT.1.1 | 9=0053 | 35=0 | 34=129 | 49=IDX | 56=VP | 52=20240201-01:57:06.000064 | 10=000 | [0m
[33m[2024-02-01 08:57:11] [0m [32m8=FIXT.1.1 | 9=0340 | 35=AP | 34=130 | 49=IDX | 56=VP | 52=20240201-01:57:11.720542 | 721=32231 | 710=20180208RPy4sn1ygt7d | 715=20240201 | 453=1 | 448=AD | 447=C | 452=7 | 753=9 | 707=POOL-LMT | 708=1000000000000 | 707=POOL-USD | 708=0 | 707=POOL-TRD | 708=0 | 707=EQTY-LMT | 708=1000000000000 | 707=EQTY-USD | 708=0 | 707=EQTY-TRD | 708=0 | 707=DRVS-LMT | 708=1000000000000 | 707=DRVS-USD | 708=0 | 707=DRVS-TRD | 708=0 | 10=012 | [0m
[33m[2024-02-01 08:57:25] [0m [32m8=FIXT.1.1 | 9=0053 | 35=0 | 34=131 | 49=IDX | 56=VP | 52=20240201-01:57:26.000057 | 10=253 | [0m
[33m[2024-02-01 08:57:32] [0m [32m8=FIXT.1.1 | 9=0340 | 35=AP | 34=132 | 49=IDX | 56=VP | 52=20240201-01:57:32.322550 | 721=32252 | 710=20180208RPy4sn1ygt7d | 715=20240201 | 453=1 | 448=AD | 447=C | 452=7 | 753=9 | 707=POOL-LMT | 708=1000000000000 | 707=POOL-USD | 708=0 | 707=POOL-TRD | 708=0 | 707=EQTY-LMT | 708=1000000000000 | 707=EQTY-USD | 708=0 | 707=EQTY-TRD | 708=0 | 707=DRVS-LMT | 708=1000000000000 | 707=DRVS-USD | 708=0 | 707=DRVS-TRD | 708=0 | 10=017 | [0m
[33m[2024-02-01 08:57:47] [0m [32m8=FIXT.1.1 | 9=0053 | 35=0 | 34=133 | 49=IDX | 56=VP | 52=20240201-01:57:47.000056 | 10=001 | [0m
[33m[2024-02-01 08:57:51] [0m [32m8=FIXT.1.1 | 9=0340 | 35=AP | 34=134 | 49=IDX | 56=VP | 52=20240201-01:57:51.834968 | 721=32271 | 710=20180208RPy4sn1ygt7d | 715=20240201 | 453=1 | 448=AD | 447=C | 452=7 | 753=9 | 707=POOL-LMT | 708=1000000000000 | 707=POOL-USD | 708=0 | 707=POOL-TRD | 708=0 | 707=EQTY-LMT | 708=1000000000000 | 707=EQTY-USD | 708=0 | 707=EQTY-TRD | 708=0 | 707=DRVS-LMT | 708=1000000000000 | 707=DRVS-USD | 708=0 | 707=DRVS-TRD | 708=0 | 10=042 | [0m
[33m[2024-02-01 08:58:32] [0m [32m8=FIXT.1.1 | 9=0072 | 35=A | 34=135 | 49=IDX | 56=VP | 52=20240201-01:58:32.994404 | 98=0 | 108=15 | 1137=8 | 10=129 | [0m
[33m[2024-02-01 08:58:47] [0m [32m8=FIXT.1.1 | 9=0053 | 35=0 | 34=136 | 49=IDX | 56=VP | 52=20240201-01:58:47.000068 | 10=008 | [0m
[33m[2024-02-01 08:58:50] [0m [32m8=FIXT.1.1 | 9=0340 | 35=AP | 34=137 | 49=IDX | 56=VP | 52=20240201-01:58:50.479341 | 721=32330 | 710=20180208RPy4sn1ygt7d | 715=20240201 | 453=1 | 448=AD | 447=C | 452=7 | 753=9 | 707=POOL-LMT | 708=1000000000000 | 707=POOL-USD | 708=0 | 707=POOL-TRD | 708=0 | 707=EQTY-LMT | 708=1000000000000 | 707=EQTY-USD | 708=0 | 707=EQTY-TRD | 708=0 | 707=DRVS-LMT | 708=1000000000000 | 707=DRVS-USD | 708=0 | 707=DRVS-TRD | 708=0 | 10=031 | [0m
[33m[2024-02-01 08:59:03] [0m [32m8=FIXT.1.1 | 9=0340 | 35=AP | 34=138 | 49=IDX | 56=VP | 52=20240201-01:59:03.763297 | 721=32343 | 710=20180208RPy4sn1ygt7d | 715=20240201 | 453=1 | 448=AD | 447=C | 452=7 | 753=9 | 707=POOL-LMT | 708=1000000000000 | 707=POOL-USD | 708=0 | 707=POOL-TRD | 708=0 | 707=EQTY-LMT | 708=1000000000000 | 707=EQTY-USD | 708=0 | 707=EQTY-TRD | 708=0 | 707=DRVS-LMT | 708=1000000000000 | 707=DRVS-USD | 708=0 | 707=DRVS-TRD | 708=0 | 10=041 | [0m
[33m[2024-02-01 08:59:17] [0m [32m8=FIXT.1.1 | 9=0053 | 35=0 | 34=139 | 49=IDX | 56=VP | 52=20240201-01:59:18.000066 | 10=008 | [0m
[33m[2024-02-01 08:59:22] [0m [32m8=FIXT.1.1 | 9=0340 | 35=AP | 34=140 | 49=IDX | 56=VP | 52=20240201-01:59:22.326274 | 721=32362 | 710=20180208RPy4sn1ygt7d | 715=20240201 | 453=1 | 448=AD | 447=C | 452=7 | 753=9 | 707=POOL-LMT | 708=1000000000000 | 707=POOL-USD | 708=0 | 707=POOL-TRD | 708=0 | 707=EQTY-LMT | 708=1000000000000 | 707=EQTY-USD | 708=0 | 707=EQTY-TRD | 708=0 | 707=DRVS-LMT | 708=1000000000000 | 707=DRVS-USD | 708=0 | 707=DRVS-TRD | 708=0 | 10=026 | [0m
[33m[2024-02-01 08:59:46] [0m [32m8=FIXT.1.1 | 9=0053 | 35=0 | 34=141 | 49=IDX | 56=VP | 52=20240201-01:59:37.000069 | 10=005 | [0m
[33m[2024-02-01 08:59:53] [0m [32m8=FIXT.1.1 | 9=0074 | 35=1 | 34=142 | 49=IDX | 56=VP | 52=20240201-01:59:44.000078 | 112=c1yi0NobSLN8GU31 | 10=196 | 8=FIXT.1.1 | 9=0340 | 35=AP | 34=143 | 49=IDX | 56=VP | 52=20240201-01:59:44.502420 | 721=32384 | 710=20180208RPy4sn1ygt7d | 715=20240201 | 453=1 | 448=AD | 447=C | 452=7 | 753=9 | 707=POOL-LMT | 708=1000000000000 | 707=POOL-USD | 708=0 | 707=POOL-TRD | 708=0 | 707=EQTY-LMT | 708=1000000000000 | 707=EQTY-USD | 708=0 | 707=EQTY-TRD | 708=0 | 707=DRVS-LMT | 708=1000000000000 | 707=DRVS-USD | 708=0 | 707=DRVS-TRD | 708=0 | 10=026 | [0m
[33m[2024-02-01 09:00:07] [0m [32m8=FIXT.1.1 | 9=0084 | 35=5 | 34=144 | 49=IDX | 56=VP | 52=20240201-01:59:59.000073 | 58=No response to test request | 10=019 | [0m
[33m[2024-02-01 09:00:07] [0m [31m   error read on read_complete(): End of file[0m
